<?xml version="1.0" encoding="UTF-8"?>
<coverage generated="1571257381806" clover="3.2.0">
  <project timestamp="1571257381806" name="All files">
    <metrics statements="9334" coveredstatements="8051" conditionals="4965" coveredconditionals="3783" methods="2703" coveredmethods="2112" elements="17002" coveredelements="13946" complexity="0" loc="9334" ncloc="9334" packages="149" files="695" classes="695"/>
    <package name="data">
      <metrics statements="1" coveredstatements="1" conditionals="0" coveredconditionals="0" methods="0" coveredmethods="0"/>
      <file name="schema.graphql" path="/Users/eveessex/dev/reaction/data/schema.graphql">
        <metrics statements="1" coveredstatements="1" conditionals="0" coveredconditionals="0" methods="0" coveredmethods="0"/>
        <line num="1" count="65" type="stmt"/>
      </file>
    </package>
    <package name="src.Apps.Artist.Components">
      <metrics statements="77" coveredstatements="53" conditionals="62" coveredconditionals="36" methods="33" coveredmethods="16"/>
      <file name="ArtistHeader.tsx" path="/Users/eveessex/dev/reaction/src/Apps/Artist/Components/ArtistHeader.tsx">
        <metrics statements="28" coveredstatements="20" conditionals="16" coveredconditionals="16" methods="16" coveredmethods="6"/>
        <line num="19" count="1" type="stmt"/>
        <line num="34" count="1" type="stmt"/>
        <line num="44" count="1" type="stmt"/>
        <line num="48" count="0" type="stmt"/>
        <line num="58" count="2" type="stmt"/>
        <line num="59" count="2" type="stmt"/>
        <line num="62" count="2" type="stmt"/>
        <line num="81" count="0" type="stmt"/>
        <line num="95" count="2" type="stmt"/>
        <line num="99" count="2" type="stmt"/>
        <line num="101" count="2" type="cond" truecount="2" falsecount="0"/>
        <line num="102" count="2" type="stmt"/>
        <line num="104" count="2" type="stmt"/>
        <line num="111" count="8" type="stmt"/>
        <line num="112" count="0" type="stmt"/>
        <line num="154" count="0" type="stmt"/>
        <line num="167" count="0" type="stmt"/>
        <line num="181" count="2" type="stmt"/>
        <line num="185" count="2" type="stmt"/>
        <line num="187" count="2" type="cond" truecount="2" falsecount="0"/>
        <line num="188" count="2" type="stmt"/>
        <line num="190" count="2" type="stmt"/>
        <line num="198" count="8" type="stmt"/>
        <line num="199" count="0" type="stmt"/>
        <line num="242" count="0" type="stmt"/>
        <line num="252" count="1" type="stmt"/>
        <line num="253" count="0" type="stmt"/>
        <line num="260" count="1" type="stmt"/>
      </file>
      <file name="ArtistMeta.tsx" path="/Users/eveessex/dev/reaction/src/Apps/Artist/Components/ArtistMeta.tsx">
        <metrics statements="39" coveredstatements="26" conditionals="36" coveredconditionals="13" methods="10" coveredmethods="6"/>
        <line num="15" count="1" type="stmt"/>
        <line num="16" count="4" type="cond" truecount="1" falsecount="1"/>
        <line num="17" count="4" type="stmt"/>
        <line num="18" count="4" type="stmt"/>
        <line num="20" count="4" type="stmt"/>
        <line num="37" count="1" type="stmt"/>
        <line num="38" count="8" type="cond" truecount="1" falsecount="1"/>
        <line num="39" count="0" type="stmt"/>
        <line num="42" count="8" type="cond" truecount="2" falsecount="0"/>
        <line num="43" count="8" type="cond" truecount="2" falsecount="0"/>
        <line num="45" count="8" type="stmt"/>
        <line num="54" count="1" type="stmt"/>
        <line num="55" count="3" type="stmt"/>
        <line num="58" count="3" type="cond" truecount="2" falsecount="0"/>
        <line num="60" count="3" type="stmt"/>
        <line num="61" count="3" type="stmt"/>
        <line num="63" count="3" type="cond" truecount="1" falsecount="1"/>
        <line num="65" count="3" type="stmt"/>
        <line num="73" count="3" type="stmt"/>
        <line num="76" count="1" type="stmt"/>
        <line num="80" count="4" type="stmt"/>
        <line num="82" count="4" type="stmt"/>
        <line num="96" count="1" type="stmt"/>
        <line num="97" count="2" type="stmt"/>
        <line num="98" count="2" type="stmt"/>
        <line num="114" count="2" type="stmt"/>
        <line num="119" count="0" type="stmt"/>
        <line num="120" count="0" type="cond" truecount="0" falsecount="2"/>
        <line num="121" count="0" type="cond" truecount="0" falsecount="4"/>
        <line num="122" count="0" type="stmt"/>
        <line num="130" count="0" type="stmt"/>
        <line num="139" count="0" type="stmt"/>
        <line num="140" count="0" type="cond" truecount="0" falsecount="4"/>
        <line num="141" count="0" type="stmt"/>
        <line num="150" count="0" type="stmt"/>
        <line num="152" count="0" type="stmt"/>
        <line num="156" count="0" type="stmt"/>
        <line num="157" count="0" type="stmt"/>
        <line num="194" count="1" type="stmt"/>
      </file>
      <file name="NavigationTabs.tsx" path="/Users/eveessex/dev/reaction/src/Apps/Artist/Components/NavigationTabs.tsx">
        <metrics statements="10" coveredstatements="7" conditionals="10" coveredconditionals="7" methods="7" coveredmethods="4"/>
        <line num="18" count="0" type="stmt"/>
        <line num="37" count="4" type="stmt"/>
        <line num="39" count="4" type="stmt"/>
        <line num="44" count="0" type="cond" truecount="0" falsecount="2"/>
        <line num="45" count="0" type="stmt"/>
        <line num="57" count="1" type="stmt"/>
        <line num="59" count="4" type="stmt"/>
        <line num="61" count="1" type="stmt"/>
        <line num="83" count="1" type="stmt"/>
        <line num="93" count="1" type="stmt"/>
      </file>
    </package>
    <package name="src.Apps.Artist.Components.ArtistCollectionsRail">
      <metrics statements="32" coveredstatements="31" conditionals="24" coveredconditionals="20" methods="16" coveredmethods="15"/>
      <file name="ArtistCollectionEntity.tsx" path="/Users/eveessex/dev/reaction/src/Apps/Artist/Components/ArtistCollectionsRail/ArtistCollectionEntity.tsx">
        <metrics statements="19" coveredstatements="19" conditionals="16" coveredconditionals="14" methods="8" coveredmethods="8"/>
        <line num="20" count="1" type="stmt"/>
        <line num="38" count="78" type="stmt"/>
        <line num="39" count="230" type="stmt"/>
        <line num="40" count="78" type="cond" truecount="3" falsecount="0"/>
        <line num="41" count="78" type="stmt"/>
        <line num="42" count="230" type="cond" truecount="3" falsecount="0"/>
        <line num="45" count="78" type="cond" truecount="3" falsecount="1"/>
        <line num="47" count="78" type="stmt"/>
        <line num="56" count="229" type="stmt"/>
        <line num="57" count="229" type="cond" truecount="1" falsecount="1"/>
        <line num="60" count="229" type="stmt"/>
        <line num="100" count="3" type="stmt"/>
        <line num="104" count="3" type="stmt"/>
        <line num="117" count="3" type="stmt"/>
        <line num="126" count="3" type="stmt"/>
        <line num="136" count="3" type="stmt"/>
        <line num="137" count="230" type="stmt"/>
        <line num="143" count="3" type="stmt"/>
        <line num="147" count="3" type="stmt"/>
      </file>
      <file name="ArtistCollectionsRail.tsx" path="/Users/eveessex/dev/reaction/src/Apps/Artist/Components/ArtistCollectionsRail/ArtistCollectionsRail.tsx">
        <metrics statements="10" coveredstatements="9" conditionals="8" coveredconditionals="6" methods="7" coveredmethods="6"/>
        <line num="20" count="0" type="stmt"/>
        <line num="46" count="5" type="stmt"/>
        <line num="47" count="5" type="cond" truecount="2" falsecount="0"/>
        <line num="48" count="4" type="stmt"/>
        <line num="68" count="73" type="stmt"/>
        <line num="76" count="9" type="stmt"/>
        <line num="83" count="9" type="stmt"/>
        <line num="93" count="1" type="stmt"/>
        <line num="98" count="2" type="stmt"/>
        <line num="106" count="2" type="stmt"/>
      </file>
      <file name="index.tsx" path="/Users/eveessex/dev/reaction/src/Apps/Artist/Components/ArtistCollectionsRail/index.tsx">
        <metrics statements="3" coveredstatements="3" conditionals="0" coveredconditionals="0" methods="1" coveredmethods="1"/>
        <line num="15" count="1" type="stmt"/>
        <line num="16" count="3" type="stmt"/>
        <line num="18" count="3" type="stmt"/>
      </file>
    </package>
    <package name="src.Apps.Artist.Components.MarketDataSummary">
      <metrics statements="45" coveredstatements="40" conditionals="39" coveredconditionals="30" methods="10" coveredmethods="10"/>
      <file name="MarketDataSummary.tsx" path="/Users/eveessex/dev/reaction/src/Apps/Artist/Components/MarketDataSummary/MarketDataSummary.tsx">
        <metrics statements="45" coveredstatements="40" conditionals="39" coveredconditionals="30" methods="10" coveredmethods="10"/>
        <line num="9" count="1" type="stmt"/>
        <line num="18" count="1" type="stmt"/>
        <line num="23" count="1" type="stmt"/>
        <line num="28" count="6" type="stmt"/>
        <line num="29" count="6" type="cond" truecount="2" falsecount="0"/>
        <line num="30" count="1" type="stmt"/>
        <line num="32" count="5" type="stmt"/>
        <line num="34" count="6" type="stmt"/>
        <line num="38" count="6" type="stmt"/>
        <line num="39" count="6" type="stmt"/>
        <line num="42" count="6" type="cond" truecount="5" falsecount="0"/>
        <line num="43" count="4" type="stmt"/>
        <line num="47" count="2" type="cond" truecount="1" falsecount="1"/>
        <line num="52" count="0" type="stmt"/>
        <line num="56" count="2" type="cond" truecount="2" falsecount="2"/>
        <line num="57" count="0" type="stmt"/>
        <line num="60" count="2" type="stmt"/>
        <line num="66" count="4" type="stmt"/>
        <line num="67" count="4" type="stmt"/>
        <line num="68" count="4" type="cond" truecount="4" falsecount="1"/>
        <line num="69" count="4" type="stmt"/>
        <line num="71" count="4" type="stmt"/>
        <line num="72" count="12" type="stmt"/>
        <line num="73" count="36" type="cond" truecount="2" falsecount="0"/>
        <line num="74" count="4" type="stmt"/>
        <line num="78" count="4" type="stmt"/>
        <line num="81" count="4" type="stmt"/>
        <line num="83" count="12" type="cond" truecount="2" falsecount="0"/>
        <line num="86" count="4" type="stmt"/>
        <line num="98" count="4" type="cond" truecount="1" falsecount="1"/>
        <line num="102" count="0" type="stmt"/>
        <line num="104" count="4" type="stmt"/>
        <line num="105" count="4" type="stmt"/>
        <line num="109" count="4" type="stmt"/>
        <line num="110" count="4" type="cond" truecount="3" falsecount="1"/>
        <line num="111" count="0" type="stmt"/>
        <line num="113" count="4" type="cond" truecount="1" falsecount="1"/>
        <line num="114" count="4" type="stmt"/>
        <line num="116" count="0" type="stmt"/>
        <line num="120" count="6" type="stmt"/>
        <line num="122" count="6" type="cond" truecount="2" falsecount="0"/>
        <line num="123" count="4" type="stmt"/>
        <line num="130" count="2" type="cond" truecount="2" falsecount="0"/>
        <line num="131" count="1" type="stmt"/>
        <line num="135" count="1" type="stmt"/>
      </file>
    </package>
    <package name="src.Apps.Artist.Components.MarketInsights">
      <metrics statements="52" coveredstatements="48" conditionals="37" coveredconditionals="30" methods="13" coveredmethods="13"/>
      <file name="MarketInsights.tsx" path="/Users/eveessex/dev/reaction/src/Apps/Artist/Components/MarketInsights/MarketInsights.tsx">
        <metrics statements="52" coveredstatements="48" conditionals="37" coveredconditionals="30" methods="13" coveredmethods="13"/>
        <line num="13" count="39" type="stmt"/>
        <line num="17" count="39" type="stmt"/>
        <line num="28" count="39" type="stmt"/>
        <line num="38" count="39" type="stmt"/>
        <line num="47" count="39" type="stmt"/>
        <line num="53" count="39" type="stmt"/>
        <line num="55" count="39" type="stmt"/>
        <line num="64" count="39" type="stmt"/>
        <line num="65" count="12" type="stmt"/>
        <line num="67" count="53" type="stmt"/>
        <line num="68" count="159" type="stmt"/>
        <line num="69" count="468" type="cond" truecount="2" falsecount="0"/>
        <line num="70" count="53" type="stmt"/>
        <line num="74" count="53" type="stmt"/>
        <line num="78" count="39" type="stmt"/>
        <line num="79" count="8" type="stmt"/>
        <line num="80" count="8" type="stmt"/>
        <line num="81" count="24" type="cond" truecount="2" falsecount="0"/>
        <line num="85" count="39" type="stmt"/>
        <line num="94" count="19" type="stmt"/>
        <line num="97" count="19" type="cond" truecount="5" falsecount="0"/>
        <line num="98" count="8" type="stmt"/>
        <line num="102" count="11" type="cond" truecount="1" falsecount="1"/>
        <line num="107" count="0" type="stmt"/>
        <line num="111" count="11" type="cond" truecount="4" falsecount="0"/>
        <line num="112" count="6" type="stmt"/>
        <line num="115" count="5" type="stmt"/>
        <line num="121" count="6" type="stmt"/>
        <line num="122" count="6" type="stmt"/>
        <line num="123" count="6" type="cond" truecount="2" falsecount="0"/>
        <line num="124" count="5" type="stmt"/>
        <line num="126" count="1" type="stmt"/>
        <line num="129" count="6" type="stmt"/>
        <line num="147" count="4" type="stmt"/>
        <line num="148" count="4" type="stmt"/>
        <line num="149" count="4" type="cond" truecount="4" falsecount="1"/>
        <line num="150" count="4" type="stmt"/>
        <line num="151" count="4" type="stmt"/>
        <line num="163" count="4" type="cond" truecount="1" falsecount="1"/>
        <line num="167" count="0" type="stmt"/>
        <line num="169" count="4" type="stmt"/>
        <line num="170" count="4" type="stmt"/>
        <line num="174" count="4" type="stmt"/>
        <line num="175" count="4" type="cond" truecount="3" falsecount="1"/>
        <line num="176" count="0" type="stmt"/>
        <line num="178" count="4" type="cond" truecount="1" falsecount="1"/>
        <line num="179" count="0" type="stmt"/>
        <line num="181" count="4" type="stmt"/>
        <line num="185" count="4" type="stmt"/>
        <line num="200" count="5" type="cond" truecount="2" falsecount="0"/>
        <line num="201" count="4" type="stmt"/>
        <line num="212" count="1" type="stmt"/>
      </file>
    </package>
    <package name="src.Apps.Artist.Components.MarketInsights.__tests__.Fixtures">
      <metrics statements="2" coveredstatements="2" conditionals="0" coveredconditionals="0" methods="0" coveredmethods="0"/>
      <file name="Artists.fixture.ts" path="/Users/eveessex/dev/reaction/src/Apps/Artist/Components/MarketInsights/__tests__/Fixtures/Artists.fixture.ts">
        <metrics statements="2" coveredstatements="2" conditionals="0" coveredconditionals="0" methods="0" coveredmethods="0"/>
        <line num="4" count="2" type="stmt"/>
        <line num="49" count="2" type="stmt"/>
      </file>
    </package>
    <package name="src.Apps.Artist.Routes.Articles">
      <metrics statements="35" coveredstatements="24" conditionals="8" coveredconditionals="4" methods="12" coveredmethods="6"/>
      <file name="ArtistArticle.tsx" path="/Users/eveessex/dev/reaction/src/Apps/Artist/Routes/Articles/ArtistArticle.tsx">
        <metrics statements="13" coveredstatements="11" conditionals="4" coveredconditionals="4" methods="5" coveredmethods="3"/>
        <line num="24" count="2" type="stmt"/>
        <line num="25" count="30" type="stmt"/>
        <line num="37" count="2" type="stmt"/>
        <line num="38" count="20" type="stmt"/>
        <line num="40" count="20" type="stmt"/>
        <line num="45" count="0" type="stmt"/>
        <line num="90" count="2" type="stmt"/>
        <line num="91" count="10" type="stmt"/>
        <line num="93" count="10" type="stmt"/>
        <line num="99" count="0" type="stmt"/>
        <line num="127" count="2" type="stmt"/>
        <line num="128" count="2" type="stmt"/>
        <line num="129" count="2" type="stmt"/>
      </file>
      <file name="ArtistArticles.tsx" path="/Users/eveessex/dev/reaction/src/Apps/Artist/Routes/Articles/ArtistArticles.tsx">
        <metrics statements="19" coveredstatements="10" conditionals="4" coveredconditionals="0" methods="6" coveredmethods="2"/>
        <line num="11" count="1" type="stmt"/>
        <line num="13" count="1" type="stmt"/>
        <line num="28" count="3" type="stmt"/>
        <line num="32" count="3" type="stmt"/>
        <line num="39" count="0" type="stmt"/>
        <line num="41" count="0" type="cond" truecount="0" falsecount="2"/>
        <line num="42" count="0" type="stmt"/>
        <line num="46" count="3" type="stmt"/>
        <line num="47" count="0" type="stmt"/>
        <line num="49" count="0" type="stmt"/>
        <line num="59" count="0" type="stmt"/>
        <line num="61" count="0" type="cond" truecount="0" falsecount="2"/>
        <line num="62" count="0" type="stmt"/>
        <line num="68" count="3" type="stmt"/>
        <line num="69" count="0" type="stmt"/>
        <line num="75" count="3" type="stmt"/>
        <line num="76" count="3" type="stmt"/>
        <line num="86" count="30" type="stmt"/>
        <line num="123" count="1" type="stmt"/>
      </file>
      <file name="index.tsx" path="/Users/eveessex/dev/reaction/src/Apps/Artist/Routes/Articles/index.tsx">
        <metrics statements="3" coveredstatements="3" conditionals="0" coveredconditionals="0" methods="1" coveredmethods="1"/>
        <line num="10" count="1" type="stmt"/>
        <line num="11" count="3" type="stmt"/>
        <line num="14" count="1" type="stmt"/>
      </file>
    </package>
    <package name="src.Apps.Artist.Routes.AuctionResults">
      <metrics statements="107" coveredstatements="79" conditionals="42" coveredconditionals="19" methods="46" coveredmethods="29"/>
      <file name="ArtistAuctionDetailsModal.tsx" path="/Users/eveessex/dev/reaction/src/Apps/Artist/Routes/AuctionResults/ArtistAuctionDetailsModal.tsx">
        <metrics statements="11" coveredstatements="9" conditionals="4" coveredconditionals="4" methods="6" coveredmethods="4"/>
        <line num="33" count="1" type="stmt"/>
        <line num="34" count="3" type="stmt"/>
        <line num="37" count="4" type="cond" truecount="2" falsecount="0"/>
        <line num="38" count="1" type="stmt"/>
        <line num="41" count="3" type="stmt"/>
        <line num="43" count="0" type="stmt"/>
        <line num="61" count="1" type="stmt"/>
        <line num="65" count="3" type="stmt"/>
        <line num="66" count="3" type="stmt"/>
        <line num="68" count="3" type="stmt"/>
        <line num="112" count="0" type="stmt"/>
      </file>
      <file name="ArtistAuctionResultItem.tsx" path="/Users/eveessex/dev/reaction/src/Apps/Artist/Routes/AuctionResults/ArtistAuctionResultItem.tsx">
        <metrics statements="43" coveredstatements="34" conditionals="30" coveredconditionals="14" methods="17" coveredmethods="12"/>
        <line num="30" count="1" type="stmt"/>
        <line num="31" count="10" type="stmt"/>
        <line num="32" count="10" type="stmt"/>
        <line num="36" count="10" type="stmt"/>
        <line num="49" count="10" type="stmt"/>
        <line num="58" count="10" type="stmt"/>
        <line num="74" count="1" type="stmt"/>
        <line num="87" count="10" type="stmt"/>
        <line num="89" count="10" type="stmt"/>
        <line num="90" count="10" type="stmt"/>
        <line num="93" count="20" type="stmt"/>
        <line num="120" count="1" type="stmt"/>
        <line num="142" count="1" type="stmt"/>
        <line num="148" count="0" type="stmt"/>
        <line num="149" count="0" type="stmt"/>
        <line num="151" count="0" type="stmt"/>
        <line num="187" count="1" type="stmt"/>
        <line num="199" count="0" type="stmt"/>
        <line num="200" count="0" type="stmt"/>
        <line num="202" count="0" type="stmt"/>
        <line num="241" count="1" type="stmt"/>
        <line num="269" count="1" type="stmt"/>
        <line num="274" count="1" type="stmt"/>
        <line num="278" count="1" type="stmt"/>
        <line num="280" count="10" type="cond" truecount="1" falsecount="1"/>
        <line num="281" count="10" type="stmt"/>
        <line num="284" count="1" type="stmt"/>
        <line num="286" count="10" type="cond" truecount="1" falsecount="1"/>
        <line num="287" count="10" type="stmt"/>
        <line num="288" count="10" type="stmt"/>
        <line num="290" count="0" type="stmt"/>
        <line num="293" count="1" type="stmt"/>
        <line num="296" count="10" type="stmt"/>
        <line num="298" count="10" type="stmt"/>
        <line num="299" count="10" type="stmt"/>
        <line num="300" count="10" type="stmt"/>
        <line num="302" count="10" type="stmt"/>
        <line num="310" count="1" type="stmt"/>
        <line num="311" count="20" type="cond" truecount="1" falsecount="1"/>
        <line num="312" count="0" type="stmt"/>
        <line num="323" count="20" type="cond" truecount="3" falsecount="1"/>
        <line num="324" count="20" type="stmt"/>
        <line num="329" count="0" type="cond" truecount="0" falsecount="2"/>
      </file>
      <file name="ArtistAuctionResults.tsx" path="/Users/eveessex/dev/reaction/src/Apps/Artist/Routes/AuctionResults/ArtistAuctionResults.tsx">
        <metrics statements="29" coveredstatements="16" conditionals="8" coveredconditionals="1" methods="12" coveredmethods="6"/>
        <line num="18" count="1" type="stmt"/>
        <line num="20" count="1" type="stmt"/>
        <line num="32" count="1" type="stmt"/>
        <line num="36" count="1" type="stmt"/>
        <line num="43" count="0" type="stmt"/>
        <line num="45" count="0" type="cond" truecount="0" falsecount="2"/>
        <line num="46" count="0" type="stmt"/>
        <line num="51" count="1" type="cond" truecount="1" falsecount="1"/>
        <line num="52" count="0" type="stmt"/>
        <line num="56" count="1" type="stmt"/>
        <line num="57" count="0" type="stmt"/>
        <line num="68" count="0" type="cond" truecount="0" falsecount="2"/>
        <line num="69" count="0" type="stmt"/>
        <line num="75" count="1" type="stmt"/>
        <line num="76" count="0" type="stmt"/>
        <line num="78" count="0" type="stmt"/>
        <line num="89" count="0" type="stmt"/>
        <line num="91" count="0" type="cond" truecount="0" falsecount="2"/>
        <line num="92" count="0" type="stmt"/>
        <line num="98" count="1" type="stmt"/>
        <line num="99" count="0" type="stmt"/>
        <line num="105" count="2" type="stmt"/>
        <line num="106" count="2" type="stmt"/>
        <line num="107" count="2" type="stmt"/>
        <line num="110" count="3" type="stmt"/>
        <line num="133" count="30" type="stmt"/>
        <line num="170" count="1" type="stmt"/>
        <line num="172" count="1" type="stmt"/>
        <line num="175" count="2" type="stmt"/>
      </file>
      <file name="TableColumns.tsx" path="/Users/eveessex/dev/reaction/src/Apps/Artist/Routes/AuctionResults/TableColumns.tsx">
        <metrics statements="6" coveredstatements="5" conditionals="0" coveredconditionals="0" methods="3" coveredmethods="2"/>
        <line num="5" count="1" type="stmt"/>
        <line num="6" count="3" type="stmt"/>
        <line num="18" count="1" type="stmt"/>
        <line num="19" count="3" type="stmt"/>
        <line num="40" count="1" type="stmt"/>
        <line num="41" count="0" type="stmt"/>
      </file>
      <file name="TableSidebar.tsx" path="/Users/eveessex/dev/reaction/src/Apps/Artist/Routes/AuctionResults/TableSidebar.tsx">
        <metrics statements="6" coveredstatements="6" conditionals="0" coveredconditionals="0" methods="3" coveredmethods="3"/>
        <line num="16" count="1" type="stmt"/>
        <line num="35" count="1" type="stmt"/>
        <line num="36" count="3" type="stmt"/>
        <line num="39" count="4" type="stmt"/>
        <line num="67" count="1" type="stmt"/>
        <line num="68" count="4" type="stmt"/>
      </file>
      <file name="index.tsx" path="/Users/eveessex/dev/reaction/src/Apps/Artist/Routes/AuctionResults/index.tsx">
        <metrics statements="3" coveredstatements="3" conditionals="0" coveredconditionals="0" methods="1" coveredmethods="1"/>
        <line num="10" count="1" type="stmt"/>
        <line num="11" count="1" type="stmt"/>
        <line num="14" count="1" type="stmt"/>
      </file>
      <file name="state.ts" path="/Users/eveessex/dev/reaction/src/Apps/Artist/Routes/AuctionResults/state.ts">
        <metrics statements="9" coveredstatements="6" conditionals="0" coveredconditionals="0" methods="4" coveredmethods="1"/>
        <line num="11" count="1" type="stmt"/>
        <line num="13" count="1" type="stmt"/>
        <line num="14" count="0" type="stmt"/>
        <line num="17" count="1" type="stmt"/>
        <line num="18" count="0" type="stmt"/>
        <line num="21" count="1" type="stmt"/>
        <line num="22" count="1" type="stmt"/>
        <line num="25" count="1" type="stmt"/>
        <line num="26" count="0" type="stmt"/>
      </file>
    </package>
    <package name="src.Apps.Artist.Routes.CV">
      <metrics statements="49" coveredstatements="36" conditionals="47" coveredconditionals="29" methods="17" coveredmethods="12"/>
      <file name="CVItem.tsx" path="/Users/eveessex/dev/reaction/src/Apps/Artist/Routes/CV/CVItem.tsx">
        <metrics statements="36" coveredstatements="25" conditionals="36" coveredconditionals="20" methods="14" coveredmethods="9"/>
        <line num="26" count="1" type="stmt"/>
        <line num="28" count="1" type="stmt"/>
        <line num="29" count="3" type="stmt"/>
        <line num="45" count="3" type="stmt"/>
        <line num="50" count="0" type="stmt"/>
        <line num="52" count="0" type="cond" truecount="0" falsecount="2"/>
        <line num="53" count="0" type="stmt"/>
        <line num="57" count="0" type="stmt"/>
        <line num="58" count="0" type="cond" truecount="0" falsecount="2"/>
        <line num="59" count="0" type="stmt"/>
        <line num="62" count="0" type="stmt"/>
        <line num="70" count="3" type="stmt"/>
        <line num="71" count="3" type="stmt"/>
        <line num="74" count="3" type="cond" truecount="1" falsecount="0"/>
        <line num="75" count="6" type="stmt"/>
        <line num="76" count="30" type="stmt"/>
        <line num="80" count="3" type="cond" truecount="1" falsecount="1"/>
        <line num="84" count="0" type="stmt"/>
        <line num="87" count="3" type="stmt"/>
        <line num="90" count="30" type="stmt"/>
        <line num="94" count="3" type="stmt"/>
        <line num="98" count="3" type="stmt"/>
        <line num="100" count="3" type="stmt"/>
        <line num="116" count="6" type="stmt"/>
        <line num="117" count="6" type="stmt"/>
        <line num="118" count="6" type="cond" truecount="1" falsecount="1"/>
        <line num="153" count="1" type="stmt"/>
        <line num="175" count="1" type="stmt"/>
        <line num="227" count="0" type="stmt"/>
        <line num="230" count="0" type="stmt"/>
        <line num="233" count="0" type="stmt"/>
        <line num="270" count="1" type="stmt"/>
        <line num="271" count="1" type="stmt"/>
        <line num="272" count="1" type="stmt"/>
        <line num="274" count="1" type="stmt"/>
        <line num="275" count="1" type="stmt"/>
      </file>
      <file name="ShowEntry.tsx" path="/Users/eveessex/dev/reaction/src/Apps/Artist/Routes/CV/ShowEntry.tsx">
        <metrics statements="9" coveredstatements="7" conditionals="11" coveredconditionals="9" methods="2" coveredmethods="2"/>
        <line num="4" count="1" type="stmt"/>
        <line num="13" count="1" type="cond" truecount="1" falsecount="0"/>
        <line num="14" count="30" type="stmt"/>
        <line num="33" count="1" type="stmt"/>
        <line num="34" count="30" type="cond" truecount="1" falsecount="1"/>
        <line num="35" count="0" type="stmt"/>
        <line num="38" count="30" type="cond" truecount="1" falsecount="1"/>
        <line num="39" count="30" type="stmt"/>
        <line num="46" count="0" type="stmt"/>
      </file>
      <file name="index.tsx" path="/Users/eveessex/dev/reaction/src/Apps/Artist/Routes/CV/index.tsx">
        <metrics statements="4" coveredstatements="4" conditionals="0" coveredconditionals="0" methods="1" coveredmethods="1"/>
        <line num="11" count="1" type="stmt"/>
        <line num="21" count="1" type="stmt"/>
        <line num="22" count="1" type="stmt"/>
        <line num="32" count="1" type="stmt"/>
      </file>
    </package>
    <package name="src.Apps.Artist.Routes.Overview">
      <metrics statements="21" coveredstatements="18" conditionals="26" coveredconditionals="19" methods="6" coveredmethods="3"/>
      <file name="index.tsx" path="/Users/eveessex/dev/reaction/src/Apps/Artist/Routes/Overview/index.tsx">
        <metrics statements="21" coveredstatements="18" conditionals="26" coveredconditionals="19" methods="6" coveredmethods="3"/>
        <line num="36" count="3" type="stmt"/>
        <line num="40" count="0" type="stmt"/>
        <line num="51" count="3" type="stmt"/>
        <line num="52" count="3" type="stmt"/>
        <line num="54" count="3" type="cond" truecount="2" falsecount="0"/>
        <line num="58" count="3" type="cond" truecount="1" falsecount="1"/>
        <line num="59" count="0" type="stmt"/>
        <line num="62" count="3" type="stmt"/>
        <line num="63" count="3" type="stmt"/>
        <line num="65" count="3" type="cond" truecount="1" falsecount="1"/>
        <line num="66" count="3" type="stmt"/>
        <line num="67" count="3" type="stmt"/>
        <line num="68" count="3" type="stmt"/>
        <line num="70" count="3" type="cond" truecount="1" falsecount="3"/>
        <line num="76" count="3" type="stmt"/>
        <line num="77" count="3" type="stmt"/>
        <line num="79" count="3" type="stmt"/>
        <line num="81" count="3" type="cond" truecount="2" falsecount="0"/>
        <line num="82" count="3" type="stmt"/>
        <line num="91" count="0" type="stmt"/>
        <line num="222" count="1" type="stmt"/>
      </file>
    </package>
    <package name="src.Apps.Artist.Routes.Overview.Components">
      <metrics statements="78" coveredstatements="54" conditionals="30" coveredconditionals="13" methods="34" coveredmethods="18"/>
      <file name="ArtistArtworkFilter.tsx" path="/Users/eveessex/dev/reaction/src/Apps/Artist/Routes/Overview/Components/ArtistArtworkFilter.tsx">
        <metrics statements="9" coveredstatements="7" conditionals="6" coveredconditionals="3" methods="2" coveredmethods="1"/>
        <line num="20" count="1" type="stmt"/>
        <line num="21" count="3" type="stmt"/>
        <line num="22" count="3" type="stmt"/>
        <line num="23" count="3" type="stmt"/>
        <line num="25" count="3" type="cond" truecount="2" falsecount="0"/>
        <line num="29" count="3" type="cond" truecount="1" falsecount="1"/>
        <line num="31" count="0" type="stmt"/>
        <line num="45" count="0" type="stmt"/>
        <line num="67" count="1" type="stmt"/>
      </file>
      <file name="ArtistRecommendations.tsx" path="/Users/eveessex/dev/reaction/src/Apps/Artist/Routes/Overview/Components/ArtistRecommendations.tsx">
        <metrics statements="25" coveredstatements="16" conditionals="8" coveredconditionals="2" methods="10" coveredmethods="6"/>
        <line num="17" count="2" type="stmt"/>
        <line num="24" count="2" type="stmt"/>
        <line num="26" count="2" type="stmt"/>
        <line num="30" count="4" type="stmt"/>
        <line num="32" count="4" type="stmt"/>
        <line num="33" count="4" type="stmt"/>
        <line num="34" count="5" type="stmt"/>
        <line num="37" count="4" type="stmt"/>
        <line num="38" count="0" type="cond" truecount="0" falsecount="4"/>
        <line num="39" count="0" type="stmt"/>
        <line num="41" count="0" type="stmt"/>
        <line num="42" count="0" type="stmt"/>
        <line num="43" count="0" type="cond" truecount="0" falsecount="2"/>
        <line num="44" count="0" type="stmt"/>
        <line num="46" count="0" type="stmt"/>
        <line num="50" count="4" type="stmt"/>
        <line num="64" count="2" type="stmt"/>
        <line num="68" count="1" type="stmt"/>
        <line num="82" count="2" type="stmt"/>
        <line num="114" count="4" type="stmt"/>
        <line num="117" count="0" type="stmt"/>
        <line num="127" count="0" type="stmt"/>
        <line num="151" count="2" type="stmt"/>
        <line num="152" count="1" type="stmt"/>
        <line num="153" count="1" type="stmt"/>
      </file>
      <file name="CurrentEvent.tsx" path="/Users/eveessex/dev/reaction/src/Apps/Artist/Routes/Overview/Components/CurrentEvent.tsx">
        <metrics statements="8" coveredstatements="6" conditionals="8" coveredconditionals="5" methods="4" coveredmethods="2"/>
        <line num="15" count="1" type="stmt"/>
        <line num="27" count="0" type="stmt"/>
        <line num="41" count="1" type="stmt"/>
        <line num="42" count="1" type="cond" truecount="1" falsecount="1"/>
        <line num="43" count="0" type="stmt"/>
        <line num="47" count="1" type="stmt"/>
        <line num="49" count="1" type="stmt"/>
        <line num="79" count="2" type="stmt"/>
      </file>
      <file name="Genes.tsx" path="/Users/eveessex/dev/reaction/src/Apps/Artist/Routes/Overview/Components/Genes.tsx">
        <metrics statements="11" coveredstatements="10" conditionals="4" coveredconditionals="2" methods="2" coveredmethods="2"/>
        <line num="9" count="2" type="stmt"/>
        <line num="10" count="2" type="stmt"/>
        <line num="21" count="1" type="stmt"/>
        <line num="22" count="1" type="stmt"/>
        <line num="23" count="1" type="cond" truecount="1" falsecount="1"/>
        <line num="24" count="0" type="stmt"/>
        <line num="26" count="1" type="stmt"/>
        <line num="33" count="1" type="cond" truecount="1" falsecount="1"/>
        <line num="34" count="1" type="stmt"/>
        <line num="35" count="1" type="stmt"/>
        <line num="49" count="2" type="stmt"/>
      </file>
      <file name="RecommendedArtist.tsx" path="/Users/eveessex/dev/reaction/src/Apps/Artist/Routes/Overview/Components/RecommendedArtist.tsx">
        <metrics statements="18" coveredstatements="14" conditionals="2" coveredconditionals="1" methods="12" coveredmethods="7"/>
        <line num="18" count="2" type="stmt"/>
        <line num="20" count="2" type="stmt"/>
        <line num="21" count="0" type="stmt"/>
        <line num="43" count="5" type="stmt"/>
        <line num="54" count="2" type="stmt"/>
        <line num="55" count="5" type="stmt"/>
        <line num="56" count="5" type="stmt"/>
        <line num="58" count="5" type="stmt"/>
        <line num="62" count="5" type="stmt"/>
        <line num="66" count="5" type="stmt"/>
        <line num="80" count="0" type="stmt"/>
        <line num="82" count="5" type="stmt"/>
        <line num="106" count="0" type="stmt"/>
        <line num="107" count="0" type="stmt"/>
        <line num="122" count="10" type="stmt"/>
        <line num="129" count="10" type="stmt"/>
        <line num="140" count="2" type="stmt"/>
        <line num="147" count="2" type="stmt"/>
      </file>
      <file name="ZeroState.tsx" path="/Users/eveessex/dev/reaction/src/Apps/Artist/Routes/Overview/Components/ZeroState.tsx">
        <metrics statements="7" coveredstatements="1" conditionals="2" coveredconditionals="0" methods="4" coveredmethods="0"/>
        <line num="7" count="1" type="stmt"/>
        <line num="8" count="0" type="stmt"/>
        <line num="9" count="0" type="stmt"/>
        <line num="12" count="0" type="stmt"/>
        <line num="19" count="0" type="stmt"/>
        <line num="28" count="0" type="stmt"/>
        <line num="30" count="0" type="stmt"/>
      </file>
    </package>
    <package name="src.Apps.Artist.Routes.Overview.__tests__">
      <metrics statements="2" coveredstatements="2" conditionals="0" coveredconditionals="0" methods="0" coveredmethods="0"/>
      <file name="Index.fixture.tsx" path="/Users/eveessex/dev/reaction/src/Apps/Artist/Routes/Overview/__tests__/Index.fixture.tsx">
        <metrics statements="2" coveredstatements="2" conditionals="0" coveredconditionals="0" methods="0" coveredmethods="0"/>
        <line num="1" count="1" type="stmt"/>
        <line num="53" count="1" type="stmt"/>
      </file>
    </package>
    <package name="src.Apps.Artist.Routes.Shows">
      <metrics statements="39" coveredstatements="27" conditionals="20" coveredconditionals="13" methods="13" coveredmethods="8"/>
      <file name="ArtistShowBlockItem.tsx" path="/Users/eveessex/dev/reaction/src/Apps/Artist/Routes/Shows/ArtistShowBlockItem.tsx">
        <metrics statements="3" coveredstatements="3" conditionals="2" coveredconditionals="2" methods="1" coveredmethods="1"/>
        <line num="19" count="1" type="stmt"/>
        <line num="20" count="4" type="stmt"/>
        <line num="22" count="4" type="stmt"/>
      </file>
      <file name="ArtistShowListItem.tsx" path="/Users/eveessex/dev/reaction/src/Apps/Artist/Routes/Shows/ArtistShowListItem.tsx">
        <metrics statements="9" coveredstatements="7" conditionals="4" coveredconditionals="2" methods="3" coveredmethods="2"/>
        <line num="13" count="1" type="stmt"/>
        <line num="15" count="1" type="stmt"/>
        <line num="16" count="8" type="stmt"/>
        <line num="28" count="1" type="stmt"/>
        <line num="29" count="8" type="stmt"/>
        <line num="31" count="8" type="stmt"/>
        <line num="63" count="1" type="stmt"/>
        <line num="64" count="0" type="stmt"/>
        <line num="66" count="0" type="stmt"/>
      </file>
      <file name="ArtistShows.tsx" path="/Users/eveessex/dev/reaction/src/Apps/Artist/Routes/Shows/ArtistShows.tsx">
        <metrics statements="23" coveredstatements="13" conditionals="14" coveredconditionals="9" methods="8" coveredmethods="4"/>
        <line num="23" count="1" type="stmt"/>
        <line num="26" count="1" type="stmt"/>
        <line num="30" count="3" type="stmt"/>
        <line num="34" count="3" type="stmt"/>
        <line num="41" count="0" type="stmt"/>
        <line num="43" count="0" type="cond" truecount="0" falsecount="2"/>
        <line num="44" count="0" type="stmt"/>
        <line num="48" count="3" type="stmt"/>
        <line num="49" count="0" type="stmt"/>
        <line num="51" count="0" type="stmt"/>
        <line num="63" count="0" type="stmt"/>
        <line num="65" count="0" type="cond" truecount="0" falsecount="2"/>
        <line num="66" count="0" type="stmt"/>
        <line num="72" count="3" type="stmt"/>
        <line num="73" count="0" type="stmt"/>
        <line num="79" count="3" type="cond" truecount="1" falsecount="1"/>
        <line num="83" count="0" type="stmt"/>
        <line num="85" count="3" type="stmt"/>
        <line num="103" count="4" type="stmt"/>
        <line num="105" count="4" type="stmt"/>
        <line num="107" count="4" type="stmt"/>
        <line num="132" count="8" type="stmt"/>
        <line num="181" count="1" type="stmt"/>
      </file>
      <file name="index.tsx" path="/Users/eveessex/dev/reaction/src/Apps/Artist/Routes/Shows/index.tsx">
        <metrics statements="4" coveredstatements="4" conditionals="0" coveredconditionals="0" methods="1" coveredmethods="1"/>
        <line num="10" count="1" type="stmt"/>
        <line num="11" count="1" type="stmt"/>
        <line num="13" count="1" type="stmt"/>
        <line num="50" count="1" type="stmt"/>
      </file>
    </package>
    <package name="src.Apps.Artwork.Components">
      <metrics statements="82" coveredstatements="63" conditionals="54" coveredconditionals="43" methods="35" coveredmethods="21"/>
      <file name="ArtistInfo.tsx" path="/Users/eveessex/dev/reaction/src/Apps/Artwork/Components/ArtistInfo.tsx">
        <metrics statements="22" coveredstatements="17" conditionals="20" coveredconditionals="17" methods="13" coveredmethods="7"/>
        <line num="40" count="1" type="stmt"/>
        <line num="41" count="9" type="stmt"/>
        <line num="49" count="3" type="stmt"/>
        <line num="53" count="8" type="stmt"/>
        <line num="74" count="4" type="stmt"/>
        <line num="80" count="0" type="stmt"/>
        <line num="85" count="8" type="stmt"/>
        <line num="86" count="0" type="stmt"/>
        <line num="94" count="12" type="stmt"/>
        <line num="95" count="12" type="stmt"/>
        <line num="96" count="12" type="stmt"/>
        <line num="97" count="12" type="stmt"/>
        <line num="99" count="12" type="cond" truecount="6" falsecount="2"/>
        <line num="105" count="12" type="cond" truecount="2" falsecount="0"/>
        <line num="109" count="12" type="stmt"/>
        <line num="112" count="12" type="stmt"/>
        <line num="130" count="0" type="stmt"/>
        <line num="133" count="12" type="stmt"/>
        <line num="208" count="1" type="stmt"/>
        <line num="273" count="1" type="stmt"/>
        <line num="274" count="0" type="stmt"/>
        <line num="277" count="0" type="stmt"/>
      </file>
      <file name="ArtworkRelatedArtists.tsx" path="/Users/eveessex/dev/reaction/src/Apps/Artwork/Components/ArtworkRelatedArtists.tsx">
        <metrics statements="26" coveredstatements="15" conditionals="10" coveredconditionals="3" methods="9" coveredmethods="4"/>
        <line num="16" count="1" type="stmt"/>
        <line num="23" count="1" type="stmt"/>
        <line num="27" count="1" type="stmt"/>
        <line num="28" count="2" type="stmt"/>
        <line num="29" count="2" type="stmt"/>
        <line num="30" count="2" type="stmt"/>
        <line num="35" count="2" type="stmt"/>
        <line num="36" count="2" type="cond" truecount="1" falsecount="1"/>
        <line num="37" count="0" type="stmt"/>
        <line num="40" count="2" type="stmt"/>
        <line num="41" count="0" type="cond" truecount="0" falsecount="4"/>
        <line num="42" count="0" type="stmt"/>
        <line num="44" count="0" type="stmt"/>
        <line num="45" count="0" type="stmt"/>
        <line num="46" count="0" type="cond" truecount="0" falsecount="2"/>
        <line num="47" count="0" type="stmt"/>
        <line num="49" count="0" type="stmt"/>
        <line num="53" count="2" type="stmt"/>
        <line num="62" count="8" type="stmt"/>
        <line num="70" count="1" type="stmt"/>
        <line num="89" count="1" type="stmt"/>
        <line num="93" count="2" type="stmt"/>
        <line num="107" count="1" type="stmt"/>
        <line num="139" count="0" type="stmt"/>
        <line num="142" count="0" type="stmt"/>
        <line num="148" count="0" type="stmt"/>
      </file>
      <file name="OtherAuctions.tsx" path="/Users/eveessex/dev/reaction/src/Apps/Artwork/Components/OtherAuctions.tsx">
        <metrics statements="6" coveredstatements="4" conditionals="0" coveredconditionals="0" methods="3" coveredmethods="1"/>
        <line num="18" count="0" type="stmt"/>
        <line num="23" count="0" type="stmt"/>
        <line num="35" count="2" type="stmt"/>
        <line num="44" count="2" type="stmt"/>
        <line num="45" count="2" type="stmt"/>
        <line num="47" count="2" type="stmt"/>
      </file>
      <file name="PricingContext.tsx" path="/Users/eveessex/dev/reaction/src/Apps/Artwork/Components/PricingContext.tsx">
        <metrics statements="21" coveredstatements="21" conditionals="24" coveredconditionals="23" methods="6" coveredmethods="6"/>
        <line num="30" count="9" type="stmt"/>
        <line num="69" count="1" type="stmt"/>
        <line num="70" count="1" type="cond" truecount="1" falsecount="1"/>
        <line num="71" count="1" type="stmt"/>
        <line num="76" count="12" type="stmt"/>
        <line num="77" count="12" type="cond" truecount="2" falsecount="0"/>
        <line num="78" count="1" type="stmt"/>
        <line num="81" count="11" type="cond" truecount="2" falsecount="0"/>
        <line num="84" count="11" type="stmt"/>
        <line num="86" count="11" type="stmt"/>
        <line num="90" count="11" type="stmt"/>
        <line num="91" count="11" type="stmt"/>
        <line num="120" count="40" type="stmt"/>
        <line num="121" count="40" type="stmt"/>
        <line num="122" count="40" type="cond" truecount="2" falsecount="0"/>
        <line num="127" count="40" type="cond" truecount="6" falsecount="0"/>
        <line num="133" count="40" type="cond" truecount="4" falsecount="0"/>
        <line num="136" count="40" type="cond" truecount="2" falsecount="0"/>
        <line num="137" count="40" type="stmt"/>
        <line num="159" count="1" type="stmt"/>
        <line num="191" count="1" type="stmt"/>
      </file>
      <file name="PricingContextModal.tsx" path="/Users/eveessex/dev/reaction/src/Apps/Artwork/Components/PricingContextModal.tsx">
        <metrics statements="7" coveredstatements="6" conditionals="0" coveredconditionals="0" methods="4" coveredmethods="3"/>
        <line num="27" count="3" type="stmt"/>
        <line num="31" count="17" type="stmt"/>
        <line num="41" count="5" type="stmt"/>
        <line num="44" count="17" type="stmt"/>
        <line num="45" count="0" type="stmt"/>
        <line num="49" count="22" type="stmt"/>
        <line num="102" count="2" type="stmt"/>
      </file>
    </package>
    <package name="src.Apps.Artwork.Components.ArtworkBanner">
      <metrics statements="33" coveredstatements="29" conditionals="24" coveredconditionals="21" methods="10" coveredmethods="9"/>
      <file name="Banner.tsx" path="/Users/eveessex/dev/reaction/src/Apps/Artwork/Components/ArtworkBanner/Banner.tsx">
        <metrics statements="11" coveredstatements="11" conditionals="2" coveredconditionals="2" methods="4" coveredmethods="4"/>
        <line num="23" count="1" type="stmt"/>
        <line num="29" count="1" type="stmt"/>
        <line num="30" count="8" type="cond" truecount="2" falsecount="0"/>
        <line num="31" count="2" type="stmt"/>
        <line num="38" count="6" type="stmt"/>
        <line num="41" count="1" type="stmt"/>
        <line num="42" count="4" type="stmt"/>
        <line num="52" count="1" type="stmt"/>
        <line num="53" count="4" type="stmt"/>
        <line num="67" count="1" type="stmt"/>
        <line num="68" count="4" type="stmt"/>
      </file>
      <file name="index.tsx" path="/Users/eveessex/dev/reaction/src/Apps/Artwork/Components/ArtworkBanner/index.tsx">
        <metrics statements="22" coveredstatements="18" conditionals="22" coveredconditionals="19" methods="6" coveredmethods="5"/>
        <line num="15" count="1" type="stmt"/>
        <line num="22" count="5" type="stmt"/>
        <line num="25" count="5" type="cond" truecount="2" falsecount="0"/>
        <line num="29" count="2" type="cond" truecount="2" falsecount="0"/>
        <line num="30" count="2" type="stmt"/>
        <line num="46" count="3" type="cond" truecount="2" falsecount="0"/>
        <line num="50" count="1" type="stmt"/>
        <line num="51" count="1" type="stmt"/>
        <line num="52" count="1" type="stmt"/>
        <line num="65" count="2" type="cond" truecount="2" falsecount="0"/>
        <line num="69" count="1" type="stmt"/>
        <line num="70" count="1" type="stmt"/>
        <line num="71" count="1" type="cond" truecount="1" falsecount="1"/>
        <line num="72" count="1" type="stmt"/>
        <line num="73" count="0" type="cond" truecount="0" falsecount="2"/>
        <line num="74" count="0" type="stmt"/>
        <line num="76" count="1" type="stmt"/>
        <line num="87" count="1" type="stmt"/>
        <line num="89" count="1" type="stmt"/>
        <line num="191" count="1" type="stmt"/>
        <line num="196" count="0" type="stmt"/>
        <line num="198" count="0" type="stmt"/>
      </file>
    </package>
    <package name="src.Apps.Artwork.Components.ArtworkDetails">
      <metrics statements="62" coveredstatements="48" conditionals="57" coveredconditionals="50" methods="25" coveredmethods="13"/>
      <file name="ArtworkDetailsAboutTheWorkFromArtsy.tsx" path="/Users/eveessex/dev/reaction/src/Apps/Artwork/Components/ArtworkDetails/ArtworkDetailsAboutTheWorkFromArtsy.tsx">
        <metrics statements="9" coveredstatements="8" conditionals="4" coveredconditionals="3" methods="3" coveredmethods="2"/>
        <line num="11" count="1" type="stmt"/>
        <line num="37" count="28" type="stmt"/>
        <line num="38" count="28" type="stmt"/>
        <line num="39" count="28" type="cond" truecount="2" falsecount="0"/>
        <line num="41" count="28" type="stmt"/>
        <line num="51" count="14" type="cond" truecount="1" falsecount="1"/>
        <line num="52" count="0" type="stmt"/>
        <line num="54" count="14" type="stmt"/>
        <line num="65" count="1" type="stmt"/>
      </file>
      <file name="ArtworkDetailsAboutTheWorkFromPartner.tsx" path="/Users/eveessex/dev/reaction/src/Apps/Artwork/Components/ArtworkDetails/ArtworkDetailsAboutTheWorkFromPartner.tsx">
        <metrics statements="23" coveredstatements="20" conditionals="26" coveredconditionals="24" methods="11" coveredmethods="7"/>
        <line num="39" count="0" type="stmt"/>
        <line num="55" count="14" type="stmt"/>
        <line num="56" count="0" type="stmt"/>
        <line num="64" count="28" type="stmt"/>
        <line num="65" count="28" type="stmt"/>
        <line num="66" count="28" type="cond" truecount="2" falsecount="0"/>
        <line num="68" count="28" type="stmt"/>
        <line num="78" count="14" type="stmt"/>
        <line num="79" count="14" type="stmt"/>
        <line num="80" count="14" type="stmt"/>
        <line num="82" count="14" type="stmt"/>
        <line num="87" count="14" type="stmt"/>
        <line num="91" count="14" type="cond" truecount="2" falsecount="0"/>
        <line num="92" count="14" type="cond" truecount="2" falsecount="0"/>
        <line num="94" count="14" type="cond" truecount="3" falsecount="0"/>
        <line num="95" count="14" type="cond" truecount="2" falsecount="0"/>
        <line num="96" count="14" type="cond" truecount="2" falsecount="0"/>
        <line num="98" count="14" type="stmt"/>
        <line num="101" count="14" type="stmt"/>
        <line num="125" count="0" type="stmt"/>
        <line num="128" count="11" type="cond" truecount="1" falsecount="1"/>
        <line num="129" count="11" type="stmt"/>
        <line num="167" count="1" type="stmt"/>
      </file>
      <file name="ArtworkDetailsAdditionalInfo.tsx" path="/Users/eveessex/dev/reaction/src/Apps/Artwork/Components/ArtworkDetails/ArtworkDetailsAdditionalInfo.tsx">
        <metrics statements="9" coveredstatements="9" conditionals="14" coveredconditionals="14" methods="3" coveredmethods="3"/>
        <line num="31" count="14" type="stmt"/>
        <line num="33" count="14" type="stmt"/>
        <line num="56" count="14" type="stmt"/>
        <line num="57" count="112" type="cond" truecount="2" falsecount="0"/>
        <line num="60" count="14" type="cond" truecount="2" falsecount="0"/>
        <line num="61" count="1" type="stmt"/>
        <line num="64" count="13" type="stmt"/>
        <line num="68" count="87" type="stmt"/>
        <line num="90" count="1" type="stmt"/>
      </file>
      <file name="ArtworkDetailsArticles.tsx" path="/Users/eveessex/dev/reaction/src/Apps/Artwork/Components/ArtworkDetails/ArtworkDetailsArticles.tsx">
        <metrics statements="8" coveredstatements="2" conditionals="4" coveredconditionals="0" methods="3" coveredmethods="0"/>
        <line num="15" count="1" type="stmt"/>
        <line num="16" count="0" type="stmt"/>
        <line num="17" count="0" type="cond" truecount="0" falsecount="4"/>
        <line num="18" count="0" type="stmt"/>
        <line num="20" count="0" type="stmt"/>
        <line num="25" count="0" type="stmt"/>
        <line num="26" count="0" type="stmt"/>
        <line num="44" count="1" type="stmt"/>
      </file>
      <file name="index.tsx" path="/Users/eveessex/dev/reaction/src/Apps/Artwork/Components/ArtworkDetails/index.tsx">
        <metrics statements="13" coveredstatements="9" conditionals="9" coveredconditionals="9" methods="5" coveredmethods="1"/>
        <line num="29" count="0" type="stmt"/>
        <line num="34" count="0" type="stmt"/>
        <line num="46" count="14" type="stmt"/>
        <line num="47" count="14" type="stmt"/>
        <line num="90" count="1" type="stmt"/>
        <line num="110" count="1" type="stmt"/>
        <line num="115" count="0" type="stmt"/>
        <line num="117" count="0" type="stmt"/>
        <line num="135" count="1" type="stmt"/>
        <line num="141" count="1" type="stmt"/>
        <line num="142" count="1" type="stmt"/>
        <line num="143" count="1" type="stmt"/>
        <line num="144" count="1" type="stmt"/>
      </file>
    </package>
    <package name="src.Apps.Artwork.Components.ArtworkImageBrowser">
      <metrics statements="145" coveredstatements="103" conditionals="67" coveredconditionals="43" methods="53" coveredmethods="34"/>
      <file name="ArtworkActions.tsx" path="/Users/eveessex/dev/reaction/src/Apps/Artwork/Components/ArtworkImageBrowser/ArtworkActions.tsx">
        <metrics statements="74" coveredstatements="63" conditionals="45" coveredconditionals="36" methods="28" coveredmethods="22"/>
        <line num="54" count="15" type="stmt"/>
        <line num="66" count="0" type="stmt"/>
        <line num="67" count="0" type="stmt"/>
        <line num="74" count="1" type="stmt"/>
        <line num="75" count="1" type="stmt"/>
        <line num="79" count="36" type="stmt"/>
        <line num="85" count="32" type="stmt"/>
        <line num="87" count="32" type="cond" truecount="4" falsecount="0"/>
        <line num="88" count="30" type="stmt"/>
        <line num="89" count="30" type="stmt"/>
        <line num="90" count="30" type="stmt"/>
        <line num="91" count="30" type="stmt"/>
        <line num="102" count="0" type="stmt"/>
        <line num="104" count="0" type="stmt"/>
        <line num="108" count="0" type="stmt"/>
        <line num="110" count="0" type="cond" truecount="0" falsecount="3"/>
        <line num="120" count="32" type="stmt"/>
        <line num="124" count="30" type="stmt"/>
        <line num="127" count="0" type="stmt"/>
        <line num="134" count="32" type="stmt"/>
        <line num="144" count="16" type="stmt"/>
        <line num="154" count="11" type="stmt"/>
        <line num="155" count="11" type="stmt"/>
        <line num="157" count="11" type="stmt"/>
        <line num="161" count="11" type="stmt"/>
        <line num="162" count="11" type="stmt"/>
        <line num="164" count="11" type="stmt"/>
        <line num="168" count="16" type="stmt"/>
        <line num="169" count="16" type="stmt"/>
        <line num="171" count="16" type="stmt"/>
        <line num="196" count="16" type="stmt"/>
        <line num="197" count="96" type="stmt"/>
        <line num="200" count="16" type="stmt"/>
        <line num="201" count="16" type="stmt"/>
        <line num="203" count="16" type="stmt"/>
        <line num="210" count="81" type="stmt"/>
        <line num="220" count="48" type="stmt"/>
        <line num="249" count="3" type="stmt"/>
        <line num="264" count="2" type="stmt"/>
        <line num="266" count="15" type="stmt"/>
        <line num="267" count="15" type="stmt"/>
        <line num="326" count="74" type="stmt"/>
        <line num="331" count="78" type="stmt"/>
        <line num="333" count="78" type="stmt"/>
        <line num="334" count="62" type="cond" truecount="6" falsecount="2"/>
        <line num="336" count="0" type="stmt"/>
        <line num="338" count="11" type="stmt"/>
        <line num="340" count="8" type="stmt"/>
        <line num="342" count="8" type="stmt"/>
        <line num="344" count="0" type="stmt"/>
        <line num="346" count="4" type="stmt"/>
        <line num="348" count="16" type="stmt"/>
        <line num="350" count="15" type="stmt"/>
        <line num="356" count="78" type="cond" truecount="2" falsecount="0"/>
        <line num="357" count="16" type="stmt"/>
        <line num="359" count="62" type="stmt"/>
        <line num="362" count="78" type="cond" truecount="2" falsecount="0"/>
        <line num="363" count="78" type="cond" truecount="1" falsecount="1"/>
        <line num="365" count="78" type="stmt"/>
        <line num="369" count="0" type="stmt"/>
        <line num="371" count="0" type="stmt"/>
        <line num="401" count="2" type="stmt"/>
        <line num="410" count="2" type="stmt"/>
        <line num="419" count="2" type="stmt"/>
        <line num="432" count="32" type="stmt"/>
        <line num="437" count="16" type="stmt"/>
        <line num="438" count="16" type="cond" truecount="3" falsecount="0"/>
        <line num="441" count="16" type="cond" truecount="1" falsecount="1"/>
        <line num="446" count="16" type="cond" truecount="2" falsecount="0"/>
        <line num="447" count="1" type="stmt"/>
        <line num="448" count="1" type="stmt"/>
        <line num="456" count="15" type="stmt"/>
        <line num="457" count="15" type="stmt"/>
        <line num="467" count="2" type="stmt"/>
      </file>
      <file name="ArtworkImageBrowser.tsx" path="/Users/eveessex/dev/reaction/src/Apps/Artwork/Components/ArtworkImageBrowser/ArtworkImageBrowser.tsx">
        <metrics statements="24" coveredstatements="22" conditionals="8" coveredconditionals="5" methods="10" coveredmethods="8"/>
        <line num="18" count="1" type="stmt"/>
        <line num="19" count="2" type="stmt"/>
        <line num="35" count="1" type="stmt"/>
        <line num="36" count="1" type="stmt"/>
        <line num="40" count="1" type="cond" truecount="1" falsecount="1"/>
        <line num="42" count="1" type="stmt"/>
        <line num="51" count="1" type="stmt"/>
        <line num="61" count="2" type="stmt"/>
        <line num="64" count="0" type="stmt"/>
        <line num="69" count="2" type="stmt"/>
        <line num="72" count="0" type="stmt"/>
        <line num="77" count="8" type="stmt"/>
        <line num="106" count="1" type="stmt"/>
        <line num="109" count="1" type="cond" truecount="1" falsecount="1"/>
        <line num="110" count="1" type="stmt"/>
        <line num="111" count="1" type="stmt"/>
        <line num="118" count="1" type="stmt"/>
        <line num="126" count="8" type="stmt"/>
        <line num="150" count="1" type="stmt"/>
        <line num="151" count="4" type="stmt"/>
        <line num="164" count="1" type="stmt"/>
        <line num="174" count="1" type="stmt"/>
        <line num="207" count="1" type="stmt"/>
        <line num="214" count="1" type="stmt"/>
      </file>
      <file name="ArtworkPopoutPanel.tsx" path="/Users/eveessex/dev/reaction/src/Apps/Artwork/Components/ArtworkImageBrowser/ArtworkPopoutPanel.tsx">
        <metrics statements="3" coveredstatements="3" conditionals="0" coveredconditionals="0" methods="1" coveredmethods="1"/>
        <line num="15" count="1" type="stmt"/>
        <line num="33" count="2" type="stmt"/>
        <line num="42" count="2" type="stmt"/>
      </file>
      <file name="ArtworkSharePanel.tsx" path="/Users/eveessex/dev/reaction/src/Apps/Artwork/Components/ArtworkImageBrowser/ArtworkSharePanel.tsx">
        <metrics statements="32" coveredstatements="6" conditionals="12" coveredconditionals="0" methods="9" coveredmethods="0"/>
        <line num="20" count="2" type="stmt"/>
        <line num="25" count="2" type="stmt"/>
        <line num="36" count="0" type="stmt"/>
        <line num="41" count="0" type="stmt"/>
        <line num="42" count="0" type="cond" truecount="0" falsecount="2"/>
        <line num="43" count="0" type="stmt"/>
        <line num="44" count="0" type="stmt"/>
        <line num="45" count="0" type="stmt"/>
        <line num="47" count="0" type="stmt"/>
        <line num="53" count="0" type="stmt"/>
        <line num="54" count="0" type="stmt"/>
        <line num="64" count="0" type="stmt"/>
        <line num="65" count="0" type="stmt"/>
        <line num="68" count="0" type="cond" truecount="0" falsecount="2"/>
        <line num="69" count="0" type="cond" truecount="0" falsecount="2"/>
        <line num="70" count="0" type="stmt"/>
        <line num="71" count="0" type="stmt"/>
        <line num="72" count="0" type="cond" truecount="0" falsecount="2"/>
        <line num="73" count="0" type="cond" truecount="0" falsecount="2"/>
        <line num="75" count="0" type="stmt"/>
        <line num="82" count="0" type="stmt"/>
        <line num="85" count="0" type="stmt"/>
        <line num="89" count="0" type="stmt"/>
        <line num="114" count="0" type="stmt"/>
        <line num="116" count="0" type="cond" truecount="0" falsecount="2"/>
        <line num="117" count="0" type="stmt"/>
        <line num="119" count="0" type="stmt"/>
        <line num="127" count="0" type="stmt"/>
        <line num="183" count="2" type="stmt"/>
        <line num="200" count="2" type="stmt"/>
        <line num="205" count="2" type="stmt"/>
        <line num="227" count="2" type="stmt"/>
      </file>
      <file name="index.tsx" path="/Users/eveessex/dev/reaction/src/Apps/Artwork/Components/ArtworkImageBrowser/index.tsx">
        <metrics statements="12" coveredstatements="9" conditionals="2" coveredconditionals="2" methods="5" coveredmethods="3"/>
        <line num="18" count="3" type="stmt"/>
        <line num="21" count="3" type="stmt"/>
        <line num="22" count="3" type="cond" truecount="2" falsecount="0"/>
        <line num="23" count="1" type="stmt"/>
        <line num="26" count="8" type="stmt"/>
        <line num="27" count="2" type="stmt"/>
        <line num="30" count="2" type="stmt"/>
        <line num="36" count="0" type="stmt"/>
        <line num="45" count="1" type="stmt"/>
        <line num="82" count="1" type="stmt"/>
        <line num="87" count="0" type="stmt"/>
        <line num="89" count="0" type="stmt"/>
      </file>
    </package>
    <package name="src.Apps.Artwork.Components.ArtworkSidebar">
      <metrics statements="229" coveredstatements="180" conditionals="258" coveredconditionals="214" methods="96" coveredmethods="64"/>
      <file name="ArtworkSidebarArtists.tsx" path="/Users/eveessex/dev/reaction/src/Apps/Artwork/Components/ArtworkSidebar/ArtworkSidebarArtists.tsx">
        <metrics statements="14" coveredstatements="12" conditionals="9" coveredconditionals="8" methods="10" coveredmethods="8"/>
        <line num="21" count="4" type="cond" truecount="1" falsecount="1"/>
        <line num="32" count="4" type="stmt"/>
        <line num="33" count="0" type="stmt"/>
        <line num="41" count="2" type="stmt"/>
        <line num="54" count="0" type="stmt"/>
        <line num="57" count="2" type="stmt"/>
        <line num="69" count="2" type="stmt"/>
        <line num="70" count="2" type="stmt"/>
        <line num="71" count="2" type="stmt"/>
        <line num="81" count="1" type="stmt"/>
        <line num="90" count="4" type="stmt"/>
        <line num="91" count="4" type="stmt"/>
        <line num="94" count="4" type="stmt"/>
        <line num="110" count="2" type="stmt"/>
      </file>
      <file name="ArtworkSidebarAuctionPartnerInfo.tsx" path="/Users/eveessex/dev/reaction/src/Apps/Artwork/Components/ArtworkSidebar/ArtworkSidebarAuctionPartnerInfo.tsx">
        <metrics statements="8" coveredstatements="6" conditionals="13" coveredconditionals="10" methods="4" coveredmethods="2"/>
        <line num="18" count="0" type="stmt"/>
        <line num="25" count="0" type="cond" truecount="0" falsecount="3"/>
        <line num="33" count="4" type="stmt"/>
        <line num="34" count="4" type="cond" truecount="2" falsecount="0"/>
        <line num="35" count="1" type="stmt"/>
        <line num="37" count="3" type="stmt"/>
        <line num="40" count="3" type="stmt"/>
        <line num="67" count="2" type="stmt"/>
      </file>
      <file name="ArtworkSidebarBidAction.tsx" path="/Users/eveessex/dev/reaction/src/Apps/Artwork/Components/ArtworkSidebar/ArtworkSidebarBidAction.tsx">
        <metrics statements="41" coveredstatements="26" conditionals="50" coveredconditionals="42" methods="12" coveredmethods="4"/>
        <line num="35" count="13" type="stmt"/>
        <line num="39" count="13" type="stmt"/>
        <line num="40" count="0" type="stmt"/>
        <line num="43" count="13" type="stmt"/>
        <line num="44" count="0" type="stmt"/>
        <line num="45" count="0" type="stmt"/>
        <line num="48" count="0" type="stmt"/>
        <line num="65" count="0" type="stmt"/>
        <line num="66" count="0" type="cond" truecount="0" falsecount="2"/>
        <line num="67" count="0" type="stmt"/>
        <line num="80" count="0" type="stmt"/>
        <line num="81" count="0" type="stmt"/>
        <line num="82" count="0" type="cond" truecount="0" falsecount="2"/>
        <line num="83" count="0" type="stmt"/>
        <line num="85" count="0" type="stmt"/>
        <line num="90" count="13" type="stmt"/>
        <line num="92" count="13" type="cond" truecount="2" falsecount="0"/>
        <line num="94" count="12" type="stmt"/>
        <line num="96" count="12" type="cond" truecount="2" falsecount="0"/>
        <line num="104" count="12" type="cond" truecount="2" falsecount="0"/>
        <line num="105" count="12" type="cond" truecount="2" falsecount="0"/>
        <line num="107" count="12" type="cond" truecount="2" falsecount="0"/>
        <line num="108" count="3" type="stmt"/>
        <line num="115" count="0" type="stmt"/>
        <line num="134" count="9" type="cond" truecount="2" falsecount="0"/>
        <line num="135" count="4" type="stmt"/>
        <line num="138" count="4" type="stmt"/>
        <line num="148" count="0" type="stmt"/>
        <line num="161" count="5" type="cond" truecount="1" falsecount="1"/>
        <line num="162" count="5" type="cond" truecount="4" falsecount="0"/>
        <line num="163" count="1" type="stmt"/>
        <line num="169" count="4" type="cond" truecount="4" falsecount="0"/>
        <line num="170" count="1" type="stmt"/>
        <line num="178" count="3" type="cond" truecount="2" falsecount="0"/>
        <line num="179" count="3" type="stmt"/>
        <line num="180" count="12" type="cond" truecount="2" falsecount="0"/>
        <line num="182" count="3" type="stmt"/>
        <line num="183" count="12" type="stmt"/>
        <line num="188" count="3" type="stmt"/>
        <line num="207" count="0" type="stmt"/>
        <line num="217" count="2" type="stmt"/>
      </file>
      <file name="ArtworkSidebarClassification.tsx" path="/Users/eveessex/dev/reaction/src/Apps/Artwork/Components/ArtworkSidebar/ArtworkSidebarClassification.tsx">
        <metrics statements="16" coveredstatements="14" conditionals="2" coveredconditionals="2" methods="6" coveredmethods="4"/>
        <line num="24" count="9" type="stmt"/>
        <line num="35" count="1" type="stmt"/>
        <line num="38" count="9" type="stmt"/>
        <line num="39" count="0" type="stmt"/>
        <line num="43" count="10" type="stmt"/>
        <line num="44" count="10" type="cond" truecount="2" falsecount="0"/>
        <line num="45" count="2" type="stmt"/>
        <line num="47" count="8" type="stmt"/>
        <line num="53" count="0" type="stmt"/>
        <line num="71" count="3" type="stmt"/>
        <line num="84" count="3" type="stmt"/>
        <line num="88" count="3" type="stmt"/>
        <line num="90" count="3" type="stmt"/>
        <line num="91" count="3" type="stmt"/>
        <line num="138" count="3" type="stmt"/>
        <line num="142" count="21" type="stmt"/>
      </file>
      <file name="ArtworkSidebarCommercial.tsx" path="/Users/eveessex/dev/reaction/src/Apps/Artwork/Components/ArtworkSidebar/ArtworkSidebarCommercial.tsx">
        <metrics statements="61" coveredstatements="43" conditionals="70" coveredconditionals="53" methods="29" coveredmethods="19"/>
        <line num="48" count="2" type="stmt"/>
        <line num="49" count="0" type="stmt"/>
        <line num="54" count="2" type="stmt"/>
        <line num="63" count="13" type="stmt"/>
        <line num="71" count="13" type="stmt"/>
        <line num="73" count="13" type="stmt"/>
        <line num="74" count="3" type="cond" truecount="2" falsecount="0"/>
        <line num="79" count="23" type="stmt"/>
        <line num="88" count="0" type="cond" truecount="0" falsecount="2"/>
        <line num="91" count="0" type="stmt"/>
        <line num="98" count="0" type="cond" truecount="0" falsecount="2"/>
        <line num="99" count="0" type="stmt"/>
        <line num="104" count="0" type="stmt"/>
        <line num="113" count="0" type="stmt"/>
        <line num="118" count="0" type="stmt"/>
        <line num="120" count="0" type="stmt"/>
        <line num="121" count="0" type="stmt"/>
        <line num="131" count="0" type="stmt"/>
        <line num="134" count="13" type="stmt"/>
        <line num="135" count="2" type="stmt"/>
        <line num="136" count="2" type="stmt"/>
        <line num="142" count="13" type="stmt"/>
        <line num="143" count="2" type="stmt"/>
        <line num="146" count="0" type="stmt"/>
        <line num="154" count="0" type="cond" truecount="0" falsecount="2"/>
        <line num="160" count="0" type="stmt"/>
        <line num="175" count="2" type="stmt"/>
        <line num="176" count="2" type="cond" truecount="3" falsecount="1"/>
        <line num="177" count="2" type="stmt"/>
        <line num="178" count="2" type="cond" truecount="1" falsecount="1"/>
        <line num="179" count="2" type="stmt"/>
        <line num="211" count="2" type="stmt"/>
        <line num="216" count="2" type="stmt"/>
        <line num="221" count="2" type="stmt"/>
        <line num="222" count="2" type="cond" truecount="2" falsecount="0"/>
        <line num="223" count="1" type="stmt"/>
        <line num="230" count="1" type="stmt"/>
        <line num="241" count="0" type="stmt"/>
        <line num="248" count="0" type="stmt"/>
        <line num="256" count="2" type="stmt"/>
        <line num="257" count="2" type="cond" truecount="3" falsecount="1"/>
        <line num="258" count="2" type="stmt"/>
        <line num="259" count="2" type="cond" truecount="1" falsecount="1"/>
        <line num="260" count="2" type="stmt"/>
        <line num="292" count="2" type="stmt"/>
        <line num="297" count="2" type="stmt"/>
        <line num="302" count="2" type="stmt"/>
        <line num="303" count="2" type="cond" truecount="2" falsecount="0"/>
        <line num="304" count="1" type="stmt"/>
        <line num="311" count="1" type="stmt"/>
        <line num="324" count="0" type="stmt"/>
        <line num="332" count="25" type="stmt"/>
        <line num="337" count="25" type="stmt"/>
        <line num="339" count="25" type="cond" truecount="2" falsecount="0"/>
        <line num="341" count="25" type="cond" truecount="3" falsecount="1"/>
        <line num="342" count="0" type="stmt"/>
        <line num="345" count="25" type="stmt"/>
        <line num="448" count="2" type="stmt"/>
        <line num="449" count="1" type="stmt"/>
        <line num="451" count="1" type="stmt"/>
        <line num="460" count="2" type="stmt"/>
      </file>
      <file name="ArtworkSidebarCurrentBidInfo.tsx" path="/Users/eveessex/dev/reaction/src/Apps/Artwork/Components/ArtworkSidebar/ArtworkSidebarCurrentBidInfo.tsx">
        <metrics statements="24" coveredstatements="24" conditionals="37" coveredconditionals="36" methods="4" coveredmethods="4"/>
        <line num="26" count="12" type="stmt"/>
        <line num="29" count="12" type="cond" truecount="2" falsecount="0"/>
        <line num="31" count="11" type="cond" truecount="2" falsecount="0"/>
        <line num="32" count="1" type="stmt"/>
        <line num="44" count="10" type="cond" truecount="4" falsecount="0"/>
        <line num="46" count="9" type="stmt"/>
        <line num="47" count="9" type="stmt"/>
        <line num="49" count="9" type="cond" truecount="5" falsecount="0"/>
        <line num="55" count="9" type="stmt"/>
        <line num="56" count="9" type="stmt"/>
        <line num="57" count="9" type="cond" truecount="2" falsecount="0"/>
        <line num="58" count="6" type="cond" truecount="1" falsecount="1"/>
        <line num="59" count="6" type="cond" truecount="2" falsecount="0"/>
        <line num="61" count="9" type="cond" truecount="2" falsecount="0"/>
        <line num="62" count="6" type="stmt"/>
        <line num="63" count="6" type="stmt"/>
        <line num="65" count="9" type="stmt"/>
        <line num="72" count="9" type="cond" truecount="2" falsecount="0"/>
        <line num="73" count="9" type="cond" truecount="2" falsecount="0"/>
        <line num="74" count="9" type="cond" truecount="2" falsecount="0"/>
        <line num="76" count="9" type="cond" truecount="2" falsecount="0"/>
        <line num="77" count="9" type="stmt"/>
        <line num="78" count="9" type="stmt"/>
        <line num="120" count="2" type="stmt"/>
      </file>
      <file name="ArtworkSidebarExtraLinks.tsx" path="/Users/eveessex/dev/reaction/src/Apps/Artwork/Components/ArtworkSidebar/ArtworkSidebarExtraLinks.tsx">
        <metrics statements="35" coveredstatements="28" conditionals="35" coveredconditionals="25" methods="22" coveredmethods="15"/>
        <line num="20" count="2" type="stmt"/>
        <line num="21" count="10" type="stmt"/>
        <line num="32" count="0" type="stmt"/>
        <line num="38" count="1" type="stmt"/>
        <line num="41" count="0" type="stmt"/>
        <line num="47" count="1" type="cond" truecount="1" falsecount="2"/>
        <line num="52" count="0" type="stmt"/>
        <line num="58" count="1" type="stmt"/>
        <line num="61" count="0" type="stmt"/>
        <line num="67" count="1" type="cond" truecount="1" falsecount="2"/>
        <line num="72" count="0" type="stmt"/>
        <line num="78" count="1" type="cond" truecount="1" falsecount="2"/>
        <line num="85" count="0" type="stmt"/>
        <line num="91" count="1" type="cond" truecount="1" falsecount="2"/>
        <line num="98" count="0" type="stmt"/>
        <line num="104" count="4" type="stmt"/>
        <line num="108" count="1" type="stmt"/>
        <line num="119" count="1" type="stmt"/>
        <line num="131" count="3" type="stmt"/>
        <line num="133" count="3" type="cond" truecount="2" falsecount="0"/>
        <line num="134" count="1" type="stmt"/>
        <line num="146" count="2" type="cond" truecount="1" falsecount="1"/>
        <line num="147" count="2" type="stmt"/>
        <line num="159" count="5" type="stmt"/>
        <line num="169" count="5" type="stmt"/>
        <line num="170" count="5" type="stmt"/>
        <line num="171" count="6" type="stmt"/>
        <line num="174" count="5" type="cond" truecount="3" falsecount="0"/>
        <line num="175" count="5" type="cond" truecount="2" falsecount="0"/>
        <line num="176" count="5" type="cond" truecount="3" falsecount="1"/>
        <line num="178" count="5" type="stmt"/>
        <line num="195" count="2" type="stmt"/>
        <line num="196" count="5" type="stmt"/>
        <line num="197" count="5" type="stmt"/>
        <line num="200" count="2" type="stmt"/>
      </file>
      <file name="ArtworkSidebarMetadata.tsx" path="/Users/eveessex/dev/reaction/src/Apps/Artwork/Components/ArtworkSidebar/ArtworkSidebarMetadata.tsx">
        <metrics statements="5" coveredstatements="5" conditionals="6" coveredconditionals="6" methods="2" coveredmethods="2"/>
        <line num="19" count="7" type="stmt"/>
        <line num="20" count="7" type="stmt"/>
        <line num="22" count="7" type="cond" truecount="2" falsecount="0"/>
        <line num="24" count="7" type="stmt"/>
        <line num="39" count="2" type="stmt"/>
      </file>
      <file name="ArtworkSidebarPartnerInfo.tsx" path="/Users/eveessex/dev/reaction/src/Apps/Artwork/Components/ArtworkSidebar/ArtworkSidebarPartnerInfo.tsx">
        <metrics statements="9" coveredstatements="8" conditionals="12" coveredconditionals="11" methods="3" coveredmethods="3"/>
        <line num="16" count="5" type="stmt"/>
        <line num="17" count="5" type="cond" truecount="1" falsecount="1"/>
        <line num="18" count="0" type="stmt"/>
        <line num="21" count="5" type="cond" truecount="2" falsecount="0"/>
        <line num="32" count="3" type="stmt"/>
        <line num="40" count="5" type="stmt"/>
        <line num="42" count="5" type="cond" truecount="5" falsecount="0"/>
        <line num="47" count="5" type="stmt"/>
        <line num="69" count="2" type="stmt"/>
      </file>
      <file name="ArtworkSidebarSizeInfo.tsx" path="/Users/eveessex/dev/reaction/src/Apps/Artwork/Components/ArtworkSidebar/ArtworkSidebarSizeInfo.tsx">
        <metrics statements="5" coveredstatements="5" conditionals="15" coveredconditionals="15" methods="1" coveredmethods="1"/>
        <line num="17" count="6" type="stmt"/>
        <line num="18" count="6" type="cond" truecount="2" falsecount="0"/>
        <line num="22" count="1" type="stmt"/>
        <line num="24" count="5" type="stmt"/>
        <line num="34" count="3" type="stmt"/>
      </file>
      <file name="ArtworkSidebarTitleInfo.tsx" path="/Users/eveessex/dev/reaction/src/Apps/Artwork/Components/ArtworkSidebar/ArtworkSidebarTitleInfo.tsx">
        <metrics statements="3" coveredstatements="3" conditionals="5" coveredconditionals="5" methods="1" coveredmethods="1"/>
        <line num="15" count="7" type="stmt"/>
        <line num="16" count="7" type="stmt"/>
        <line num="30" count="2" type="stmt"/>
      </file>
      <file name="index.tsx" path="/Users/eveessex/dev/reaction/src/Apps/Artwork/Components/ArtworkSidebar/index.tsx">
        <metrics statements="8" coveredstatements="6" conditionals="4" coveredconditionals="1" methods="2" coveredmethods="1"/>
        <line num="28" count="1" type="stmt"/>
        <line num="30" count="1" type="stmt"/>
        <line num="43" count="1" type="stmt"/>
        <line num="45" count="1" type="stmt"/>
        <line num="83" count="1" type="stmt"/>
        <line num="109" count="1" type="stmt"/>
        <line num="114" count="0" type="stmt"/>
        <line num="116" count="0" type="stmt"/>
      </file>
    </package>
    <package name="src.Apps.Artwork.Components.OtherWorks">
      <metrics statements="46" coveredstatements="29" conditionals="35" coveredconditionals="25" methods="18" coveredmethods="9"/>
      <file name="Header.tsx" path="/Users/eveessex/dev/reaction/src/Apps/Artwork/Components/OtherWorks/Header.tsx">
        <metrics statements="4" coveredstatements="3" conditionals="2" coveredconditionals="2" methods="2" coveredmethods="1"/>
        <line num="10" count="2" type="stmt"/>
        <line num="11" count="5" type="stmt"/>
        <line num="13" count="5" type="stmt"/>
        <line num="23" count="0" type="stmt"/>
      </file>
      <file name="RelatedWorksArtworkGrid.tsx" path="/Users/eveessex/dev/reaction/src/Apps/Artwork/Components/OtherWorks/RelatedWorksArtworkGrid.tsx">
[...]
        <line num="87" count="1" type="stmt"/>
        <line num="94" count="1" type="stmt"/>
        <line num="102" count="1" type="stmt"/>
        <line num="109" count="1" type="stmt"/>
        <line num="116" count="1" type="stmt"/>
        <line num="123" count="1" type="stmt"/>
        <line num="130" count="1" type="stmt"/>
        <line num="180" count="1" type="stmt"/>
        <line num="293" count="1" type="stmt"/>
      </file>
      <file name="TransactionDetailsSummaryItem_order.graphql.ts" path="/Users/eveessex/dev/reaction/src/__generated__/TransactionDetailsSummaryItem_order.graphql.ts">
        <metrics statements="11" coveredstatements="11" conditionals="0" coveredconditionals="0" methods="1" coveredmethods="1"/>
        <line num="49" count="10" type="stmt"/>
        <line num="50" count="10" type="stmt"/>
        <line num="57" count="10" type="stmt"/>
        <line num="65" count="10" type="stmt"/>
        <line num="72" count="10" type="stmt"/>
        <line num="79" count="10" type="stmt"/>
        <line num="86" count="10" type="stmt"/>
        <line num="93" count="10" type="stmt"/>
        <line num="100" count="10" type="stmt"/>
        <line num="150" count="10" type="stmt"/>
        <line num="220" count="10" type="stmt"/>
      </file>
      <file name="VerifiedSeller_artwork.graphql.ts" path="/Users/eveessex/dev/reaction/src/__generated__/VerifiedSeller_artwork.graphql.ts">
        <metrics statements="4" coveredstatements="4" conditionals="0" coveredconditionals="0" methods="1" coveredmethods="1"/>
        <line num="17" count="1" type="stmt"/>
        <line num="18" count="1" type="stmt"/>
        <line num="25" count="1" type="stmt"/>
        <line num="69" count="1" type="stmt"/>
      </file>
      <file name="commitMutationTest1Mutation.graphql.ts" path="/Users/eveessex/dev/reaction/src/__generated__/commitMutationTest1Mutation.graphql.ts">
        <metrics statements="6" coveredstatements="6" conditionals="0" coveredconditionals="0" methods="1" coveredmethods="1"/>
        <line num="45" count="1" type="stmt"/>
        <line num="46" count="1" type="stmt"/>
        <line num="54" count="1" type="stmt"/>
        <line num="62" count="1" type="stmt"/>
        <line num="86" count="1" type="stmt"/>
        <line num="164" count="1" type="stmt"/>
      </file>
      <file name="createMockNetworkLayerTestAliasPrecendenceQuery.graphql.ts" path="/Users/eveessex/dev/reaction/src/__generated__/createMockNetworkLayerTestAliasPrecendenceQuery.graphql.ts">
        <metrics statements="5" coveredstatements="5" conditionals="0" coveredconditionals="0" methods="1" coveredmethods="1"/>
        <line num="30" count="1" type="stmt"/>
        <line num="31" count="1" type="stmt"/>
        <line num="38" count="1" type="stmt"/>
        <line num="78" count="1" type="stmt"/>
        <line num="101" count="1" type="stmt"/>
      </file>
      <file name="createMockNetworkLayerTestAliasQuery.graphql.ts" path="/Users/eveessex/dev/reaction/src/__generated__/createMockNetworkLayerTestAliasQuery.graphql.ts">
        <metrics statements="6" coveredstatements="6" conditionals="0" coveredconditionals="0" methods="1" coveredmethods="1"/>
        <line num="36" count="1" type="stmt"/>
        <line num="37" count="1" type="stmt"/>
        <line num="44" count="1" type="stmt"/>
        <line num="47" count="1" type="stmt"/>
        <line num="102" count="1" type="stmt"/>
        <line num="125" count="1" type="stmt"/>
      </file>
      <file name="createMockNetworkLayerTestMutationResultsMutation.graphql.ts" path="/Users/eveessex/dev/reaction/src/__generated__/createMockNetworkLayerTestMutationResultsMutation.graphql.ts">
        <metrics statements="10" coveredstatements="10" conditionals="0" coveredconditionals="0" methods="1" coveredmethods="1"/>
        <line num="61" count="1" type="stmt"/>
        <line num="62" count="1" type="stmt"/>
        <line num="70" count="1" type="stmt"/>
        <line num="78" count="1" type="stmt"/>
        <line num="85" count="1" type="stmt"/>
        <line num="92" count="1" type="stmt"/>
        <line num="99" count="1" type="stmt"/>
        <line num="137" count="1" type="stmt"/>
        <line num="144" count="1" type="stmt"/>
        <line num="257" count="1" type="stmt"/>
      </file>
      <file name="createMockNetworkLayerTestQuery.graphql.ts" path="/Users/eveessex/dev/reaction/src/__generated__/createMockNetworkLayerTestQuery.graphql.ts">
        <metrics statements="4" coveredstatements="4" conditionals="0" coveredconditionals="0" methods="1" coveredmethods="1"/>
        <line num="27" count="1" type="stmt"/>
        <line num="28" count="1" type="stmt"/>
        <line num="62" count="1" type="stmt"/>
        <line num="85" count="1" type="stmt"/>
      </file>
      <file name="createTestEnvCreditCardMutation.graphql.ts" path="/Users/eveessex/dev/reaction/src/__generated__/createTestEnvCreditCardMutation.graphql.ts">
        <metrics statements="7" coveredstatements="7" conditionals="0" coveredconditionals="0" methods="1" coveredmethods="1"/>
        <line num="54" count="1" type="stmt"/>
        <line num="55" count="1" type="stmt"/>
        <line num="63" count="1" type="stmt"/>
        <line num="71" count="1" type="stmt"/>
        <line num="95" count="1" type="stmt"/>
        <line num="126" count="1" type="stmt"/>
        <line num="206" count="1" type="stmt"/>
      </file>
      <file name="createTestEnvOrderMutation.graphql.ts" path="/Users/eveessex/dev/reaction/src/__generated__/createTestEnvOrderMutation.graphql.ts">
        <metrics statements="9" coveredstatements="9" conditionals="0" coveredconditionals="0" methods="1" coveredmethods="1"/>
        <line num="56" count="1" type="stmt"/>
        <line num="57" count="1" type="stmt"/>
        <line num="65" count="1" type="stmt"/>
        <line num="73" count="1" type="stmt"/>
        <line num="97" count="1" type="stmt"/>
        <line num="104" count="1" type="stmt"/>
        <line num="111" count="1" type="stmt"/>
        <line num="118" count="1" type="stmt"/>
        <line num="229" count="1" type="stmt"/>
      </file>
      <file name="createTestEnvQuery.graphql.ts" path="/Users/eveessex/dev/reaction/src/__generated__/createTestEnvQuery.graphql.ts">
        <metrics statements="5" coveredstatements="5" conditionals="0" coveredconditionals="0" methods="1" coveredmethods="1"/>
        <line num="36" count="1" type="stmt"/>
        <line num="37" count="1" type="stmt"/>
        <line num="45" count="1" type="stmt"/>
        <line num="52" count="1" type="stmt"/>
        <line num="132" count="1" type="stmt"/>
      </file>
      <file name="createTestEnv_artwork.graphql.ts" path="/Users/eveessex/dev/reaction/src/__generated__/createTestEnv_artwork.graphql.ts">
        <metrics statements="4" coveredstatements="4" conditionals="0" coveredconditionals="0" methods="1" coveredmethods="1"/>
        <line num="16" count="1" type="stmt"/>
        <line num="17" count="1" type="stmt"/>
        <line num="24" count="1" type="stmt"/>
        <line num="61" count="1" type="stmt"/>
      </file>
      <file name="routes_CounterQuery.graphql.ts" path="/Users/eveessex/dev/reaction/src/__generated__/routes_CounterQuery.graphql.ts">
        <metrics statements="21" coveredstatements="21" conditionals="0" coveredconditionals="0" methods="1" coveredmethods="1"/>
        <line num="216" count="1" type="stmt"/>
        <line num="217" count="1" type="stmt"/>
        <line num="225" count="1" type="stmt"/>
        <line num="233" count="1" type="stmt"/>
        <line num="240" count="1" type="stmt"/>
        <line num="248" count="1" type="stmt"/>
        <line num="255" count="1" type="stmt"/>
        <line num="262" count="1" type="stmt"/>
        <line num="269" count="1" type="stmt"/>
        <line num="276" count="1" type="stmt"/>
        <line num="283" count="1" type="stmt"/>
        <line num="290" count="1" type="stmt"/>
        <line num="297" count="1" type="stmt"/>
        <line num="304" count="1" type="stmt"/>
        <line num="311" count="1" type="stmt"/>
        <line num="318" count="1" type="stmt"/>
        <line num="325" count="1" type="stmt"/>
        <line num="332" count="1" type="stmt"/>
        <line num="339" count="1" type="stmt"/>
        <line num="346" count="1" type="stmt"/>
        <line num="792" count="1" type="stmt"/>
      </file>
      <file name="routes_NewPaymentQuery.graphql.ts" path="/Users/eveessex/dev/reaction/src/__generated__/routes_NewPaymentQuery.graphql.ts">
        <metrics statements="28" coveredstatements="28" conditionals="0" coveredconditionals="0" methods="1" coveredmethods="1"/>
        <line num="221" count="1" type="stmt"/>
        <line num="222" count="1" type="stmt"/>
        <line num="230" count="1" type="stmt"/>
        <line num="237" count="1" type="stmt"/>
        <line num="245" count="1" type="stmt"/>
        <line num="252" count="1" type="stmt"/>
        <line num="259" count="1" type="stmt"/>
        <line num="266" count="1" type="stmt"/>
        <line num="273" count="1" type="stmt"/>
        <line num="280" count="1" type="stmt"/>
        <line num="287" count="1" type="stmt"/>
        <line num="294" count="1" type="stmt"/>
        <line num="301" count="1" type="stmt"/>
        <line num="309" count="1" type="stmt"/>
        <line num="316" count="1" type="stmt"/>
        <line num="323" count="1" type="stmt"/>
        <line num="330" count="1" type="stmt"/>
        <line num="337" count="1" type="stmt"/>
        <line num="344" count="1" type="stmt"/>
        <line num="351" count="1" type="stmt"/>
        <line num="358" count="1" type="stmt"/>
        <line num="365" count="1" type="stmt"/>
        <line num="372" count="1" type="stmt"/>
        <line num="379" count="1" type="stmt"/>
        <line num="386" count="1" type="stmt"/>
        <line num="393" count="1" type="stmt"/>
        <line num="400" count="1" type="stmt"/>
        <line num="873" count="1" type="stmt"/>
      </file>
      <file name="routes_OfferQuery.graphql.ts" path="/Users/eveessex/dev/reaction/src/__generated__/routes_OfferQuery.graphql.ts">
        <metrics statements="16" coveredstatements="16" conditionals="0" coveredconditionals="0" methods="1" coveredmethods="1"/>
        <line num="134" count="1" type="stmt"/>
        <line num="135" count="1" type="stmt"/>
        <line num="143" count="1" type="stmt"/>
        <line num="151" count="1" type="stmt"/>
        <line num="158" count="1" type="stmt"/>
        <line num="165" count="1" type="stmt"/>
        <line num="173" count="1" type="stmt"/>
        <line num="180" count="1" type="stmt"/>
        <line num="187" count="1" type="stmt"/>
        <line num="194" count="1" type="stmt"/>
        <line num="201" count="1" type="stmt"/>
        <line num="208" count="1" type="stmt"/>
        <line num="215" count="1" type="stmt"/>
        <line num="222" count="1" type="stmt"/>
        <line num="266" count="1" type="stmt"/>
        <line num="533" count="1" type="stmt"/>
      </file>
      <file name="routes_OrderQuery.graphql.ts" path="/Users/eveessex/dev/reaction/src/__generated__/routes_OrderQuery.graphql.ts">
        <metrics statements="18" coveredstatements="18" conditionals="0" coveredconditionals="0" methods="1" coveredmethods="1"/>
        <line num="106" count="1" type="stmt"/>
        <line num="107" count="1" type="stmt"/>
        <line num="115" count="1" type="stmt"/>
        <line num="122" count="1" type="stmt"/>
        <line num="141" count="1" type="stmt"/>
        <line num="149" count="1" type="stmt"/>
        <line num="156" count="1" type="stmt"/>
        <line num="163" count="1" type="stmt"/>
        <line num="170" count="1" type="stmt"/>
        <line num="177" count="1" type="stmt"/>
        <line num="184" count="1" type="stmt"/>
        <line num="196" count="1" type="stmt"/>
        <line num="203" count="1" type="stmt"/>
        <line num="264" count="1" type="stmt"/>
        <line num="277" count="1" type="stmt"/>
        <line num="288" count="1" type="stmt"/>
        <line num="321" count="1" type="stmt"/>
        <line num="389" count="1" type="stmt"/>
      </file>
      <file name="routes_PaymentQuery.graphql.ts" path="/Users/eveessex/dev/reaction/src/__generated__/routes_PaymentQuery.graphql.ts">
        <metrics statements="24" coveredstatements="24" conditionals="0" coveredconditionals="0" methods="1" coveredmethods="1"/>
        <line num="208" count="1" type="stmt"/>
        <line num="209" count="1" type="stmt"/>
        <line num="217" count="1" type="stmt"/>
        <line num="224" count="1" type="stmt"/>
        <line num="232" count="1" type="stmt"/>
        <line num="239" count="1" type="stmt"/>
        <line num="246" count="1" type="stmt"/>
        <line num="253" count="1" type="stmt"/>
        <line num="260" count="1" type="stmt"/>
        <line num="267" count="1" type="stmt"/>
        <line num="274" count="1" type="stmt"/>
        <line num="281" count="1" type="stmt"/>
        <line num="288" count="1" type="stmt"/>
        <line num="295" count="1" type="stmt"/>
        <line num="302" count="1" type="stmt"/>
        <line num="309" count="1" type="stmt"/>
        <line num="317" count="1" type="stmt"/>
        <line num="324" count="1" type="stmt"/>
        <line num="331" count="1" type="stmt"/>
        <line num="338" count="1" type="stmt"/>
        <line num="345" count="1" type="stmt"/>
        <line num="352" count="1" type="stmt"/>
        <line num="396" count="1" type="stmt"/>
        <line num="816" count="1" type="stmt"/>
      </file>
      <file name="routes_RegisterQuery.graphql.ts" path="/Users/eveessex/dev/reaction/src/__generated__/routes_RegisterQuery.graphql.ts">
        <metrics statements="13" coveredstatements="13" conditionals="0" coveredconditionals="0" methods="1" coveredmethods="1"/>
        <line num="70" count="1" type="stmt"/>
        <line num="71" count="1" type="stmt"/>
        <line num="79" count="1" type="stmt"/>
        <line num="87" count="1" type="stmt"/>
        <line num="94" count="1" type="stmt"/>
        <line num="101" count="1" type="stmt"/>
        <line num="108" count="1" type="stmt"/>
        <line num="115" count="1" type="stmt"/>
        <line num="122" count="1" type="stmt"/>
        <line num="129" count="1" type="stmt"/>
        <line num="148" count="1" type="stmt"/>
        <line num="155" count="1" type="stmt"/>
        <line num="267" count="1" type="stmt"/>
      </file>
      <file name="routes_RespondQuery.graphql.ts" path="/Users/eveessex/dev/reaction/src/__generated__/routes_RespondQuery.graphql.ts">
        <metrics statements="22" coveredstatements="22" conditionals="0" coveredconditionals="0" methods="1" coveredmethods="1"/>
        <line num="221" count="1" type="stmt"/>
        <line num="222" count="1" type="stmt"/>
        <line num="230" count="1" type="stmt"/>
        <line num="238" count="1" type="stmt"/>
        <line num="245" count="1" type="stmt"/>
        <line num="252" count="1" type="stmt"/>
        <line num="259" count="1" type="stmt"/>
        <line num="267" count="1" type="stmt"/>
        <line num="274" count="1" type="stmt"/>
        <line num="281" count="1" type="stmt"/>
        <line num="288" count="1" type="stmt"/>
        <line num="295" count="1" type="stmt"/>
        <line num="302" count="1" type="stmt"/>
        <line num="309" count="1" type="stmt"/>
        <line num="316" count="1" type="stmt"/>
        <line num="323" count="1" type="stmt"/>
        <line num="330" count="1" type="stmt"/>
        <line num="337" count="1" type="stmt"/>
        <line num="344" count="1" type="stmt"/>
        <line num="351" count="1" type="stmt"/>
        <line num="358" count="1" type="stmt"/>
        <line num="820" count="1" type="stmt"/>
      </file>
      <file name="routes_ReviewQuery.graphql.ts" path="/Users/eveessex/dev/reaction/src/__generated__/routes_ReviewQuery.graphql.ts">
        <metrics statements="23" coveredstatements="23" conditionals="0" coveredconditionals="0" methods="1" coveredmethods="1"/>
        <line num="234" count="1" type="stmt"/>
        <line num="235" count="1" type="stmt"/>
        <line num="243" count="1" type="stmt"/>
        <line num="251" count="1" type="stmt"/>
        <line num="258" count="1" type="stmt"/>
        <line num="266" count="1" type="stmt"/>
        <line num="273" count="1" type="stmt"/>
        <line num="280" count="1" type="stmt"/>
        <line num="289" count="1" type="stmt"/>
        <line num="314" count="1" type="stmt"/>
        <line num="321" count="1" type="stmt"/>
        <line num="328" count="1" type="stmt"/>
        <line num="335" count="1" type="stmt"/>
        <line num="342" count="1" type="stmt"/>
        <line num="349" count="1" type="stmt"/>
        <line num="356" count="1" type="stmt"/>
        <line num="363" count="1" type="stmt"/>
        <line num="370" count="1" type="stmt"/>
        <line num="377" count="1" type="stmt"/>
        <line num="384" count="1" type="stmt"/>
        <line num="391" count="1" type="stmt"/>
        <line num="398" count="1" type="stmt"/>
        <line num="856" count="1" type="stmt"/>
      </file>
      <file name="routes_ShippingQuery.graphql.ts" path="/Users/eveessex/dev/reaction/src/__generated__/routes_ShippingQuery.graphql.ts">
        <metrics statements="17" coveredstatements="17" conditionals="0" coveredconditionals="0" methods="1" coveredmethods="1"/>
        <line num="147" count="1" type="stmt"/>
        <line num="148" count="1" type="stmt"/>
        <line num="156" count="1" type="stmt"/>
        <line num="164" count="1" type="stmt"/>
        <line num="171" count="1" type="stmt"/>
        <line num="179" count="1" type="stmt"/>
        <line num="186" count="1" type="stmt"/>
        <line num="193" count="1" type="stmt"/>
        <line num="200" count="1" type="stmt"/>
        <line num="207" count="1" type="stmt"/>
        <line num="214" count="1" type="stmt"/>
        <line num="221" count="1" type="stmt"/>
        <line num="228" count="1" type="stmt"/>
        <line num="235" count="1" type="stmt"/>
        <line num="242" count="1" type="stmt"/>
        <line num="286" count="1" type="stmt"/>
        <line num="622" count="1" type="stmt"/>
      </file>
      <file name="routes_StatusQuery.graphql.ts" path="/Users/eveessex/dev/reaction/src/__generated__/routes_StatusQuery.graphql.ts">
        <metrics statements="17" coveredstatements="17" conditionals="0" coveredconditionals="0" methods="1" coveredmethods="1"/>
        <line num="206" count="1" type="stmt"/>
        <line num="207" count="1" type="stmt"/>
        <line num="215" count="1" type="stmt"/>
        <line num="223" count="1" type="stmt"/>
        <line num="230" count="1" type="stmt"/>
        <line num="237" count="1" type="stmt"/>
        <line num="244" count="1" type="stmt"/>
        <line num="251" count="1" type="stmt"/>
        <line num="258" count="1" type="stmt"/>
        <line num="266" count="1" type="stmt"/>
        <line num="273" count="1" type="stmt"/>
        <line num="280" count="1" type="stmt"/>
        <line num="287" count="1" type="stmt"/>
        <line num="294" count="1" type="stmt"/>
        <line num="301" count="1" type="stmt"/>
        <line num="345" count="1" type="stmt"/>
        <line num="789" count="1" type="stmt"/>
      </file>
      <file name="timeQuery.graphql.ts" path="/Users/eveessex/dev/reaction/src/__generated__/timeQuery.graphql.ts">
        <metrics statements="4" coveredstatements="4" conditionals="0" coveredconditionals="0" methods="1" coveredmethods="1"/>
        <line num="29" count="5" type="stmt"/>
        <line num="30" count="5" type="stmt"/>
        <line num="61" count="5" type="stmt"/>
        <line num="84" count="5" type="stmt"/>
      </file>
    </package>
  </project>
</coverage>
