TN:
SF:/Users/eveessex/dev/reaction/data/schema.graphql
FNF:0
FNH:0
DA:1,65
LF:1
LH:1
BRF:0
BRH:0
end_of_record
TN:
SF:/Users/eveessex/dev/reaction/src/Apps/Artist/Components/ArtistHeader.tsx
FN:57,(anonymous_0)
FN:61,(anonymous_1)
FN:47,(anonymous_2)
FN:80,(anonymous_3)
FN:80,(anonymous_4)
FN:94,(anonymous_5)
FN:110,(anonymous_6)
FN:112,(anonymous_7)
FN:154,(anonymous_8)
FN:166,(anonymous_9)
FN:166,(anonymous_10)
FN:180,(anonymous_11)
FN:197,(anonymous_12)
FN:199,(anonymous_13)
FN:242,(anonymous_14)
FN:252,(anonymous_15)
FNF:16
FNH:6
FNDA:2,(anonymous_0)
FNDA:2,(anonymous_1)
FNDA:0,(anonymous_2)
FNDA:0,(anonymous_3)
FNDA:0,(anonymous_4)
FNDA:2,(anonymous_5)
FNDA:8,(anonymous_6)
FNDA:0,(anonymous_7)
FNDA:0,(anonymous_8)
FNDA:0,(anonymous_9)
FNDA:0,(anonymous_10)
FNDA:2,(anonymous_11)
FNDA:8,(anonymous_12)
FNDA:0,(anonymous_13)
FNDA:0,(anonymous_14)
FNDA:0,(anonymous_15)
DA:19,1
DA:34,1
DA:44,1
DA:48,0
DA:58,2
DA:59,2
DA:62,2
DA:81,0
DA:95,2
DA:99,2
DA:101,2
DA:102,2
DA:104,2
DA:111,8
DA:112,0
DA:154,0
DA:167,0
DA:181,2
DA:185,2
DA:187,2
DA:188,2
DA:190,2
DA:198,8
DA:199,0
DA:242,0
DA:252,1
DA:253,0
DA:260,1
LF:28
LH:20
BRDA:101,0,0,2
BRDA:101,0,1,2
BRDA:106,1,0,2
BRDA:106,1,1,2
BRDA:138,2,0,2
BRDA:138,2,1,2
BRDA:143,3,0,2
BRDA:143,3,1,2
BRDA:187,4,0,2
BRDA:187,4,1,2
BRDA:192,5,0,2
BRDA:192,5,1,2
BRDA:224,6,0,2
BRDA:224,6,1,2
BRDA:229,7,0,2
BRDA:229,7,1,2
BRF:16
BRH:16
end_of_record
TN:
SF:/Users/eveessex/dev/reaction/src/Apps/Artist/Components/ArtistMeta.tsx
FN:15,(anonymous_0)
FN:37,(anonymous_1)
FN:54,(anonymous_2)
FN:59,(anonymous_3)
FN:76,(anonymous_4)
FN:96,(anonymous_5)
FN:118,(anonymous_6)
FN:138,(anonymous_7)
FN:149,(anonymous_8)
FN:155,(anonymous_9)
FNF:10
FNH:6
FNDA:4,(anonymous_0)
FNDA:8,(anonymous_1)
FNDA:3,(anonymous_2)
FNDA:3,(anonymous_3)
FNDA:4,(anonymous_4)
FNDA:2,(anonymous_5)
FNDA:0,(anonymous_6)
FNDA:0,(anonymous_7)
FNDA:0,(anonymous_8)
FNDA:0,(anonymous_9)
DA:15,1
DA:16,4
DA:17,4
DA:18,4
DA:20,4
DA:37,1
DA:38,8
DA:39,0
DA:42,8
DA:43,8
DA:45,8
DA:54,1
DA:55,3
DA:58,3
DA:60,3
DA:61,3
DA:63,3
DA:65,3
DA:73,3
DA:76,1
DA:80,4
DA:82,4
DA:96,1
DA:97,2
DA:98,2
DA:114,2
DA:119,0
DA:120,0
DA:121,0
DA:122,0
DA:130,0
DA:139,0
DA:140,0
DA:141,0
DA:150,0
DA:152,0
DA:156,0
DA:157,0
DA:194,1
LF:39
LH:26
BRDA:16,0,0,4
BRDA:16,0,1,0
BRDA:38,1,0,0
BRDA:38,1,1,8
BRDA:42,2,0,8
BRDA:42,2,1,8
BRDA:43,3,0,8
BRDA:43,3,1,8
BRDA:46,4,0,8
BRDA:46,4,1,8
BRDA:58,5,0,3
BRDA:58,5,1,3
BRDA:63,6,0,3
BRDA:63,6,1,0
BRDA:100,7,0,2
BRDA:100,7,1,0
BRDA:107,8,0,2
BRDA:107,8,1,0
BRDA:120,9,0,0
BRDA:120,9,1,0
BRDA:121,10,0,0
BRDA:121,10,1,0
BRDA:121,11,0,0
BRDA:121,11,1,0
BRDA:140,12,0,0
BRDA:140,12,1,0
BRDA:140,13,0,0
BRDA:140,13,1,0
BRDA:170,14,0,0
BRDA:170,14,1,0
BRDA:177,15,0,0
BRDA:177,15,1,0
BRDA:180,16,0,0
BRDA:180,16,1,0
BRDA:183,17,0,0
BRDA:183,17,1,0
BRF:36
BRH:13
end_of_record
TN:
SF:/Users/eveessex/dev/reaction/src/Apps/Artist/Components/NavigationTabs.tsx
FN:18,(anonymous_0)
FN:18,(anonymous_1)
FN:27,(anonymous_2)
FN:43,(anonymous_3)
FN:53,(anonymous_4)
FN:59,(anonymous_5)
FN:82,(anonymous_6)
FNF:7
FNH:4
FNDA:0,(anonymous_0)
FNDA:0,(anonymous_1)
FNDA:4,(anonymous_2)
FNDA:0,(anonymous_3)
FNDA:1,(anonymous_4)
FNDA:4,(anonymous_5)
FNDA:1,(anonymous_6)
DA:18,0
DA:37,4
DA:39,4
DA:44,0
DA:45,0
DA:57,1
DA:59,4
DA:61,1
DA:83,1
DA:93,1
LF:10
LH:7
BRDA:44,0,0,0
BRDA:44,0,1,0
BRDA:67,1,0,1
BRDA:67,1,1,1
BRDA:68,2,0,1
BRDA:68,2,1,0
BRDA:72,3,0,1
BRDA:72,3,1,1
BRDA:74,4,0,1
BRDA:74,4,1,1
BRF:10
BRH:7
end_of_record
TN:
SF:/Users/eveessex/dev/reaction/src/Apps/Artist/Components/ArtistCollectionsRail/ArtistCollectionEntity.tsx
FN:20,(anonymous_0)
FN:20,(anonymous_1)
FN:31,(anonymous_2)
FN:39,(anonymous_3)
FN:42,(anonymous_4)
FN:55,(anonymous_5)
FN:56,(anonymous_6)
FN:137,(anonymous_7)
FNF:8
FNH:8
FNDA:1,(anonymous_0)
FNDA:1,(anonymous_1)
FNDA:78,(anonymous_2)
FNDA:230,(anonymous_3)
FNDA:230,(anonymous_4)
FNDA:229,(anonymous_5)
FNDA:229,(anonymous_6)
FNDA:230,(anonymous_7)
DA:20,1
DA:38,78
DA:39,230
DA:40,78
DA:41,78
DA:42,230
DA:45,78
DA:47,78
DA:56,229
DA:57,229
DA:60,229
DA:100,3
DA:104,3
DA:117,3
DA:126,3
DA:136,3
DA:137,230
DA:143,3
DA:147,3
LF:19
LH:19
BRDA:40,0,0,78
BRDA:40,0,1,78
BRDA:40,0,2,51
BRDA:42,1,0,230
BRDA:42,1,1,229
BRDA:42,1,2,229
BRDA:45,2,0,0
BRDA:45,2,1,78
BRDA:45,3,0,2
BRDA:45,3,1,76
BRDA:54,4,0,77
BRDA:54,4,1,1
BRDA:57,5,0,229
BRDA:57,5,1,0
BRDA:85,6,0,78
BRDA:85,6,1,78
BRF:16
BRH:14
end_of_record
TN:
SF:/Users/eveessex/dev/reaction/src/Apps/Artist/Components/ArtistCollectionsRail/ArtistCollectionsRail.tsx
FN:25,(anonymous_0)
FN:34,(anonymous_1)
FN:45,(anonymous_2)
FN:67,(anonymous_3)
FN:75,(anonymous_4)
FN:82,(anonymous_5)
FN:20,(anonymous_6)
FNF:7
FNH:6
FNDA:1,(anonymous_0)
FNDA:1,(anonymous_1)
FNDA:5,(anonymous_2)
FNDA:73,(anonymous_3)
FNDA:9,(anonymous_4)
FNDA:9,(anonymous_5)
FNDA:0,(anonymous_6)
DA:20,0
DA:46,5
DA:47,5
DA:48,4
DA:68,73
DA:76,9
DA:83,9
DA:93,1
DA:98,2
DA:106,2
LF:10
LH:9
BRDA:47,0,0,4
BRDA:47,0,1,1
BRDA:59,1,0,0
BRDA:59,1,1,4
BRDA:60,2,0,0
BRDA:60,2,1,4
BRDA:85,3,0,9
BRDA:85,3,1,3
BRF:8
BRH:6
end_of_record
TN:
SF:/Users/eveessex/dev/reaction/src/Apps/Artist/Components/ArtistCollectionsRail/index.tsx
FN:15,(anonymous_0)
FNF:1
FNH:1
FNDA:3,(anonymous_0)
DA:15,1
DA:16,3
DA:18,3
LF:3
LH:3
BRF:0
BRH:0
end_of_record
TN:
SF:/Users/eveessex/dev/reaction/src/Apps/Artist/Components/MarketDataSummary/MarketDataSummary.tsx
FN:26,(anonymous_0)
FN:37,(anonymous_1)
FN:65,(anonymous_2)
FN:69,(anonymous_3)
FN:71,(anonymous_4)
FN:72,(anonymous_5)
FN:82,(anonymous_6)
FN:97,(anonymous_7)
FN:108,(anonymous_8)
FN:119,(anonymous_9)
FNF:10
FNH:10
FNDA:6,(anonymous_0)
FNDA:6,(anonymous_1)
FNDA:4,(anonymous_2)
FNDA:4,(anonymous_3)
FNDA:12,(anonymous_4)
FNDA:36,(anonymous_5)
FNDA:12,(anonymous_6)
FNDA:4,(anonymous_7)
FNDA:4,(anonymous_8)
FNDA:6,(anonymous_9)
DA:9,1
DA:18,1
DA:23,1
DA:28,6
DA:29,6
DA:30,1
DA:32,5
DA:34,6
DA:38,6
DA:39,6
DA:42,6
DA:43,4
DA:47,2
DA:52,0
DA:56,2
DA:57,0
DA:60,2
DA:66,4
DA:67,4
DA:68,4
DA:69,4
DA:71,4
DA:72,12
DA:73,36
DA:74,4
DA:78,4
DA:81,4
DA:83,12
DA:86,4
DA:98,4
DA:102,0
DA:104,4
DA:105,4
DA:109,4
DA:110,4
DA:111,0
DA:113,4
DA:114,4
DA:116,0
DA:120,6
DA:122,6
DA:123,4
DA:130,2
DA:131,1
DA:135,1
LF:45
LH:40
BRDA:29,0,0,1
BRDA:29,0,1,5
BRDA:42,1,0,4
BRDA:42,1,1,2
BRDA:42,2,0,6
BRDA:42,2,1,6
BRDA:42,2,2,6
BRDA:47,3,0,0
BRDA:47,3,1,2
BRDA:48,4,0,2
BRDA:48,4,1,0
BRDA:48,4,2,0
BRDA:56,5,0,0
BRDA:56,5,1,2
BRDA:56,6,0,2
BRDA:56,6,1,0
BRDA:68,7,0,4
BRDA:68,7,1,0
BRDA:68,8,0,4
BRDA:68,8,1,4
BRDA:68,8,2,4
BRDA:73,9,0,4
BRDA:73,9,1,32
BRDA:83,10,0,12
BRDA:83,10,1,4
BRDA:98,11,0,0
BRDA:98,11,1,4
BRDA:99,12,0,4
BRDA:99,12,1,4
BRDA:110,13,0,0
BRDA:110,13,1,4
BRDA:110,14,0,4
BRDA:110,14,1,4
BRDA:113,15,0,4
BRDA:113,15,1,0
BRDA:122,16,0,4
BRDA:122,16,1,2
BRDA:130,17,0,1
BRDA:130,17,1,1
BRF:39
BRH:30
end_of_record
TN:
SF:/Users/eveessex/dev/reaction/src/Apps/Artist/Components/MarketInsights/MarketInsights.tsx
FN:64,(anonymous_0)
FN:65,(anonymous_1)
FN:67,(anonymous_2)
FN:68,(anonymous_3)
FN:78,(anonymous_4)
FN:81,(anonymous_5)
FN:85,(anonymous_6)
FN:119,(anonymous_7)
FN:146,(anonymous_8)
FN:162,(anonymous_9)
FN:173,(anonymous_10)
FN:184,(anonymous_11)
FN:199,(anonymous_12)
FNF:13
FNH:13
FNDA:12,(anonymous_0)
FNDA:53,(anonymous_1)
FNDA:159,(anonymous_2)
FNDA:468,(anonymous_3)
FNDA:8,(anonymous_4)
FNDA:24,(anonymous_5)
FNDA:19,(anonymous_6)
FNDA:6,(anonymous_7)
FNDA:4,(anonymous_8)
FNDA:4,(anonymous_9)
FNDA:4,(anonymous_10)
FNDA:4,(anonymous_11)
FNDA:5,(anonymous_12)
DA:13,39
DA:17,39
DA:28,39
DA:38,39
DA:47,39
DA:53,39
DA:55,39
DA:64,39
DA:65,12
DA:67,53
DA:68,159
DA:69,468
DA:70,53
DA:74,53
DA:78,39
DA:79,8
DA:80,8
DA:81,24
DA:85,39
DA:94,19
DA:97,19
DA:98,8
DA:102,11
DA:107,0
DA:111,11
DA:112,6
DA:115,5
DA:121,6
DA:122,6
DA:123,6
DA:124,5
DA:126,1
DA:129,6
DA:147,4
DA:148,4
DA:149,4
DA:150,4
DA:151,4
DA:163,4
DA:167,0
DA:169,4
DA:170,4
DA:174,4
DA:175,4
DA:176,0
DA:178,4
DA:179,0
DA:181,4
DA:185,4
DA:200,5
DA:201,4
DA:212,1
LF:52
LH:48
BRDA:69,0,0,53
BRDA:69,0,1,415
BRDA:81,1,0,24
BRDA:81,1,1,16
BRDA:97,2,0,8
BRDA:97,2,1,11
BRDA:97,3,0,19
BRDA:97,3,1,15
BRDA:97,3,2,15
BRDA:102,4,0,0
BRDA:102,4,1,11
BRDA:103,5,0,11
BRDA:103,5,1,0
BRDA:103,5,2,0
BRDA:111,6,0,6
BRDA:111,6,1,5
BRDA:111,7,0,11
BRDA:111,7,1,6
BRDA:123,8,0,5
BRDA:123,8,1,1
BRDA:149,9,0,4
BRDA:149,9,1,0
BRDA:149,10,0,4
BRDA:149,10,1,4
BRDA:149,10,2,4
BRDA:163,11,0,0
BRDA:163,11,1,4
BRDA:164,12,0,4
BRDA:164,12,1,4
BRDA:175,13,0,0
BRDA:175,13,1,4
BRDA:175,14,0,4
BRDA:175,14,1,4
BRDA:178,15,0,0
BRDA:178,15,1,4
BRDA:200,16,0,4
BRDA:200,16,1,1
BRF:37
BRH:30
end_of_record
TN:
SF:/Users/eveessex/dev/reaction/src/Apps/Artist/Components/MarketInsights/__tests__/Fixtures/Artists.fixture.ts
FNF:0
FNH:0
DA:4,2
DA:49,2
LF:2
LH:2
BRF:0
BRH:0
end_of_record
TN:
SF:/Users/eveessex/dev/reaction/src/Apps/Artist/Routes/Articles/ArtistArticle.tsx
FN:24,(anonymous_0)
FN:37,(anonymous_1)
FN:44,(anonymous_2)
FN:90,(anonymous_3)
FN:98,(anonymous_4)
FNF:5
FNH:3
FNDA:30,(anonymous_0)
FNDA:20,(anonymous_1)
FNDA:0,(anonymous_2)
FNDA:10,(anonymous_3)
FNDA:0,(anonymous_4)
DA:24,2
DA:25,30
DA:37,2
DA:38,20
DA:40,20
DA:45,0
DA:90,2
DA:91,10
DA:93,10
DA:99,0
DA:127,2
DA:128,2
DA:129,2
LF:13
LH:11
BRDA:84,0,0,20
BRDA:84,0,1,18
BRDA:121,1,0,10
BRDA:121,1,1,9
BRF:4
BRH:4
end_of_record
TN:
SF:/Users/eveessex/dev/reaction/src/Apps/Artist/Routes/Articles/ArtistArticles.tsx
FN:32,(anonymous_0)
FN:46,(anonymous_1)
FN:58,(anonymous_2)
FN:68,(anonymous_3)
FN:74,(anonymous_4)
FN:85,(anonymous_5)
FNF:6
FNH:2
FNDA:0,(anonymous_0)
FNDA:0,(anonymous_1)
FNDA:0,(anonymous_2)
FNDA:0,(anonymous_3)
FNDA:3,(anonymous_4)
FNDA:30,(anonymous_5)
DA:11,1
DA:13,1
DA:28,3
DA:32,3
DA:39,0
DA:41,0
DA:42,0
DA:46,3
DA:47,0
DA:49,0
DA:59,0
DA:61,0
DA:62,0
DA:68,3
DA:69,0
DA:75,3
DA:76,3
DA:86,30
DA:123,1
LF:19
LH:10
BRDA:41,0,0,0
BRDA:41,0,1,0
BRDA:61,1,0,0
BRDA:61,1,1,0
BRF:4
BRH:0
end_of_record
TN:
SF:/Users/eveessex/dev/reaction/src/Apps/Artist/Routes/Articles/index.tsx
FN:10,(anonymous_0)
FNF:1
FNH:1
FNDA:3,(anonymous_0)
DA:10,1
DA:11,3
DA:14,1
LF:3
LH:3
BRF:0
BRH:0
end_of_record
TN:
SF:/Users/eveessex/dev/reaction/src/Apps/Artist/Routes/AuctionResults/ArtistAuctionDetailsModal.tsx
FN:33,(anonymous_0)
FN:36,(anonymous_1)
FN:43,(anonymous_2)
FN:61,(anonymous_3)
FN:66,(anonymous_4)
FN:112,(anonymous_5)
FNF:6
FNH:4
FNDA:3,(anonymous_0)
FNDA:4,(anonymous_1)
FNDA:0,(anonymous_2)
FNDA:3,(anonymous_3)
FNDA:3,(anonymous_4)
FNDA:0,(anonymous_5)
DA:33,1
DA:34,3
DA:37,4
DA:38,1
DA:41,3
DA:43,0
DA:61,1
DA:65,3
DA:66,3
DA:68,3
DA:112,0
LF:11
LH:9
BRDA:37,0,0,1
BRDA:37,0,1,3
BRDA:81,1,0,3
BRDA:81,1,1,3
BRF:4
BRH:4
end_of_record
TN:
SF:/Users/eveessex/dev/reaction/src/Apps/Artist/Routes/AuctionResults/ArtistAuctionResultItem.tsx
FN:30,(anonymous_0)
FN:35,(anonymous_1)
FN:48,(anonymous_2)
FN:57,(anonymous_3)
FN:74,(anonymous_4)
FN:89,(anonymous_5)
FN:92,(anonymous_6)
FN:120,(anonymous_7)
FN:142,(anonymous_8)
FN:149,(anonymous_9)
FN:187,(anonymous_10)
FN:200,(anonymous_11)
FN:278,(anonymous_12)
FN:284,(anonymous_13)
FN:293,(anonymous_14)
FN:310,(anonymous_15)
FN:328,(anonymous_16)
FNF:17
FNH:12
FNDA:10,(anonymous_0)
FNDA:10,(anonymous_1)
FNDA:10,(anonymous_2)
FNDA:10,(anonymous_3)
FNDA:10,(anonymous_4)
FNDA:10,(anonymous_5)
FNDA:20,(anonymous_6)
FNDA:1,(anonymous_7)
FNDA:0,(anonymous_8)
FNDA:0,(anonymous_9)
FNDA:0,(anonymous_10)
FNDA:0,(anonymous_11)
FNDA:10,(anonymous_12)
FNDA:10,(anonymous_13)
FNDA:10,(anonymous_14)
FNDA:20,(anonymous_15)
FNDA:0,(anonymous_16)
DA:30,1
DA:31,10
DA:32,10
DA:36,10
DA:49,10
DA:58,10
DA:74,1
DA:87,10
DA:89,10
DA:90,10
DA:93,20
DA:120,1
DA:142,1
DA:148,0
DA:149,0
DA:151,0
DA:187,1
DA:199,0
DA:200,0
DA:202,0
DA:241,1
DA:269,1
DA:274,1
DA:278,1
DA:280,10
DA:281,10
DA:284,1
DA:286,10
DA:287,10
DA:288,10
DA:290,0
DA:293,1
DA:296,10
DA:298,10
DA:299,10
DA:300,10
DA:302,10
DA:310,1
DA:311,20
DA:312,0
DA:323,20
DA:324,20
DA:329,0
LF:43
LH:34
BRDA:37,0,0,10
BRDA:37,0,1,0
BRDA:50,1,0,10
BRDA:50,1,1,0
BRDA:59,2,0,10
BRDA:59,2,1,10
BRDA:67,3,0,10
BRDA:67,3,1,9
BRDA:103,4,0,20
BRDA:103,4,1,20
BRDA:163,5,0,0
BRDA:163,5,1,0
BRDA:214,6,0,0
BRDA:214,6,1,0
BRDA:280,7,0,10
BRDA:280,7,1,0
BRDA:286,8,0,10
BRDA:286,8,1,0
BRDA:311,9,0,0
BRDA:311,9,1,20
BRDA:314,10,0,0
BRDA:314,10,1,0
BRDA:315,11,0,0
BRDA:315,11,1,0
BRDA:323,12,0,20
BRDA:323,12,1,0
BRDA:323,13,0,20
BRDA:323,13,1,20
BRDA:329,14,0,0
BRDA:329,14,1,0
BRF:30
BRH:14
end_of_record
TN:
SF:/Users/eveessex/dev/reaction/src/Apps/Artist/Routes/AuctionResults/ArtistAuctionResults.tsx
FN:36,(anonymous_0)
FN:50,(anonymous_1)
FN:56,(anonymous_2)
FN:67,(anonymous_3)
FN:75,(anonymous_4)
FN:88,(anonymous_5)
FN:98,(anonymous_6)
FN:104,(anonymous_7)
FN:109,(anonymous_8)
FN:132,(anonymous_9)
FN:171,(anonymous_10)
FN:174,(anonymous_11)
FNF:12
FNH:6
FNDA:0,(anonymous_0)
FNDA:1,(anonymous_1)
FNDA:0,(anonymous_2)
FNDA:0,(anonymous_3)
FNDA:0,(anonymous_4)
FNDA:0,(anonymous_5)
FNDA:0,(anonymous_6)
FNDA:2,(anonymous_7)
FNDA:3,(anonymous_8)
FNDA:30,(anonymous_9)
FNDA:1,(anonymous_10)
FNDA:2,(anonymous_11)
DA:18,1
DA:20,1
DA:32,1
DA:36,1
DA:43,0
DA:45,0
DA:46,0
DA:51,1
DA:52,0
DA:56,1
DA:57,0
DA:68,0
DA:69,0
DA:75,1
DA:76,0
DA:78,0
DA:89,0
DA:91,0
DA:92,0
DA:98,1
DA:99,0
DA:105,2
DA:106,2
DA:107,2
DA:110,3
DA:133,30
DA:170,1
DA:172,1
DA:175,2
LF:29
LH:16
BRDA:45,0,0,0
BRDA:45,0,1,0
BRDA:51,1,0,0
BRDA:51,1,1,1
BRDA:68,2,0,0
BRDA:68,2,1,0
BRDA:91,3,0,0
BRDA:91,3,1,0
BRF:8
BRH:1
end_of_record
TN:
SF:/Users/eveessex/dev/reaction/src/Apps/Artist/Routes/AuctionResults/TableColumns.tsx
FN:5,(anonymous_0)
FN:18,(anonymous_1)
FN:40,(anonymous_2)
FNF:3
FNH:2
FNDA:3,(anonymous_0)
FNDA:3,(anonymous_1)
FNDA:0,(anonymous_2)
DA:5,1
DA:6,3
DA:18,1
DA:19,3
DA:40,1
DA:41,0
LF:6
LH:5
BRF:0
BRH:0
end_of_record
TN:
SF:/Users/eveessex/dev/reaction/src/Apps/Artist/Routes/AuctionResults/TableSidebar.tsx
FN:35,(anonymous_0)
FN:38,(anonymous_1)
FN:67,(anonymous_2)
FNF:3
FNH:3
FNDA:3,(anonymous_0)
FNDA:4,(anonymous_1)
FNDA:4,(anonymous_2)
DA:16,1
DA:35,1
DA:36,3
DA:39,4
DA:67,1
DA:68,4
LF:6
LH:6
BRF:0
BRH:0
end_of_record
TN:
SF:/Users/eveessex/dev/reaction/src/Apps/Artist/Routes/AuctionResults/index.tsx
FN:10,(anonymous_0)
FNF:1
FNH:1
FNDA:1,(anonymous_0)
DA:10,1
DA:11,1
DA:14,1
LF:3
LH:3
BRF:0
BRH:0
end_of_record
TN:
SF:/Users/eveessex/dev/reaction/src/Apps/Artist/Routes/AuctionResults/state.ts
FN:13,(anonymous_0)
FN:17,(anonymous_1)
FN:21,(anonymous_2)
FN:25,(anonymous_3)
FNF:4
FNH:1
FNDA:0,(anonymous_0)
FNDA:0,(anonymous_1)
FNDA:1,(anonymous_2)
FNDA:0,(anonymous_3)
DA:11,1
DA:13,1
DA:14,0
DA:17,1
DA:18,0
DA:21,1
DA:22,1
DA:25,1
DA:26,0
LF:9
LH:6
BRF:0
BRH:0
end_of_record
TN:
SF:/Users/eveessex/dev/reaction/src/Apps/Artist/Routes/CV/CVItem.tsx
FN:28,(anonymous_0)
FN:49,(anonymous_1)
FN:57,(anonymous_2)
FN:69,(anonymous_3)
FN:74,(anonymous_4)
FN:75,(anonymous_5)
FN:79,(anonymous_6)
FN:89,(anonymous_7)
FN:96,(anonymous_8)
FN:115,(anonymous_9)
FN:153,(anonymous_10)
FN:226,(anonymous_11)
FN:229,(anonymous_12)
FN:232,(anonymous_13)
FNF:14
FNH:9
FNDA:3,(anonymous_0)
FNDA:0,(anonymous_1)
FNDA:0,(anonymous_2)
FNDA:3,(anonymous_3)
FNDA:6,(anonymous_4)
FNDA:30,(anonymous_5)
FNDA:3,(anonymous_6)
FNDA:30,(anonymous_7)
FNDA:3,(anonymous_8)
FNDA:6,(anonymous_9)
FNDA:1,(anonymous_10)
FNDA:0,(anonymous_11)
FNDA:0,(anonymous_12)
FNDA:0,(anonymous_13)
DA:26,1
DA:28,1
DA:29,3
DA:45,3
DA:50,0
DA:52,0
DA:53,0
DA:57,0
DA:58,0
DA:59,0
DA:62,0
DA:70,3
DA:71,3
DA:74,3
DA:75,6
DA:76,30
DA:80,3
DA:84,0
DA:87,3
DA:90,30
DA:94,3
DA:98,3
DA:100,3
DA:116,6
DA:117,6
DA:118,6
DA:153,1
DA:175,1
DA:227,0
DA:230,0
DA:233,0
DA:270,1
DA:271,1
DA:272,1
DA:274,1
DA:275,1
LF:36
LH:25
BRDA:52,0,0,0
BRDA:52,0,1,0
BRDA:58,1,0,0
BRDA:58,1,1,0
BRDA:74,2,0,6
BRDA:80,3,0,0
BRDA:80,3,1,3
BRDA:81,4,0,3
BRDA:81,4,1,3
BRDA:102,5,0,3
BRDA:102,5,1,3
BRDA:102,5,2,3
BRDA:102,5,3,0
BRDA:105,6,0,0
BRDA:105,6,1,0
BRDA:108,7,0,0
BRDA:108,7,1,0
BRDA:118,8,0,0
BRDA:118,8,1,6
BRDA:127,9,0,6
BRDA:127,9,1,6
BRDA:127,9,2,6
BRDA:129,10,0,6
BRDA:129,10,1,3
BRDA:148,11,0,3
BRDA:148,11,1,3
BRDA:154,12,0,0
BRDA:154,12,1,3
BRDA:155,13,0,0
BRDA:155,13,1,3
BRDA:156,14,0,0
BRDA:156,14,1,3
BRDA:159,15,0,3
BRDA:159,15,1,0
BRDA:165,16,0,0
BRDA:165,16,1,3
BRF:36
BRH:20
end_of_record
TN:
SF:/Users/eveessex/dev/reaction/src/Apps/Artist/Routes/CV/ShowEntry.tsx
FN:13,(anonymous_0)
FN:33,(anonymous_1)
FNF:2
FNH:2
FNDA:30,(anonymous_0)
FNDA:30,(anonymous_1)
DA:4,1
DA:13,1
DA:14,30
DA:33,1
DA:34,30
DA:35,0
DA:38,30
DA:39,30
DA:46,0
LF:9
LH:7
BRDA:13,0,0,30
BRDA:16,1,0,24
BRDA:16,1,1,6
BRDA:24,2,0,30
BRDA:24,2,1,30
BRDA:25,3,0,30
BRDA:25,3,1,15
BRDA:34,4,0,0
BRDA:34,4,1,30
BRDA:38,5,0,30
BRDA:38,5,1,0
BRF:11
BRH:9
end_of_record
TN:
SF:/Users/eveessex/dev/reaction/src/Apps/Artist/Routes/CV/index.tsx
FN:20,(anonymous_0)
FNF:1
FNH:1
FNDA:1,(anonymous_0)
DA:11,1
DA:21,1
DA:22,1
DA:32,1
LF:4
LH:4
BRF:0
BRH:0
end_of_record
TN:
SF:/Users/eveessex/dev/reaction/src/Apps/Artist/Routes/Overview/index.tsx
FN:40,(anonymous_0)
FN:40,(anonymous_1)
FN:50,(anonymous_2)
FN:57,(anonymous_3)
FN:81,(anonymous_4)
FN:90,(anonymous_5)
FNF:6
FNH:3
FNDA:0,(anonymous_0)
FNDA:0,(anonymous_1)
FNDA:3,(anonymous_2)
FNDA:3,(anonymous_3)
FNDA:3,(anonymous_4)
FNDA:0,(anonymous_5)
DA:36,3
DA:40,0
DA:51,3
DA:52,3
DA:54,3
DA:58,3
DA:59,0
DA:62,3
DA:63,3
DA:65,3
DA:66,3
DA:67,3
DA:68,3
DA:70,3
DA:76,3
DA:77,3
DA:79,3
DA:81,3
DA:82,3
DA:91,0
DA:222,1
LF:21
LH:18
BRDA:54,0,0,3
BRDA:54,0,1,3
BRDA:58,1,0,0
BRDA:58,1,1,3
BRDA:65,2,0,3
BRDA:65,2,1,0
BRDA:70,3,0,3
BRDA:70,3,1,0
BRDA:70,3,2,0
BRDA:70,3,3,0
BRDA:81,4,0,3
BRDA:81,4,1,3
BRDA:87,5,0,3
BRDA:87,5,1,3
BRDA:97,6,0,3
BRDA:97,6,1,0
BRDA:104,7,0,3
BRDA:104,7,1,3
BRDA:119,8,0,3
BRDA:119,8,1,3
BRDA:128,9,0,3
BRDA:128,9,1,0
BRDA:137,10,0,3
BRDA:137,10,1,3
BRDA:153,11,0,3
BRDA:153,11,1,1
BRF:26
BRH:19
end_of_record
TN:
SF:/Users/eveessex/dev/reaction/src/Apps/Artist/Routes/Overview/Components/ArtistArtworkFilter.tsx
FN:20,(anonymous_0)
FN:44,(anonymous_1)
FNF:2
FNH:1
FNDA:3,(anonymous_0)
FNDA:0,(anonymous_1)
DA:20,1
DA:21,3
DA:22,3
DA:23,3
DA:25,3
DA:29,3
DA:31,0
DA:45,0
DA:67,1
LF:9
LH:7
BRDA:25,0,0,3
BRDA:25,0,1,3
BRDA:29,1,0,3
BRDA:29,1,1,0
BRDA:59,2,0,0
BRDA:59,2,1,0
BRF:6
BRH:3
end_of_record
TN:
SF:/Users/eveessex/dev/reaction/src/Apps/Artist/Routes/Overview/Components/ArtistRecommendations.tsx
FN:26,(anonymous_0)
FN:33,(anonymous_1)
FN:34,(anonymous_2)
FN:37,(anonymous_3)
FN:42,(anonymous_4)
FN:64,(anonymous_5)
FN:113,(anonymous_6)
FN:116,(anonymous_7)
FN:122,(anonymous_8)
FN:151,(anonymous_9)
FNF:10
FNH:6
FNDA:4,(anonymous_0)
FNDA:4,(anonymous_1)
FNDA:5,(anonymous_2)
FNDA:0,(anonymous_3)
FNDA:0,(anonymous_4)
FNDA:1,(anonymous_5)
FNDA:4,(anonymous_6)
FNDA:0,(anonymous_7)
FNDA:0,(anonymous_8)
FNDA:1,(anonymous_9)
DA:17,2
DA:24,2
DA:26,2
DA:30,4
DA:32,4
DA:33,4
DA:34,5
DA:37,4
DA:38,0
DA:39,0
DA:41,0
DA:42,0
DA:43,0
DA:44,0
DA:46,0
DA:50,4
DA:64,2
DA:68,1
DA:82,2
DA:114,4
DA:117,0
DA:127,0
DA:151,2
DA:152,1
DA:153,1
LF:25
LH:16
BRDA:38,0,0,0
BRDA:38,0,1,0
BRDA:38,1,0,0
BRDA:38,1,1,0
BRDA:43,2,0,0
BRDA:43,2,1,0
BRDA:57,3,0,4
BRDA:57,3,1,1
BRF:8
BRH:2
end_of_record
TN:
SF:/Users/eveessex/dev/reaction/src/Apps/Artist/Routes/Overview/Components/CurrentEvent.tsx
FN:14,(anonymous_0)
FN:27,(anonymous_1)
FN:27,(anonymous_2)
FN:40,(anonymous_3)
FNF:4
FNH:2
FNDA:1,(anonymous_0)
FNDA:0,(anonymous_1)
FNDA:0,(anonymous_2)
FNDA:1,(anonymous_3)
DA:15,1
DA:27,0
DA:41,1
DA:42,1
DA:43,0
DA:47,1
DA:49,1
DA:79,2
LF:8
LH:6
BRDA:30,0,0,0
BRDA:30,0,1,0
BRDA:42,1,0,0
BRDA:42,1,1,1
BRDA:56,2,0,1
BRDA:56,2,1,1
BRDA:65,3,0,1
BRDA:65,3,1,1
BRF:8
BRH:5
end_of_record
TN:
SF:/Users/eveessex/dev/reaction/src/Apps/Artist/Routes/Overview/Components/Genes.tsx
FN:20,(anonymous_0)
FN:32,(anonymous_1)
FNF:2
FNH:2
FNDA:1,(anonymous_0)
FNDA:1,(anonymous_1)
DA:9,2
DA:10,2
DA:21,1
DA:22,1
DA:23,1
DA:24,0
DA:26,1
DA:33,1
DA:34,1
DA:35,1
DA:49,2
LF:11
LH:10
BRDA:23,0,0,0
BRDA:23,0,1,1
BRDA:33,1,0,0
BRDA:33,1,1,1
BRF:4
BRH:2
end_of_record
TN:
SF:/Users/eveessex/dev/reaction/src/Apps/Artist/Routes/Overview/Components/RecommendedArtist.tsx
FN:20,(anonymous_0)
FN:34,(anonymous_1)
FN:42,(anonymous_2)
FN:54,(anonymous_3)
FN:58,(anonymous_4)
FN:66,(anonymous_5)
FN:80,(anonymous_6)
FN:81,(anonymous_7)
FN:105,(anonymous_8)
FN:106,(anonymous_9)
FN:121,(anonymous_10)
FN:128,(anonymous_11)
FNF:12
FNH:7
FNDA:0,(anonymous_0)
FNDA:0,(anonymous_1)
FNDA:5,(anonymous_2)
FNDA:5,(anonymous_3)
FNDA:5,(anonymous_4)
FNDA:5,(anonymous_5)
FNDA:0,(anonymous_6)
FNDA:5,(anonymous_7)
FNDA:0,(anonymous_8)
FNDA:0,(anonymous_9)
FNDA:10,(anonymous_10)
FNDA:10,(anonymous_11)
DA:18,2
DA:20,2
DA:21,0
DA:43,5
DA:54,2
DA:55,5
DA:56,5
DA:58,5
DA:62,5
DA:66,5
DA:80,0
DA:82,5
DA:106,0
DA:107,0
DA:122,10
DA:129,10
DA:140,2
DA:147,2
LF:18
LH:14
BRDA:92,0,0,0
BRDA:92,0,1,5
BRF:2
BRH:1
end_of_record
TN:
SF:/Users/eveessex/dev/reaction/src/Apps/Artist/Routes/Overview/Components/ZeroState.tsx
FN:7,(anonymous_0)
FN:11,handleOpenAuth
FN:28,(anonymous_2)
FN:29,(anonymous_3)
FNF:4
FNH:0
FNDA:0,(anonymous_0)
FNDA:0,handleOpenAuth
FNDA:0,(anonymous_2)
FNDA:0,(anonymous_3)
DA:7,1
DA:8,0
DA:9,0
DA:12,0
DA:19,0
DA:28,0
DA:30,0
LF:7
LH:1
BRDA:22,0,0,0
BRDA:22,0,1,0
BRF:2
BRH:0
end_of_record
TN:
SF:/Users/eveessex/dev/reaction/src/Apps/Artist/Routes/Overview/__tests__/Index.fixture.tsx
FNF:0
FNH:0
DA:1,1
DA:53,1
LF:2
LH:2
BRF:0
BRH:0
end_of_record
TN:
SF:/Users/eveessex/dev/reaction/src/Apps/Artist/Routes/Shows/ArtistShowBlockItem.tsx
FN:19,(anonymous_0)
FNF:1
FNH:1
FNDA:4,(anonymous_0)
DA:19,1
DA:20,4
DA:22,4
LF:3
LH:3
BRDA:35,0,0,4
BRDA:35,0,1,2
BRF:2
BRH:2
end_of_record
TN:
SF:/Users/eveessex/dev/reaction/src/Apps/Artist/Routes/Shows/ArtistShowListItem.tsx
FN:15,(anonymous_0)
FN:28,(anonymous_1)
FN:63,(anonymous_2)
FNF:3
FNH:2
FNDA:8,(anonymous_0)
FNDA:8,(anonymous_1)
FNDA:0,(anonymous_2)
DA:13,1
DA:15,1
DA:16,8
DA:28,1
DA:29,8
DA:31,8
DA:63,1
DA:64,0
DA:66,0
LF:9
LH:7
BRDA:37,0,0,8
BRDA:37,0,1,2
BRDA:80,1,0,0
BRDA:80,1,1,0
BRF:4
BRH:2
end_of_record
TN:
SF:/Users/eveessex/dev/reaction/src/Apps/Artist/Routes/Shows/ArtistShows.tsx
FN:34,(anonymous_0)
FN:48,(anonymous_1)
FN:62,(anonymous_2)
FN:72,(anonymous_3)
FN:78,(anonymous_4)
FN:102,(anonymous_5)
FN:105,(anonymous_6)
FN:131,(anonymous_7)
FNF:8
FNH:4
FNDA:0,(anonymous_0)
FNDA:0,(anonymous_1)
FNDA:0,(anonymous_2)
FNDA:0,(anonymous_3)
FNDA:3,(anonymous_4)
FNDA:4,(anonymous_5)
FNDA:4,(anonymous_6)
FNDA:8,(anonymous_7)
DA:23,1
DA:26,1
DA:30,3
DA:34,3
DA:41,0
DA:43,0
DA:44,0
DA:48,3
DA:49,0
DA:51,0
DA:63,0
DA:65,0
DA:66,0
DA:72,3
DA:73,0
DA:79,3
DA:83,0
DA:85,3
DA:103,4
DA:105,4
DA:107,4
DA:132,8
DA:181,1
LF:23
LH:13
BRDA:43,0,0,0
BRDA:43,0,1,0
BRDA:65,1,0,0
BRDA:65,1,1,0
BRDA:79,2,0,0
BRDA:79,2,1,3
BRDA:80,3,0,3
BRDA:80,3,1,3
BRDA:99,4,0,1
BRDA:99,4,1,2
BRDA:112,5,0,4
BRDA:112,5,1,4
BRDA:137,6,0,8
BRDA:137,6,1,8
BRF:14
BRH:9
end_of_record
TN:
SF:/Users/eveessex/dev/reaction/src/Apps/Artist/Routes/Shows/index.tsx
FN:10,(anonymous_0)
FNF:1
FNH:1
FNDA:1,(anonymous_0)
DA:10,1
DA:11,1
DA:13,1
DA:50,1
LF:4
LH:4
BRF:0
BRH:0
end_of_record
TN:
SF:/Users/eveessex/dev/reaction/src/Apps/Artwork/Components/ArtistInfo.tsx
FN:40,(anonymous_0)
FN:57,(anonymous_1)
FN:67,(anonymous_2)
FN:79,(anonymous_3)
FN:85,(anonymous_4)
FN:93,(anonymous_5)
FN:97,(anonymous_6)
FN:111,(anonymous_7)
FN:129,(anonymous_8)
FN:132,(anonymous_9)
FN:49,(anonymous_10)
FN:273,(anonymous_11)
FN:276,(anonymous_12)
FNF:13
FNH:7
FNDA:9,(anonymous_0)
FNDA:0,(anonymous_1)
FNDA:4,(anonymous_2)
FNDA:0,(anonymous_3)
FNDA:0,(anonymous_4)
FNDA:12,(anonymous_5)
FNDA:12,(anonymous_6)
FNDA:12,(anonymous_7)
FNDA:0,(anonymous_8)
FNDA:12,(anonymous_9)
FNDA:3,(anonymous_10)
FNDA:0,(anonymous_11)
FNDA:0,(anonymous_12)
DA:40,1
DA:41,9
DA:49,3
DA:53,8
DA:74,4
DA:80,0
DA:85,8
DA:86,0
DA:94,12
DA:95,12
DA:96,12
DA:97,12
DA:99,12
DA:105,12
DA:109,12
DA:112,12
DA:130,0
DA:133,12
DA:208,1
DA:273,1
DA:274,0
DA:277,0
LF:22
LH:17
BRDA:99,0,0,12
BRDA:99,0,1,11
BRDA:99,0,2,4
BRDA:99,0,3,2
BRDA:99,0,4,2
BRDA:99,0,5,0
BRDA:99,0,6,2
BRDA:99,0,7,0
BRDA:105,1,0,4
BRDA:105,1,1,8
BRDA:143,2,0,0
BRDA:143,2,1,12
BRDA:150,3,0,12
BRDA:150,3,1,11
BRDA:161,4,0,12
BRDA:161,4,1,10
BRDA:165,5,0,4
BRDA:165,5,1,6
BRDA:178,6,0,12
BRDA:178,6,1,4
BRF:20
BRH:17
end_of_record
TN:
SF:/Users/eveessex/dev/reaction/src/Apps/Artwork/Components/ArtworkRelatedArtists.tsx
FN:27,(anonymous_0)
FN:40,(anonymous_1)
FN:45,(anonymous_2)
FN:61,(anonymous_3)
FN:69,(anonymous_4)
FN:89,(anonymous_5)
FN:138,(anonymous_6)
FN:141,(anonymous_7)
FN:147,(anonymous_8)
FNF:9
FNH:4
FNDA:2,(anonymous_0)
FNDA:0,(anonymous_1)
FNDA:0,(anonymous_2)
FNDA:8,(anonymous_3)
FNDA:1,(anonymous_4)
FNDA:2,(anonymous_5)
FNDA:0,(anonymous_6)
FNDA:0,(anonymous_7)
FNDA:0,(anonymous_8)
DA:16,1
DA:23,1
DA:27,1
DA:28,2
DA:29,2
DA:30,2
DA:35,2
DA:36,2
DA:37,0
DA:40,2
DA:41,0
DA:42,0
DA:44,0
DA:45,0
DA:46,0
DA:47,0
DA:49,0
DA:53,2
DA:62,8
DA:70,1
DA:89,1
DA:93,2
DA:107,1
DA:139,0
DA:142,0
DA:148,0
LF:26
LH:15
BRDA:36,0,0,0
BRDA:36,0,1,2
BRDA:41,1,0,0
BRDA:41,1,1,0
BRDA:41,2,0,0
BRDA:41,2,1,0
BRDA:46,3,0,0
BRDA:46,3,1,0
BRDA:82,4,0,2
BRDA:82,4,1,2
BRF:10
BRH:3
end_of_record
TN:
SF:/Users/eveessex/dev/reaction/src/Apps/Artwork/Components/OtherAuctions.tsx
FN:17,(anonymous_0)
FN:22,(anonymous_1)
FN:44,(anonymous_2)
FNF:3
FNH:1
FNDA:0,(anonymous_0)
FNDA:0,(anonymous_1)
FNDA:2,(anonymous_2)
DA:18,0
DA:23,0
DA:35,2
DA:44,2
DA:45,2
DA:47,2
LF:6
LH:4
BRF:0
BRH:0
end_of_record
TN:
SF:/Users/eveessex/dev/reaction/src/Apps/Artwork/Components/PricingContext.tsx
FN:34,(anonymous_0)
FN:44,(anonymous_1)
FN:54,(anonymous_2)
FN:75,(anonymous_3)
FN:119,(anonymous_4)
FN:30,(anonymous_5)
FNF:6
FNH:6
FNDA:9,(anonymous_0)
FNDA:1,(anonymous_1)
FNDA:1,(anonymous_2)
FNDA:12,(anonymous_3)
FNDA:40,(anonymous_4)
FNDA:9,(anonymous_5)
DA:30,9
DA:69,1
DA:70,1
DA:71,1
DA:76,12
DA:77,12
DA:78,1
DA:81,11
DA:84,11
DA:86,11
DA:90,11
DA:91,11
DA:120,40
DA:121,40
DA:122,40
DA:127,40
DA:133,40
DA:136,40
DA:137,40
DA:159,1
DA:191,1
LF:21
LH:21
BRDA:70,0,0,1
BRDA:70,0,1,0
BRDA:77,1,0,1
BRDA:77,1,1,11
BRDA:81,2,0,11
BRDA:81,2,1,8
BRDA:122,3,0,11
BRDA:122,3,1,29
BRDA:125,4,0,11
BRDA:125,4,1,18
BRDA:127,5,0,40
BRDA:127,5,1,11
BRDA:127,5,2,39
BRDA:127,5,3,11
BRDA:127,5,4,38
BRDA:127,5,5,29
BRDA:133,6,0,10
BRDA:133,6,1,30
BRDA:133,7,0,40
BRDA:133,7,1,11
BRDA:136,8,0,19
BRDA:136,8,1,21
BRDA:144,9,0,11
BRDA:144,9,1,29
BRF:24
BRH:23
end_of_record
TN:
SF:/Users/eveessex/dev/reaction/src/Apps/Artwork/Components/PricingContextModal.tsx
FN:35,(anonymous_0)
FN:44,(anonymous_1)
FN:48,(anonymous_2)
FN:27,(anonymous_3)
FNF:4
FNH:3
FNDA:5,(anonymous_0)
FNDA:0,(anonymous_1)
FNDA:22,(anonymous_2)
FNDA:3,(anonymous_3)
DA:27,3
DA:31,17
DA:41,5
DA:44,17
DA:45,0
DA:49,22
DA:102,2
LF:7
LH:6
BRF:0
BRH:0
end_of_record
TN:
SF:/Users/eveessex/dev/reaction/src/Apps/Artwork/Components/ArtworkBanner/Banner.tsx
FN:29,(anonymous_0)
FN:41,(anonymous_1)
FN:52,(anonymous_2)
FN:67,(anonymous_3)
FNF:4
FNH:4
FNDA:8,(anonymous_0)
FNDA:4,(anonymous_1)
FNDA:4,(anonymous_2)
FNDA:4,(anonymous_3)
DA:23,1
DA:29,1
DA:30,8
DA:31,2
DA:38,6
DA:41,1
DA:42,4
DA:52,1
DA:53,4
DA:67,1
DA:68,4
LF:11
LH:11
BRDA:30,0,0,2
BRDA:30,0,1,6
BRF:2
BRH:2
end_of_record
TN:
SF:/Users/eveessex/dev/reaction/src/Apps/Artwork/Components/ArtworkBanner/index.tsx
FN:15,(anonymous_0)
FN:29,(anonymous_1)
FN:50,(anonymous_2)
FN:51,(anonymous_3)
FN:69,(anonymous_4)
FN:191,(anonymous_5)
FNF:6
FNH:5
FNDA:5,(anonymous_0)
FNDA:2,(anonymous_1)
FNDA:1,(anonymous_2)
FNDA:1,(anonymous_3)
FNDA:1,(anonymous_4)
FNDA:0,(anonymous_5)
DA:15,1
DA:22,5
DA:25,5
DA:29,2
DA:30,2
DA:46,3
DA:50,1
DA:51,1
DA:52,1
DA:65,2
DA:69,1
DA:70,1
DA:71,1
DA:72,1
DA:73,0
DA:74,0
DA:76,1
DA:87,1
DA:89,1
DA:191,1
DA:196,0
DA:198,0
LF:22
LH:18
BRDA:25,0,0,2
BRDA:25,0,1,3
BRDA:26,1,0,5
BRDA:26,1,1,4
BRDA:29,2,0,2
BRDA:29,2,1,2
BRDA:38,3,0,1
BRDA:38,3,1,1
BRDA:38,4,0,2
BRDA:38,4,1,1
BRDA:46,5,0,1
BRDA:46,5,1,2
BRDA:47,6,0,3
BRDA:47,6,1,2
BRDA:65,7,0,1
BRDA:65,7,1,1
BRDA:66,8,0,2
BRDA:66,8,1,1
BRDA:71,9,0,1
BRDA:71,9,1,0
BRDA:73,10,0,0
BRDA:73,10,1,0
BRF:22
BRH:19
end_of_record
TN:
SF:/Users/eveessex/dev/reaction/src/Apps/Artwork/Components/ArtworkDetails/ArtworkDetailsAboutTheWorkFromArtsy.tsx
FN:26,(anonymous_0)
FN:36,(anonymous_1)
FN:50,(anonymous_2)
FNF:3
FNH:2
FNDA:0,(anonymous_0)
FNDA:28,(anonymous_1)
FNDA:14,(anonymous_2)
DA:11,1
DA:37,28
DA:38,28
DA:39,28
DA:41,28
DA:51,14
DA:52,0
DA:54,14
DA:65,1
LF:9
LH:8
BRDA:39,0,0,14
BRDA:39,0,1,14
BRDA:51,1,0,0
BRDA:51,1,1,14
BRF:4
BRH:3
end_of_record
TN:
SF:/Users/eveessex/dev/reaction/src/Apps/Artwork/Components/ArtworkDetails/ArtworkDetailsAboutTheWorkFromPartner.tsx
FN:45,(anonymous_0)
FN:55,(anonymous_1)
FN:63,(anonymous_2)
FN:77,(anonymous_3)
FN:82,(anonymous_4)
FN:91,(anonymous_5)
FN:92,(anonymous_6)
FN:100,(anonymous_7)
FN:124,(anonymous_8)
FN:127,(anonymous_9)
FN:39,(anonymous_10)
FNF:11
FNH:7
FNDA:0,(anonymous_0)
FNDA:0,(anonymous_1)
FNDA:28,(anonymous_2)
FNDA:14,(anonymous_3)
FNDA:14,(anonymous_4)
FNDA:12,(anonymous_5)
FNDA:12,(anonymous_6)
FNDA:14,(anonymous_7)
FNDA:0,(anonymous_8)
FNDA:11,(anonymous_9)
FNDA:0,(anonymous_10)
DA:39,0
DA:55,14
DA:56,0
DA:64,28
DA:65,28
DA:66,28
DA:68,28
DA:78,14
DA:79,14
DA:80,14
DA:82,14
DA:87,14
DA:91,14
DA:92,14
DA:94,14
DA:95,14
DA:96,14
DA:98,14
DA:101,14
DA:125,0
DA:128,11
DA:129,11
DA:167,1
LF:23
LH:20
BRDA:66,0,0,14
BRDA:66,0,1,14
BRDA:88,1,0,14
BRDA:88,1,1,2
BRDA:88,1,2,1
BRDA:91,2,0,14
BRDA:91,2,1,12
BRDA:92,3,0,14
BRDA:92,3,1,12
BRDA:94,4,0,14
BRDA:94,4,1,13
BRDA:94,4,2,12
BRDA:95,5,0,14
BRDA:95,5,1,13
BRDA:96,6,0,14
BRDA:96,6,1,13
BRDA:107,7,0,14
BRDA:107,7,1,13
BRDA:113,8,0,14
BRDA:113,8,1,11
BRDA:128,9,0,11
BRDA:128,9,1,0
BRDA:139,10,0,11
BRDA:139,10,1,0
BRDA:149,11,0,14
BRDA:149,11,1,14
BRF:26
BRH:24
end_of_record
TN:
SF:/Users/eveessex/dev/reaction/src/Apps/Artwork/Components/ArtworkDetails/ArtworkDetailsAdditionalInfo.tsx
FN:21,(anonymous_0)
FN:57,(anonymous_1)
FN:67,(anonymous_2)
FNF:3
FNH:3
FNDA:14,(anonymous_0)
FNDA:112,(anonymous_1)
FNDA:87,(anonymous_2)
DA:31,14
DA:33,14
DA:56,14
DA:57,112
DA:60,14
DA:61,1
DA:64,13
DA:68,87
DA:90,1
LF:9
LH:9
BRDA:36,0,0,13
BRDA:36,0,1,1
BRDA:40,1,0,14
BRDA:40,1,1,13
BRDA:44,2,0,14
BRDA:44,2,1,13
BRDA:48,3,0,14
BRDA:48,3,1,12
BRDA:57,4,0,112
BRDA:57,4,1,87
BRDA:60,5,0,1
BRDA:60,5,1,13
BRDA:70,6,0,13
BRDA:70,6,1,74
BRF:14
BRH:14
end_of_record
TN:
SF:/Users/eveessex/dev/reaction/src/Apps/Artwork/Components/ArtworkDetails/ArtworkDetailsArticles.tsx
FN:15,(anonymous_0)
FN:24,(anonymous_1)
FN:25,(anonymous_2)
FNF:3
FNH:0
FNDA:0,(anonymous_0)
FNDA:0,(anonymous_1)
FNDA:0,(anonymous_2)
DA:15,1
DA:16,0
DA:17,0
DA:18,0
DA:20,0
DA:25,0
DA:26,0
DA:44,1
LF:8
LH:2
BRDA:17,0,0,0
BRDA:17,0,1,0
BRDA:17,1,0,0
BRDA:17,1,1,0
BRF:4
BRH:0
end_of_record
TN:
SF:/Users/eveessex/dev/reaction/src/Apps/Artwork/Components/ArtworkDetails/index.tsx
FN:33,(anonymous_0)
FN:33,(anonymous_1)
FN:45,(anonymous_2)
FN:29,(anonymous_3)
FN:110,(anonymous_4)
FNF:5
FNH:1
FNDA:0,(anonymous_0)
FNDA:0,(anonymous_1)
FNDA:14,(anonymous_2)
FNDA:0,(anonymous_3)
FNDA:0,(anonymous_4)
DA:29,0
DA:34,0
DA:46,14
DA:47,14
DA:90,1
DA:110,1
DA:115,0
DA:117,0
DA:135,1
DA:141,1
DA:142,1
DA:143,1
DA:144,1
LF:13
LH:9
BRDA:55,0,0,14
BRDA:55,0,1,14
BRDA:55,0,2,14
BRDA:60,1,0,14
BRDA:60,1,1,14
BRDA:70,2,0,14
BRDA:70,2,1,14
BRDA:77,3,0,14
BRDA:77,3,1,14
BRF:9
BRH:9
end_of_record
TN:
SF:/Users/eveessex/dev/reaction/src/Apps/Artwork/Components/ArtworkImageBrowser/ArtworkActions.tsx
FN:59,(anonymous_0)
FN:73,(anonymous_1)
FN:78,(anonymous_2)
FN:82,(anonymous_3)
FN:88,(anonymous_4)
FN:95,(anonymous_5)
FN:104,(anonymous_6)
FN:119,(anonymous_7)
FN:123,(anonymous_8)
FN:127,(anonymous_9)
FN:133,(anonymous_10)
FN:143,(anonymous_11)
FN:153,(anonymous_12)
FN:160,(anonymous_13)
FN:167,(anonymous_14)
FN:196,(anonymous_15)
FN:209,(anonymous_16)
FN:219,(anonymous_17)
FN:248,(anonymous_18)
FN:265,(anonymous_19)
FN:330,(anonymous_20)
FN:333,(anonymous_21)
FN:369,(anonymous_22)
FN:370,(anonymous_23)
FN:432,(anonymous_24)
FN:432,(anonymous_25)
FN:447,(anonymous_26)
FN:456,(anonymous_27)
FNF:28
FNH:22
FNDA:0,(anonymous_0)
FNDA:1,(anonymous_1)
FNDA:36,(anonymous_2)
FNDA:32,(anonymous_3)
FNDA:30,(anonymous_4)
FNDA:0,(anonymous_5)
FNDA:0,(anonymous_6)
FNDA:32,(anonymous_7)
FNDA:30,(anonymous_8)
FNDA:0,(anonymous_9)
FNDA:32,(anonymous_10)
FNDA:16,(anonymous_11)
FNDA:11,(anonymous_12)
FNDA:11,(anonymous_13)
FNDA:16,(anonymous_14)
FNDA:96,(anonymous_15)
FNDA:81,(anonymous_16)
FNDA:48,(anonymous_17)
FNDA:3,(anonymous_18)
FNDA:15,(anonymous_19)
FNDA:78,(anonymous_20)
FNDA:62,(anonymous_21)
FNDA:0,(anonymous_22)
FNDA:0,(anonymous_23)
FNDA:32,(anonymous_24)
FNDA:16,(anonymous_25)
FNDA:1,(anonymous_26)
FNDA:13,(anonymous_27)
DA:54,15
DA:66,0
DA:67,0
DA:74,1
DA:75,1
DA:79,36
DA:85,32
DA:87,32
DA:88,30
DA:89,30
DA:90,30
DA:91,30
DA:102,0
DA:104,0
DA:108,0
DA:110,0
DA:120,32
DA:124,30
DA:127,0
DA:134,32
DA:144,16
DA:154,11
DA:155,11
DA:157,11
DA:161,11
DA:162,11
DA:164,11
DA:168,16
DA:169,16
DA:171,16
DA:196,16
DA:197,96
DA:200,16
DA:201,16
DA:203,16
DA:210,81
DA:220,48
DA:249,3
DA:264,2
DA:266,15
DA:267,15
DA:326,74
DA:331,78
DA:333,78
DA:334,62
DA:336,0
DA:338,11
DA:340,8
DA:342,8
DA:344,0
DA:346,4
DA:348,16
DA:350,15
DA:356,78
DA:357,16
DA:359,62
DA:362,78
DA:363,78
DA:365,78
DA:369,0
DA:371,0
DA:401,2
DA:410,2
DA:419,2
DA:432,32
DA:437,16
DA:438,16
DA:441,16
DA:446,16
DA:447,1
DA:448,1
DA:456,15
DA:457,15
DA:467,2
LF:74
LH:63
BRDA:87,0,0,30
BRDA:87,0,1,2
BRDA:87,1,0,32
BRDA:87,1,1,4
BRDA:110,2,0,0
BRDA:110,2,1,0
BRDA:110,2,2,0
BRDA:225,3,0,16
BRDA:225,3,1,16
BRDA:225,3,2,14
BRDA:235,4,0,16
BRDA:235,4,1,0
BRDA:242,5,0,16
BRDA:242,5,1,1
BRDA:334,6,0,0
BRDA:334,6,1,11
BRDA:334,6,2,8
BRDA:334,6,3,8
BRDA:334,6,4,0
BRDA:334,6,5,4
BRDA:334,6,6,16
BRDA:334,6,7,15
BRDA:356,7,0,16
BRDA:356,7,1,62
BRDA:362,8,0,4
BRDA:362,8,1,74
BRDA:363,9,0,0
BRDA:363,9,1,78
BRDA:377,10,0,27
BRDA:377,10,1,51
BRDA:380,11,0,27
BRDA:380,11,1,27
BRDA:389,12,0,51
BRDA:389,12,1,47
BRDA:438,13,0,16
BRDA:438,13,1,15
BRDA:438,13,2,1
BRDA:441,14,0,16
BRDA:441,14,1,0
BRDA:446,15,0,1
BRDA:446,15,1,15
BRDA:451,16,0,1
BRDA:451,16,1,0
BRDA:460,17,0,13
BRDA:460,17,1,2
BRF:45
BRH:36
end_of_record
TN:
SF:/Users/eveessex/dev/reaction/src/Apps/Artwork/Components/ArtworkImageBrowser/ArtworkImageBrowser.tsx
FN:18,(anonymous_0)
FN:34,(anonymous_1)
FN:60,(anonymous_2)
FN:64,(anonymous_3)
FN:68,(anonymous_4)
FN:72,(anonymous_5)
FN:76,(anonymous_6)
FN:105,(anonymous_7)
FN:125,(anonymous_8)
FN:150,(anonymous_9)
FNF:10
FNH:8
FNDA:2,(anonymous_0)
FNDA:1,(anonymous_1)
FNDA:2,(anonymous_2)
FNDA:0,(anonymous_3)
FNDA:2,(anonymous_4)
FNDA:0,(anonymous_5)
FNDA:8,(anonymous_6)
FNDA:1,(anonymous_7)
FNDA:8,(anonymous_8)
FNDA:4,(anonymous_9)
DA:18,1
DA:19,2
DA:35,1
DA:36,1
DA:40,1
DA:42,1
DA:51,1
DA:61,2
DA:64,0
DA:69,2
DA:72,0
DA:77,8
DA:106,1
DA:109,1
DA:110,1
DA:111,1
DA:118,1
DA:126,8
DA:150,1
DA:151,4
DA:164,1
DA:174,1
DA:207,1
DA:214,1
LF:24
LH:22
BRDA:40,0,0,0
BRDA:40,0,1,1
BRDA:82,1,0,8
BRDA:82,1,1,0
BRDA:109,2,0,0
BRDA:109,2,1,1
BRDA:156,3,0,2
BRDA:156,3,1,2
BRF:8
BRH:5
end_of_record
TN:
SF:/Users/eveessex/dev/reaction/src/Apps/Artwork/Components/ArtworkImageBrowser/ArtworkPopoutPanel.tsx
FN:14,(anonymous_0)
FNF:1
FNH:1
FNDA:1,(anonymous_0)
DA:15,1
DA:33,2
DA:42,2
LF:3
LH:3
BRF:0
BRH:0
end_of_record
TN:
SF:/Users/eveessex/dev/reaction/src/Apps/Artwork/Components/ArtworkImageBrowser/ArtworkSharePanel.tsx
FN:41,(anonymous_0)
FN:52,(anonymous_1)
FN:53,(anonymous_2)
FN:64,(anonymous_3)
FN:64,(anonymous_4)
FN:82,(anonymous_5)
FN:88,(anonymous_6)
FN:107,(anonymous_7)
FN:127,(anonymous_8)
FNF:9
FNH:0
FNDA:0,(anonymous_0)
FNDA:0,(anonymous_1)
FNDA:0,(anonymous_2)
FNDA:0,(anonymous_3)
FNDA:0,(anonymous_4)
FNDA:0,(anonymous_5)
FNDA:0,(anonymous_6)
FNDA:0,(anonymous_7)
FNDA:0,(anonymous_8)
DA:20,2
DA:25,2
DA:36,0
DA:41,0
DA:42,0
DA:43,0
DA:44,0
DA:45,0
DA:47,0
DA:53,0
DA:54,0
DA:64,0
DA:65,0
DA:68,0
DA:69,0
DA:70,0
DA:71,0
DA:72,0
DA:73,0
DA:75,0
DA:82,0
DA:85,0
DA:89,0
DA:114,0
DA:116,0
DA:117,0
DA:119,0
DA:127,0
DA:183,2
DA:200,2
DA:205,2
DA:227,2
LF:32
LH:6
BRDA:42,0,0,0
BRDA:42,0,1,0
BRDA:68,1,0,0
BRDA:68,1,1,0
BRDA:69,2,0,0
BRDA:69,2,1,0
BRDA:72,3,0,0
BRDA:72,3,1,0
BRDA:73,4,0,0
BRDA:73,4,1,0
BRDA:116,5,0,0
BRDA:116,5,1,0
BRF:12
BRH:0
end_of_record
TN:
SF:/Users/eveessex/dev/reaction/src/Apps/Artwork/Components/ArtworkImageBrowser/index.tsx
FN:20,(anonymous_0)
FN:26,(anonymous_1)
FN:30,(anonymous_2)
FN:35,(anonymous_3)
FN:82,(anonymous_4)
FNF:5
FNH:3
FNDA:3,(anonymous_0)
FNDA:8,(anonymous_1)
FNDA:2,(anonymous_2)
FNDA:0,(anonymous_3)
FNDA:0,(anonymous_4)
DA:18,3
DA:21,3
DA:22,3
DA:23,1
DA:26,8
DA:27,2
DA:30,2
DA:36,0
DA:45,1
DA:82,1
DA:87,0
DA:89,0
LF:12
LH:9
BRDA:22,0,0,1
BRDA:22,0,1,2
BRF:2
BRH:2
end_of_record
TN:
SF:/Users/eveessex/dev/reaction/src/Apps/Artwork/Components/ArtworkSidebar/ArtworkSidebarArtists.tsx
FN:20,(anonymous_0)
FN:32,(anonymous_1)
FN:40,(anonymous_2)
FN:54,(anonymous_3)
FN:56,(anonymous_4)
FN:66,(anonymous_5)
FN:70,(anonymous_6)
FN:80,(anonymous_7)
FN:87,(anonymous_8)
FN:93,(anonymous_9)
FNF:10
FNH:8
FNDA:4,(anonymous_0)
FNDA:0,(anonymous_1)
FNDA:2,(anonymous_2)
FNDA:0,(anonymous_3)
FNDA:2,(anonymous_4)
FNDA:2,(anonymous_5)
FNDA:2,(anonymous_6)
FNDA:1,(anonymous_7)
FNDA:4,(anonymous_8)
FNDA:4,(anonymous_9)
DA:21,4
DA:32,4
DA:33,0
DA:41,2
DA:54,0
DA:57,2
DA:69,2
DA:70,2
DA:71,2
DA:81,1
DA:90,4
DA:91,4
DA:94,4
DA:110,2
LF:14
LH:12
BRDA:21,0,0,4
BRDA:21,0,1,0
BRDA:74,1,0,2
BRDA:74,1,1,1
BRDA:96,2,0,2
BRDA:96,2,1,2
BRDA:99,3,0,4
BRDA:99,3,1,1
BRDA:99,3,2,1
BRF:9
BRH:8
end_of_record
TN:
SF:/Users/eveessex/dev/reaction/src/Apps/Artwork/Components/ArtworkSidebar/ArtworkSidebarAuctionPartnerInfo.tsx
FN:18,(anonymous_0)
FN:18,(anonymous_1)
FN:32,(anonymous_2)
FN:39,(anonymous_3)
FNF:4
FNH:2
FNDA:0,(anonymous_0)
FNDA:0,(anonymous_1)
FNDA:4,(anonymous_2)
FNDA:3,(anonymous_3)
DA:18,0
DA:25,0
DA:33,4
DA:34,4
DA:35,1
DA:37,3
DA:40,3
DA:67,2
LF:8
LH:6
BRDA:25,0,0,0
BRDA:25,0,1,0
BRDA:25,0,2,0
BRDA:34,1,0,1
BRDA:34,1,1,3
BRDA:41,2,0,3
BRDA:41,2,1,3
BRDA:46,3,0,3
BRDA:46,3,1,3
BRDA:46,3,2,2
BRDA:51,4,0,3
BRDA:51,4,1,3
BRDA:51,4,2,1
BRF:13
BRH:10
end_of_record
TN:
SF:/Users/eveessex/dev/reaction/src/Apps/Artwork/Components/ArtworkSidebar/ArtworkSidebarBidAction.tsx
FN:39,(anonymous_0)
FN:43,(anonymous_1)
FN:48,(anonymous_2)
FN:48,(anonymous_3)
FN:72,(anonymous_4)
FN:89,(anonymous_5)
FN:115,(anonymous_6)
FN:137,(anonymous_7)
FN:148,(anonymous_8)
FN:180,(anonymous_9)
FN:183,(anonymous_10)
FN:207,(anonymous_11)
FNF:12
FNH:4
FNDA:0,(anonymous_0)
FNDA:0,(anonymous_1)
FNDA:0,(anonymous_2)
FNDA:0,(anonymous_3)
FNDA:0,(anonymous_4)
FNDA:13,(anonymous_5)
FNDA:0,(anonymous_6)
FNDA:4,(anonymous_7)
FNDA:0,(anonymous_8)
FNDA:12,(anonymous_9)
FNDA:12,(anonymous_10)
FNDA:0,(anonymous_11)
DA:35,13
DA:39,13
DA:40,0
DA:43,13
DA:44,0
DA:45,0
DA:48,0
DA:65,0
DA:66,0
DA:67,0
DA:80,0
DA:81,0
DA:82,0
DA:83,0
DA:85,0
DA:90,13
DA:92,13
DA:94,12
DA:96,12
DA:104,12
DA:105,12
DA:107,12
DA:108,3
DA:115,0
DA:134,9
DA:135,4
DA:138,4
DA:148,0
DA:161,5
DA:162,5
DA:163,1
DA:169,4
DA:170,1
DA:178,3
DA:179,3
DA:180,12
DA:182,3
DA:183,12
DA:188,3
DA:207,0
DA:217,2
LF:41
LH:26
BRDA:66,0,0,0
BRDA:66,0,1,0
BRDA:55,1,0,0
BRDA:55,1,1,0
BRDA:55,1,2,0
BRDA:82,2,0,0
BRDA:82,2,1,0
BRDA:92,3,0,1
BRDA:92,3,1,12
BRDA:96,4,0,12
BRDA:96,4,1,7
BRDA:104,5,0,12
BRDA:104,5,1,1
BRDA:105,6,0,12
BRDA:105,6,1,1
BRDA:107,7,0,3
BRDA:107,7,1,9
BRDA:110,8,0,3
BRDA:110,8,1,1
BRDA:120,9,0,3
BRDA:120,9,1,2
BRDA:120,9,2,1
BRDA:125,10,0,3
BRDA:125,10,1,2
BRDA:125,10,2,1
BRDA:134,11,0,4
BRDA:134,11,1,5
BRDA:140,12,0,4
BRDA:140,12,1,1
BRDA:140,12,2,1
BRDA:150,13,0,1
BRDA:150,13,1,3
BRDA:150,14,0,4
BRDA:150,14,1,1
BRDA:161,15,0,5
BRDA:161,15,1,0
BRDA:162,16,0,1
BRDA:162,16,1,4
BRDA:162,17,0,5
BRDA:162,17,1,3
BRDA:169,18,0,1
BRDA:169,18,1,3
BRDA:169,19,0,4
BRDA:169,19,1,1
BRDA:178,20,0,3
BRDA:178,20,1,1
BRDA:180,21,0,12
BRDA:180,21,1,8
BRDA:209,22,0,1
BRDA:209,22,1,2
BRF:50
BRH:42
end_of_record
TN:
SF:/Users/eveessex/dev/reaction/src/Apps/Artwork/Components/ArtworkSidebar/ArtworkSidebarClassification.tsx
FN:28,(anonymous_0)
FN:38,(anonymous_1)
FN:42,(anonymous_2)
FN:53,(anonymous_3)
FN:90,(anonymous_4)
FN:141,(anonymous_5)
FNF:6
FNH:4
FNDA:1,(anonymous_0)
FNDA:0,(anonymous_1)
FNDA:10,(anonymous_2)
FNDA:0,(anonymous_3)
FNDA:3,(anonymous_4)
FNDA:21,(anonymous_5)
DA:24,9
DA:35,1
DA:38,9
DA:39,0
DA:43,10
DA:44,10
DA:45,2
DA:47,8
DA:53,0
DA:71,3
DA:84,3
DA:88,3
DA:90,3
DA:91,3
DA:138,3
DA:142,21
LF:16
LH:14
BRDA:44,0,0,2
BRDA:44,0,1,8
BRF:2
BRH:2
end_of_record
TN:
SF:/Users/eveessex/dev/reaction/src/Apps/Artwork/Components/ArtworkSidebar/ArtworkSidebarCommercial.tsx
FN:48,(anonymous_0)
FN:70,(anonymous_1)
FN:73,(anonymous_2)
FN:78,(anonymous_3)
FN:86,(anonymous_4)
FN:103,(anonymous_5)
FN:117,(anonymous_6)
FN:120,(anonymous_7)
FN:134,(anonymous_8)
FN:142,(anonymous_9)
FN:146,(anonymous_10)
FN:154,(anonymous_11)
FN:146,(anonymous_12)
FN:160,(anonymous_13)
FN:177,(anonymous_14)
FN:178,(anonymous_15)
FN:211,(anonymous_16)
FN:215,(anonymous_17)
FN:218,(anonymous_18)
FN:160,(anonymous_19)
FN:248,(anonymous_20)
FN:258,(anonymous_21)
FN:259,(anonymous_22)
FN:292,(anonymous_23)
FN:296,(anonymous_24)
FN:299,(anonymous_25)
FN:248,(anonymous_26)
FN:331,(anonymous_27)
FN:448,(anonymous_28)
FNF:29
FNH:19
FNDA:0,(anonymous_0)
FNDA:13,(anonymous_1)
FNDA:3,(anonymous_2)
FNDA:23,(anonymous_3)
FNDA:0,(anonymous_4)
FNDA:0,(anonymous_5)
FNDA:0,(anonymous_6)
FNDA:0,(anonymous_7)
FNDA:2,(anonymous_8)
FNDA:2,(anonymous_9)
FNDA:0,(anonymous_10)
FNDA:0,(anonymous_11)
FNDA:0,(anonymous_12)
FNDA:2,(anonymous_13)
FNDA:2,(anonymous_14)
FNDA:2,(anonymous_15)
FNDA:2,(anonymous_16)
FNDA:2,(anonymous_17)
FNDA:2,(anonymous_18)
FNDA:0,(anonymous_19)
FNDA:2,(anonymous_20)
FNDA:2,(anonymous_21)
FNDA:2,(anonymous_22)
FNDA:2,(anonymous_23)
FNDA:2,(anonymous_24)
FNDA:2,(anonymous_25)
FNDA:0,(anonymous_26)
FNDA:25,(anonymous_27)
FNDA:1,(anonymous_28)
DA:48,2
DA:49,0
DA:54,2
DA:63,13
DA:71,13
DA:73,13
DA:74,3
DA:79,23
DA:88,0
DA:91,0
DA:98,0
DA:99,0
DA:104,0
DA:113,0
DA:118,0
DA:120,0
DA:121,0
DA:131,0
DA:134,13
DA:135,2
DA:136,2
DA:142,13
DA:143,2
DA:146,0
DA:154,0
DA:160,0
DA:175,2
DA:176,2
DA:177,2
DA:178,2
DA:179,2
DA:211,2
DA:216,2
DA:221,2
DA:222,2
DA:223,1
DA:230,1
DA:241,0
DA:248,0
DA:256,2
DA:257,2
DA:258,2
DA:259,2
DA:260,2
DA:292,2
DA:297,2
DA:302,2
DA:303,2
DA:304,1
DA:311,1
DA:324,0
DA:332,25
DA:337,25
DA:339,25
DA:341,25
DA:342,0
DA:345,25
DA:448,2
DA:449,1
DA:451,1
DA:460,2
LF:61
LH:43
BRDA:74,0,0,3
BRDA:74,0,1,3
BRDA:88,1,0,0
BRDA:88,1,1,0
BRDA:98,2,0,0
BRDA:98,2,1,0
BRDA:126,3,0,0
BRDA:126,3,1,0
BRDA:154,4,0,0
BRDA:154,4,1,0
BRDA:176,5,0,2
BRDA:176,5,1,0
BRDA:176,6,0,2
BRDA:176,6,1,2
BRDA:178,7,0,2
BRDA:178,7,1,0
BRDA:222,8,0,1
BRDA:222,8,1,1
BRDA:257,9,0,2
BRDA:257,9,1,0
BRDA:257,10,0,2
BRDA:257,10,1,2
BRDA:259,11,0,2
BRDA:259,11,1,0
BRDA:303,12,0,1
BRDA:303,12,1,1
BRDA:339,13,0,25
BRDA:339,13,1,14
BRDA:341,14,0,0
BRDA:341,14,1,25
BRDA:341,15,0,25
BRDA:341,15,1,2
BRDA:347,16,0,25
BRDA:347,16,1,23
BRDA:349,17,0,25
BRDA:349,17,1,0
BRDA:350,18,0,25
BRDA:350,18,1,23
BRDA:359,19,0,0
BRDA:359,19,1,0
BRDA:368,20,0,25
BRDA:368,20,1,21
BRDA:368,20,2,0
BRDA:368,20,3,21
BRDA:370,21,0,25
BRDA:370,21,1,21
BRDA:370,21,2,21
BRDA:375,22,0,25
BRDA:375,22,1,21
BRDA:375,22,2,21
BRDA:380,23,0,25
BRDA:380,23,1,21
BRDA:380,23,2,1
BRDA:386,24,0,24
BRDA:386,24,1,1
BRDA:386,25,0,25
BRDA:386,25,1,21
BRDA:386,25,2,10
BRDA:389,26,0,24
BRDA:389,26,1,22
BRDA:393,27,0,25
BRDA:393,27,1,11
BRDA:403,28,0,25
BRDA:403,28,1,12
BRDA:408,29,0,2
BRDA:408,29,1,10
BRDA:419,30,0,25
BRDA:419,30,1,4
BRDA:419,30,2,4
BRDA:419,30,3,3
BRF:70
BRH:53
end_of_record
TN:
SF:/Users/eveessex/dev/reaction/src/Apps/Artwork/Components/ArtworkSidebar/ArtworkSidebarCurrentBidInfo.tsx
FN:25,(anonymous_0)
FN:46,(anonymous_1)
FN:76,(anonymous_2)
FN:77,(anonymous_3)
FNF:4
FNH:4
FNDA:12,(anonymous_0)
FNDA:9,(anonymous_1)
FNDA:3,(anonymous_2)
FNDA:9,(anonymous_3)
DA:26,12
DA:29,12
DA:31,11
DA:32,1
DA:44,10
DA:46,9
DA:47,9
DA:49,9
DA:55,9
DA:56,9
DA:57,9
DA:58,6
DA:59,6
DA:61,9
DA:62,6
DA:63,6
DA:65,9
DA:72,9
DA:73,9
DA:74,9
DA:76,9
DA:77,9
DA:78,9
DA:120,2
LF:24
LH:24
BRDA:29,0,0,1
BRDA:29,0,1,11
BRDA:31,1,0,1
BRDA:31,1,1,10
BRDA:44,2,0,1
BRDA:44,2,1,9
BRDA:44,3,0,10
BRDA:44,3,1,10
BRDA:49,4,0,2
BRDA:49,4,1,7
BRDA:49,5,0,9
BRDA:49,5,1,6
BRDA:49,5,2,5
BRDA:57,6,0,6
BRDA:57,6,1,3
BRDA:58,7,0,0
BRDA:58,7,1,6
BRDA:59,8,0,5
BRDA:59,8,1,1
BRDA:61,9,0,6
BRDA:61,9,1,3
BRDA:72,10,0,9
BRDA:72,10,1,3
BRDA:73,11,0,9
BRDA:73,11,1,3
BRDA:74,12,0,9
BRDA:74,12,1,3
BRDA:76,13,0,9
BRDA:76,13,1,3
BRDA:83,14,0,6
BRDA:83,14,1,3
BRDA:90,15,0,9
BRDA:90,15,1,3
BRDA:92,16,0,2
BRDA:92,16,1,1
BRDA:108,17,0,9
BRDA:108,17,1,3
BRF:37
BRH:36
end_of_record
TN:
SF:/Users/eveessex/dev/reaction/src/Apps/Artwork/Components/ArtworkSidebar/ArtworkSidebarExtraLinks.tsx
FN:20,(anonymous_0)
FN:32,(anonymous_1)
FN:32,(anonymous_2)
FN:41,(anonymous_3)
FN:41,(anonymous_4)
FN:52,(anonymous_5)
FN:52,(anonymous_6)
FN:61,(anonymous_7)
FN:61,(anonymous_8)
FN:72,(anonymous_9)
FN:72,(anonymous_10)
FN:85,(anonymous_11)
FN:85,(anonymous_12)
FN:98,(anonymous_13)
FN:98,(anonymous_14)
FN:107,(anonymous_15)
FN:118,(anonymous_16)
FN:130,(anonymous_17)
FN:158,(anonymous_18)
FN:168,(anonymous_19)
FN:171,(anonymous_20)
FN:195,(anonymous_21)
FNF:22
FNH:15
FNDA:10,(anonymous_0)
FNDA:1,(anonymous_1)
FNDA:0,(anonymous_2)
FNDA:1,(anonymous_3)
FNDA:0,(anonymous_4)
FNDA:1,(anonymous_5)
FNDA:0,(anonymous_6)
FNDA:1,(anonymous_7)
FNDA:0,(anonymous_8)
FNDA:1,(anonymous_9)
FNDA:0,(anonymous_10)
FNDA:1,(anonymous_11)
FNDA:0,(anonymous_12)
FNDA:4,(anonymous_13)
FNDA:0,(anonymous_14)
FNDA:1,(anonymous_15)
FNDA:1,(anonymous_16)
FNDA:3,(anonymous_17)
FNDA:5,(anonymous_18)
FNDA:5,(anonymous_19)
FNDA:6,(anonymous_20)
FNDA:5,(anonymous_21)
DA:20,2
DA:21,10
DA:32,0
DA:38,1
DA:41,0
DA:47,1
DA:52,0
DA:58,1
DA:61,0
DA:67,1
DA:72,0
DA:78,1
DA:85,0
DA:91,1
DA:98,0
DA:104,4
DA:108,1
DA:119,1
DA:131,3
DA:133,3
DA:134,1
DA:146,2
DA:147,2
DA:159,5
DA:169,5
DA:170,5
DA:171,6
DA:174,5
DA:175,5
DA:176,5
DA:178,5
DA:195,2
DA:196,5
DA:197,5
DA:200,2
LF:35
LH:28
BRDA:47,0,0,1
BRDA:47,0,1,0
BRDA:47,0,2,0
BRDA:67,1,0,1
BRDA:67,1,1,0
BRDA:67,1,2,0
BRDA:78,2,0,1
BRDA:78,2,1,0
BRDA:78,2,2,0
BRDA:91,3,0,1
BRDA:91,3,1,0
BRDA:91,3,2,0
BRDA:133,4,0,1
BRDA:133,4,1,2
BRDA:146,5,0,2
BRDA:146,5,1,0
BRDA:162,6,0,4
BRDA:162,6,1,1
BRDA:174,7,0,5
BRDA:174,7,1,1
BRDA:174,7,2,1
BRDA:175,8,0,5
BRDA:175,8,1,1
BRDA:176,9,0,0
BRDA:176,9,1,5
BRDA:176,10,0,5
BRDA:176,10,1,1
BRDA:181,11,0,5
BRDA:181,11,1,1
BRDA:182,12,0,5
BRDA:182,12,1,4
BRDA:183,13,0,1
BRDA:183,13,1,3
BRDA:186,14,0,5
BRDA:186,14,1,5
BRF:35
BRH:25
end_of_record
TN:
SF:/Users/eveessex/dev/reaction/src/Apps/Artwork/Components/ArtworkSidebar/ArtworkSidebarMetadata.tsx
FN:18,(anonymous_0)
FN:22,(anonymous_1)
FNF:2
FNH:2
FNDA:7,(anonymous_0)
FNDA:7,(anonymous_1)
DA:19,7
DA:20,7
DA:22,7
DA:24,7
DA:39,2
LF:5
LH:5
BRDA:22,0,0,7
BRDA:22,0,1,1
BRDA:26,1,0,7
BRDA:26,1,1,1
BRDA:32,2,0,7
BRDA:32,2,1,6
BRF:6
BRH:6
end_of_record
TN:
SF:/Users/eveessex/dev/reaction/src/Apps/Artwork/Components/ArtworkSidebar/ArtworkSidebarPartnerInfo.tsx
FN:15,(anonymous_0)
FN:31,(anonymous_1)
FN:39,(anonymous_2)
FNF:3
FNH:3
FNDA:5,(anonymous_0)
FNDA:3,(anonymous_1)
FNDA:5,(anonymous_2)
DA:16,5
DA:17,5
DA:18,0
DA:21,5
DA:32,3
DA:40,5
DA:42,5
DA:47,5
DA:69,2
LF:9
LH:8
BRDA:17,0,0,0
BRDA:17,0,1,5
BRDA:21,1,0,2
BRDA:21,1,1,3
BRDA:42,2,0,5
BRDA:42,2,1,5
BRDA:42,2,2,5
BRDA:42,2,3,5
BRDA:42,2,4,3
BRDA:51,3,0,5
BRDA:51,3,1,3
BRDA:51,3,2,3
BRF:12
BRH:11
end_of_record
TN:
SF:/Users/eveessex/dev/reaction/src/Apps/Artwork/Components/ArtworkSidebar/ArtworkSidebarSizeInfo.tsx
FN:14,(anonymous_0)
FNF:1
FNH:1
FNDA:6,(anonymous_0)
DA:17,6
DA:18,6
DA:22,1
DA:24,5
DA:34,3
LF:5
LH:5
BRDA:18,0,0,1
BRDA:18,0,1,5
BRDA:19,1,0,6
BRDA:19,1,1,4
BRDA:19,2,0,6
BRDA:19,2,1,2
BRDA:20,3,0,4
BRDA:20,3,1,4
BRDA:20,3,2,1
BRDA:26,4,0,5
BRDA:26,4,1,5
BRDA:27,5,0,5
BRDA:27,5,1,5
BRDA:28,6,0,5
BRDA:28,6,1,2
BRF:15
BRH:15
end_of_record
TN:
SF:/Users/eveessex/dev/reaction/src/Apps/Artwork/Components/ArtworkSidebar/ArtworkSidebarTitleInfo.tsx
FN:14,(anonymous_0)
FNF:1
FNH:1
FNDA:7,(anonymous_0)
DA:15,7
DA:16,7
DA:30,2
LF:3
LH:3
BRDA:20,0,0,7
BRDA:20,0,1,7
BRDA:20,0,2,6
BRDA:24,1,0,7
BRDA:24,1,1,6
BRF:5
BRH:5
end_of_record
TN:
SF:/Users/eveessex/dev/reaction/src/Apps/Artwork/Components/ArtworkSidebar/index.tsx
FN:42,(anonymous_0)
FN:109,(anonymous_1)
FNF:2
FNH:1
FNDA:1,(anonymous_0)
FNDA:0,(anonymous_1)
DA:28,1
DA:30,1
DA:43,1
DA:45,1
DA:83,1
DA:109,1
DA:114,0
DA:116,0
LF:8
LH:6
BRDA:51,0,0,0
BRDA:51,0,1,1
BRDA:57,1,0,0
BRDA:57,1,1,0
BRF:4
BRH:1
end_of_record
TN:
SF:/Users/eveessex/dev/reaction/src/Apps/Artwork/Components/OtherWorks/Header.tsx
FN:10,(anonymous_0)
FN:23,(anonymous_1)
FNF:2
FNH:1
FNDA:5,(anonymous_0)
FNDA:0,(anonymous_1)
DA:10,2
DA:11,5
DA:13,5
DA:23,0
LF:4
LH:3
BRDA:18,0,0,5
BRDA:18,0,1,5
BRF:2
BRH:2
end_of_record
TN:
SF:/Users/eveessex/dev/reaction/src/Apps/Artwork/Components/OtherWorks/RelatedWorksArtworkGrid.tsx
FN:45,(anonymous_0)
FN:54,(anonymous_1)
FN:65,(anonymous_2)
FN:73,(anonymous_3)
FN:81,(anonymous_4)
FN:88,(anonymous_5)
FN:98,(anonymous_6)
FN:168,(anonymous_7)
FNF:8
FNH:2
FNDA:0,(anonymous_0)
FNDA:0,(anonymous_1)
FNDA:0,(anonymous_2)
FNDA:9,(anonymous_3)
FNDA:9,(anonymous_4)
FNDA:0,(anonymous_5)
FNDA:0,(anonymous_6)
FNDA:0,(anonymous_7)
DA:20,2
DA:22,2
DA:41,9
DA:45,9
DA:46,0
DA:48,0
DA:55,0
DA:58,0
DA:59,0
DA:77,9
DA:81,9
DA:83,9
DA:84,0
DA:88,9
DA:90,9
DA:91,9
DA:94,0
DA:99,0
DA:123,2
DA:168,2
DA:169,0
DA:171,0
DA:190,2
LF:23
LH:13
BRDA:58,0,0,0
BRDA:58,0,1,0
BRDA:83,1,0,0
BRDA:83,1,1,9
BRDA:90,2,0,9
BRDA:90,2,1,0
BRDA:102,3,0,0
BRDA:102,3,1,0
BRF:8
BRH:2
end_of_record
TN:
SF:/Users/eveessex/dev/reaction/src/Apps/Artwork/Components/OtherWorks/index.tsx
FN:22,hideGrid
FN:23,(anonymous_1)
FN:26,(anonymous_2)
FN:28,(anonymous_3)
FN:39,(anonymous_4)
FN:57,(anonymous_5)
FN:66,(anonymous_6)
FN:74,(anonymous_7)
FNF:8
FNH:6
FNDA:11,hideGrid
FNDA:11,(anonymous_1)
FNDA:10,(anonymous_2)
FNDA:8,(anonymous_3)
FNDA:0,(anonymous_4)
FNDA:10,(anonymous_5)
FNDA:5,(anonymous_6)
FNDA:0,(anonymous_7)
DA:23,11
DA:26,2
DA:27,10
DA:28,4
DA:29,8
DA:39,2
DA:40,0
DA:42,0
DA:45,0
DA:48,0
DA:51,0
DA:56,2
DA:58,10
DA:59,10
DA:60,10
DA:62,10
DA:67,5
DA:75,0
DA:105,2
LF:19
LH:13
BRDA:27,0,0,4
BRDA:27,0,1,6
BRDA:27,1,0,10
BRDA:27,1,1,4
BRDA:30,2,0,8
BRDA:30,2,1,7
BRDA:30,2,2,7
BRDA:30,2,3,6
BRDA:40,3,0,0
BRDA:40,3,1,0
BRDA:40,3,2,0
BRDA:40,3,3,0
BRDA:64,4,0,10
BRDA:64,4,1,4
BRDA:64,4,2,4
BRDA:88,5,0,10
BRDA:88,5,1,9
BRDA:89,6,0,10
BRDA:89,6,1,10
BRDA:89,6,2,2
BRDA:91,7,0,2
BRDA:91,7,1,2
BRDA:97,8,0,10
BRDA:97,8,1,10
BRDA:97,8,2,2
BRF:25
BRH:21
end_of_record
TN:
SF:/Users/eveessex/dev/reaction/src/Apps/Artwork/Components/Seo/SeoDataForArtwork.tsx
FN:22,(anonymous_0)
FN:27,(anonymous_1)
FN:31,(anonymous_2)
FN:32,(anonymous_3)
FN:41,(anonymous_4)
FN:55,(anonymous_5)
FN:56,(anonymous_6)
FN:120,(anonymous_7)
FN:146,(anonymous_8)
FN:154,(anonymous_9)
FN:167,(anonymous_10)
FNF:11
FNH:11
FNDA:16,(anonymous_0)
FNDA:16,(anonymous_1)
FNDA:16,(anonymous_2)
FNDA:16,(anonymous_3)
FNDA:16,(anonymous_4)
FNDA:15,(anonymous_5)
FNDA:15,(anonymous_6)
FNDA:15,(anonymous_7)
FNDA:2,(anonymous_8)
FNDA:2,(anonymous_9)
FNDA:16,(anonymous_10)
DA:11,1
DA:17,1
DA:22,1
DA:25,16
DA:27,16
DA:29,16
DA:31,16
DA:32,16
DA:41,16
DA:42,16
DA:43,1
DA:46,15
DA:55,15
DA:56,15
DA:61,15
DA:71,1
DA:120,1
DA:127,15
DA:129,15
DA:130,1
DA:133,14
DA:134,1
DA:140,13
DA:146,1
DA:147,2
DA:148,2
DA:154,1
DA:158,2
DA:167,1
DA:168,16
DA:170,15
DA:172,15
DA:173,12
DA:179,3
DA:180,2
DA:187,1
LF:36
LH:36
BRDA:42,0,0,1
BRDA:42,0,1,15
BRDA:129,1,0,1
BRDA:129,1,1,14
BRDA:129,2,0,15
BRDA:129,2,1,2
BRDA:129,2,2,1
BRDA:133,3,0,1
BRDA:133,3,1,13
BRDA:133,4,0,14
BRDA:133,4,1,14
BRDA:168,5,0,1
BRDA:168,5,1,15
BRDA:172,6,0,12
BRDA:172,6,1,3
BRDA:179,7,0,2
BRDA:179,7,1,1
BRF:17
BRH:17
end_of_record
TN:
SF:/Users/eveessex/dev/reaction/src/Apps/Artwork/Components/Seo/__tests__/SeoDataForArtwork.fixture.ts
FNF:0
FNH:0
DA:3,1
LF:1
LH:1
BRF:0
BRH:0
end_of_record
TN:
SF:/Users/eveessex/dev/reaction/src/Apps/Artwork/Components/TrustSignals/AuthenticityCertificate.tsx
FN:15,(anonymous_0)
FNF:1
FNH:1
FNDA:1,(anonymous_0)
DA:15,1
DA:16,1
DA:29,1
LF:3
LH:3
BRDA:17,0,0,1
BRDA:17,0,1,0
BRDA:17,0,2,0
BRF:3
BRH:1
end_of_record
TN:
SF:/Users/eveessex/dev/reaction/src/Apps/Artwork/Components/TrustSignals/SecurePayment.tsx
FN:13,(anonymous_0)
FNF:1
FNH:1
FNDA:1,(anonymous_0)
DA:13,1
DA:17,1
DA:42,1
LF:3
LH:3
BRDA:18,0,0,1
BRDA:18,0,1,1
BRDA:18,0,2,0
BRF:3
BRH:2
end_of_record
TN:
SF:/Users/eveessex/dev/reaction/src/Apps/Artwork/Components/TrustSignals/TrustSignal.tsx
FN:10,(anonymous_0)
FNF:1
FNH:1
FNDA:1,(anonymous_0)
DA:10,1
DA:16,1
LF:2
LH:2
BRF:0
BRH:0
end_of_record
TN:
SF:/Users/eveessex/dev/reaction/src/Apps/Artwork/Components/TrustSignals/VerifiedSeller.tsx
FN:13,(anonymous_0)
FNF:1
FNH:1
FNDA:1,(anonymous_0)
DA:13,1
DA:17,1
DA:31,1
LF:3
LH:3
BRDA:18,0,0,1
BRDA:18,0,1,1
BRDA:18,0,2,1
BRDA:18,0,3,1
BRF:4
BRH:4
end_of_record
TN:
SF:/Users/eveessex/dev/reaction/src/Apps/Artwork/Utils/createCollectUrl.tsx
FN:4,(anonymous_0)
FNF:1
FNH:1
FNDA:6,(anonymous_0)
DA:4,2
DA:17,6
DA:18,3
DA:19,3
DA:20,1
DA:21,2
DA:22,1
DA:24,1
DA:27,6
DA:37,6
DA:41,6
DA:47,2
LF:12
LH:12
BRDA:17,0,0,3
BRDA:17,0,1,3
BRDA:19,1,0,1
BRDA:19,1,1,2
BRDA:21,2,0,1
BRDA:21,2,1,1
BRF:6
BRH:6
end_of_record
TN:
SF:/Users/eveessex/dev/reaction/src/Apps/Artwork/Utils/filterLocations.tsx
FN:5,(anonymous_0)
FN:9,(anonymous_1)
FN:12,(anonymous_2)
FNF:3
FNH:3
FNDA:19,(anonymous_0)
FNDA:130,(anonymous_1)
FNDA:130,(anonymous_2)
DA:5,4
DA:6,19
DA:7,2
DA:9,17
DA:10,130
DA:12,17
DA:13,130
DA:15,17
LF:8
LH:8
BRDA:6,0,0,2
BRDA:6,0,1,17
BRDA:6,1,0,19
BRDA:6,1,1,18
BRDA:13,2,0,130
BRDA:13,2,1,116
BRDA:13,2,2,84
BRF:7
BRH:7
end_of_record
TN:
SF:/Users/eveessex/dev/reaction/src/Apps/Artwork/Utils/limitWithCount.tsx
FN:16,(anonymous_0)
FNF:1
FNH:1
FNDA:17,(anonymous_0)
DA:16,2
DA:20,17
DA:21,1
DA:23,16
DA:24,2
DA:26,14
DA:27,14
DA:28,14
DA:29,14
LF:9
LH:9
BRDA:20,0,0,1
BRDA:20,0,1,16
BRDA:20,1,0,17
BRDA:20,1,1,16
BRDA:23,2,0,2
BRDA:23,2,1,14
BRDA:23,3,0,16
BRDA:23,3,1,16
BRF:8
BRH:8
end_of_record
TN:
SF:/Users/eveessex/dev/reaction/src/Apps/Auction/routes.tsx
FN:29,(anonymous_0)
FN:73,(anonymous_1)
FN:109,handleRedirect
FN:121,bidRedirect
FN:137,registerRedirect
FN:164,isRegisterable
FN:168,userRegisteredToBid
FNF:7
FNH:5
FNDA:0,(anonymous_0)
FNDA:5,(anonymous_1)
FNDA:5,handleRedirect
FNDA:0,bidRedirect
FNDA:5,registerRedirect
FNDA:4,isRegisterable
FNDA:3,userRegisteredToBid
DA:11,1
DA:21,1
DA:30,0
DA:31,0
DA:32,0
DA:33,0
DA:35,0
DA:36,0
DA:74,5
DA:75,5
DA:77,5
DA:78,0
DA:81,5
DA:83,2
DA:110,5
DA:111,3
DA:116,3
DA:122,0
DA:123,0
DA:124,0
DA:128,0
DA:129,0
DA:134,0
DA:138,5
DA:139,5
DA:140,1
DA:144,4
DA:145,0
DA:149,4
DA:150,1
DA:154,3
DA:155,1
DA:161,5
DA:165,4
DA:169,3
LF:35
LH:21
BRDA:30,0,0,0
BRDA:30,0,1,0
BRDA:30,1,0,0
BRDA:30,1,1,0
BRDA:32,2,0,0
BRDA:32,2,1,0
BRDA:74,3,0,5
BRDA:74,3,1,0
BRDA:74,4,0,5
BRDA:74,4,1,5
BRDA:77,5,0,0
BRDA:77,5,1,5
BRDA:110,6,0,3
BRDA:110,6,1,2
BRDA:123,7,0,0
BRDA:123,7,1,0
BRDA:128,8,0,0
BRDA:128,8,1,0
BRDA:139,9,0,1
BRDA:139,9,1,4
BRDA:144,10,0,0
BRDA:144,10,1,4
BRDA:149,11,0,1
BRDA:149,11,1,3
BRDA:154,12,0,1
BRDA:154,12,1,2
BRDA:165,13,0,4
BRDA:165,13,1,4
BRDA:165,13,2,4
BRF:29
BRH:16
end_of_record
TN:
SF:/Users/eveessex/dev/reaction/src/Apps/Auction/Components/AuctionFAQ.tsx
FN:16,(anonymous_0)
FN:153,(anonymous_1)
FNF:2
FNH:1
FNDA:2,(anonymous_0)
FNDA:0,(anonymous_1)
DA:16,2
DA:17,2
DA:19,2
DA:21,2
DA:23,2
DA:25,2
DA:27,2
DA:92,2
DA:101,2
DA:123,2
DA:153,2
DA:154,0
DA:155,0
LF:13
LH:11
BRDA:17,0,0,2
BRDA:17,0,1,2
BRDA:19,1,0,2
BRDA:19,1,1,2
BRDA:21,2,0,2
BRDA:21,2,1,2
BRDA:23,3,0,2
BRDA:23,3,1,2
BRDA:25,4,0,2
BRDA:25,4,1,2
BRDA:42,5,0,2
BRDA:42,5,1,1
BRDA:51,6,0,2
BRDA:51,6,1,1
BRDA:60,7,0,2
BRDA:60,7,1,1
BRDA:69,8,0,2
BRDA:69,8,1,1
BRDA:78,9,0,2
BRDA:78,9,1,1
BRF:20
BRH:20
end_of_record
TN:
SF:/Users/eveessex/dev/reaction/src/Apps/Auction/Components/BidForm.tsx
FN:36,(anonymous_0)
FN:39,(anonymous_1)
FN:40,(anonymous_2)
FN:49,(anonymous_3)
FN:67,(anonymous_4)
FN:90,(anonymous_5)
FNF:6
FNH:0
FNDA:0,(anonymous_0)
FNDA:0,(anonymous_1)
FNDA:0,(anonymous_2)
FNDA:0,(anonymous_3)
FNDA:0,(anonymous_4)
FNDA:0,(anonymous_5)
DA:28,1
DA:36,1
DA:37,0
DA:39,0
DA:40,0
DA:41,0
DA:58,0
DA:68,0
DA:69,0
DA:91,0
DA:92,0
DA:119,1
LF:12
LH:3
BRDA:73,0,0,0
BRDA:73,0,1,0
BRDA:73,0,2,0
BRDA:95,1,0,0
BRDA:95,1,1,0
BRDA:95,1,2,0
BRF:6
BRH:0
end_of_record
TN:
SF:/Users/eveessex/dev/reaction/src/Apps/Auction/Components/LotInfo.tsx
FN:13,(anonymous_0)
FNF:1
FNH:0
FNDA:0,(anonymous_0)
DA:13,1
DA:16,0
DA:17,0
DA:47,1
LF:4
LH:2
BRDA:28,0,0,0
BRDA:28,0,1,0
BRDA:37,1,0,0
BRDA:37,1,1,0
BRDA:39,2,0,0
BRDA:39,2,1,0
BRF:6
BRH:0
end_of_record
TN:
SF:/Users/eveessex/dev/reaction/src/Apps/Auction/Components/RegistrationForm.tsx
FN:35,(anonymous_0)
FN:61,(anonymous_1)
FN:76,(anonymous_2)
FN:103,(anonymous_3)
FN:104,(anonymous_4)
FN:144,(anonymous_5)
FN:147,(anonymous_6)
FN:174,(anonymous_7)
FN:190,createTokenAndSubmit
FN:207,(anonymous_9)
FN:238,(anonymous_10)
FN:247,(anonymous_11)
FN:263,(anonymous_12)
FN:266,setupStripe
FN:270,(anonymous_14)
FN:276,(anonymous_15)
FNF:16
FNH:14
FNDA:32,(anonymous_0)
FNDA:3,(anonymous_1)
FNDA:2,(anonymous_2)
FNDA:14,(anonymous_3)
FNDA:77,(anonymous_4)
FNDA:32,(anonymous_5)
FNDA:11,(anonymous_6)
FNDA:8,(anonymous_7)
FNDA:2,createTokenAndSubmit
FNDA:2,(anonymous_9)
FNDA:32,(anonymous_10)
FNDA:1,(anonymous_11)
FNDA:8,(anonymous_12)
FNDA:0,setupStripe
FNDA:4,(anonymous_14)
FNDA:0,(anonymous_15)
DA:19,2
DA:35,2
DA:43,32
DA:45,32
DA:62,3
DA:77,2
DA:78,2
DA:103,2
DA:104,14
DA:105,77
DA:111,2
DA:144,2
DA:145,32
DA:147,32
DA:148,11
DA:153,2
DA:154,2
DA:155,2
DA:157,2
DA:159,2
DA:160,2
DA:163,32
DA:165,32
DA:174,2
DA:175,8
DA:194,2
DA:204,2
DA:205,2
DA:207,2
DA:208,2
DA:209,0
DA:210,0
DA:212,2
DA:217,2
DA:222,8
DA:239,32
DA:248,1
DA:259,2
DA:263,2
DA:264,8
DA:267,0
DA:270,8
DA:271,4
DA:272,4
DA:274,0
DA:276,0
DA:277,0
DA:284,8
LF:48
LH:42
BRDA:83,0,0,32
BRDA:83,0,1,19
BRDA:83,0,2,8
BRDA:148,1,0,2
BRDA:148,1,1,9
BRDA:149,2,0,11
BRDA:149,2,1,7
BRDA:149,2,2,3
BRDA:208,3,0,0
BRDA:208,3,1,2
BRDA:271,4,0,4
BRDA:271,4,1,0
BRF:12
BRH:10
end_of_record
TN:
SF:/Users/eveessex/dev/reaction/src/Apps/Auction/Routes/ConfirmBid/index.tsx
FN:19,(anonymous_0)
FN:40,(anonymous_1)
FN:41,(anonymous_2)
FNF:3
FNH:0
FNDA:0,(anonymous_0)
FNDA:0,(anonymous_1)
FNDA:0,(anonymous_2)
DA:11,1
DA:19,1
DA:20,0
DA:21,0
DA:22,0
DA:23,0
DA:30,0
DA:41,0
DA:42,0
DA:43,0
DA:52,1
LF:11
LH:3
BRF:0
BRH:0
end_of_record
TN:
SF:/Users/eveessex/dev/reaction/src/Apps/Auction/Routes/Register/index.tsx
FN:39,(anonymous_0)
FN:49,trackRegistrationFailed
FN:57,trackRegistrationSuccess
FN:65,createBidder
FN:66,(anonymous_4)
FN:68,(anonymous_5)
FN:71,(anonymous_6)
FN:90,createCreditCardAndUpdatePhone
FN:91,(anonymous_8)
FN:95,(anonymous_9)
FN:151,handleMutationError
FN:156,(anonymous_11)
FN:169,handleSubmit
FN:171,(anonymous_13)
FN:173,(anonymous_14)
FN:180,(anonymous_15)
FN:184,(anonymous_16)
FN:205,(anonymous_17)
FNF:18
FNH:15
FNDA:4,(anonymous_0)
FNDA:3,trackRegistrationFailed
FNDA:1,trackRegistrationSuccess
FNDA:1,createBidder
FNDA:1,(anonymous_4)
FNDA:1,(anonymous_5)
FNDA:0,(anonymous_6)
FNDA:2,createCreditCardAndUpdatePhone
FNDA:2,(anonymous_8)
FNDA:2,(anonymous_9)
FNDA:1,handleMutationError
FNDA:0,(anonymous_11)
FNDA:2,handleSubmit
FNDA:1,(anonymous_13)
FNDA:1,(anonymous_14)
FNDA:0,(anonymous_15)
FNDA:1,(anonymous_16)
FNDA:4,(anonymous_17)
DA:30,2
DA:39,2
DA:40,4
DA:42,4
DA:50,3
DA:58,1
DA:66,1
DA:67,1
DA:69,1
DA:72,0
DA:91,2
DA:92,2
DA:98,2
DA:100,2
DA:101,1
DA:103,1
DA:104,0
DA:106,1
DA:152,1
DA:155,1
DA:156,0
DA:157,1
DA:158,0
DA:159,1
DA:160,1
DA:163,1
DA:165,1
DA:166,1
DA:170,2
DA:172,1
DA:174,1
DA:176,1
DA:181,0
DA:185,1
DA:189,4
DA:205,2
DA:206,4
DA:210,4
DA:213,2
LF:39
LH:34
BRDA:100,0,0,1
BRDA:100,0,1,1
BRDA:103,1,0,0
BRDA:103,1,1,1
BRDA:155,2,0,0
BRDA:155,2,1,1
BRDA:157,3,0,0
BRDA:157,3,1,1
BRDA:159,4,0,1
BRDA:159,4,1,0
BRF:10
BRH:6
end_of_record
TN:
SF:/Users/eveessex/dev/reaction/src/Apps/Auction/Routes/__fixtures__/Stripe.ts
FNF:0
FNH:0
DA:3,1
LF:1
LH:1
BRF:0
BRH:0
end_of_record
TN:
SF:/Users/eveessex/dev/reaction/src/Apps/Auction/Routes/__fixtures__/MutationResults/createBidder.ts
FNF:0
FNH:0
DA:3,1
LF:1
LH:1
BRF:0
BRH:0
end_of_record
TN:
SF:/Users/eveessex/dev/reaction/src/Apps/Auction/Routes/__fixtures__/MutationResults/createCreditCardAndUpdatePhone.ts
FNF:0
FNH:0
DA:3,1
DA:20,1
LF:2
LH:2
BRF:0
BRH:0
end_of_record
TN:
SF:/Users/eveessex/dev/reaction/src/Apps/Auction/Routes/__tests__/Utils/RegisterTestPage.tsx
FN:17,(anonymous_0)
FN:18,(anonymous_1)
FN:22,(anonymous_2)
FN:25,(anonymous_3)
FN:28,(anonymous_4)
FN:31,(anonymous_5)
FN:34,(anonymous_6)
FN:40,(anonymous_7)
FNF:8
FNH:6
FNDA:0,(anonymous_0)
FNDA:0,(anonymous_1)
FNDA:9,(anonymous_2)
FNDA:3,(anonymous_3)
FNDA:2,(anonymous_4)
FNDA:3,(anonymous_5)
FNDA:2,(anonymous_6)
FNDA:4,(anonymous_7)
DA:5,1
DA:18,0
DA:19,0
DA:23,9
DA:26,3
DA:29,2
DA:32,3
DA:35,2
DA:36,2
DA:38,2
DA:41,4
DA:42,4
LF:12
LH:10
BRF:0
BRH:0
end_of_record
TN:
SF:/Users/eveessex/dev/reaction/src/Apps/Auction/__fixtures__/routes_RegisterQuery.ts
FNF:0
FNH:0
DA:13,2
LF:1
LH:1
BRF:0
BRH:0
end_of_record
TN:
SF:/Users/eveessex/dev/reaction/src/Apps/Collect2/Routes/Collection/Components/CollectionsHubRails/ArtistSeriesRail/ArtistSeriesEntity.tsx
FN:19,(anonymous_0)
FN:30,(anonymous_1)
FN:31,(anonymous_2)
FN:37,(anonymous_3)
FN:54,(anonymous_4)
FN:56,(anonymous_5)
FN:96,(anonymous_6)
FNF:7
FNH:7
FNDA:41,(anonymous_0)
FNDA:62,(anonymous_1)
FNDA:62,(anonymous_2)
FNDA:1,(anonymous_3)
FNDA:62,(anonymous_4)
FNDA:62,(anonymous_5)
FNDA:62,(anonymous_6)
DA:19,2
DA:29,41
DA:30,62
DA:31,62
DA:33,41
DA:35,41
DA:37,41
DA:38,1
DA:49,41
DA:55,62
DA:56,62
DA:57,62
DA:60,62
DA:95,2
DA:96,62
DA:104,2
DA:114,2
DA:124,2
DA:133,2
DA:137,2
DA:141,2
DA:150,2
LF:22
LH:22
BRDA:31,0,0,62
BRDA:31,0,1,62
BRDA:33,1,0,30
BRDA:33,1,1,11
BRDA:33,2,0,1
BRDA:33,2,1,10
BRDA:53,3,0,41
BRDA:53,3,1,0
BRDA:57,4,0,49
BRDA:57,4,1,13
BRDA:63,5,0,62
BRDA:63,5,1,62
BRDA:74,6,0,0
BRDA:74,6,1,0
BRDA:81,7,0,41
BRDA:81,7,1,39
BRF:16
BRH:13
end_of_record
TN:
SF:/Users/eveessex/dev/reaction/src/Apps/Collect2/Routes/Collection/Components/CollectionsHubRails/ArtistSeriesRail/index.tsx
FN:15,(anonymous_0)
FN:21,(anonymous_1)
FN:30,(anonymous_2)
FN:53,(anonymous_3)
FN:62,(anonymous_4)
FNF:5
FNH:5
FNDA:3,(anonymous_0)
FNDA:3,(anonymous_1)
FNDA:1,(anonymous_2)
FNDA:33,(anonymous_3)
FNDA:1,(anonymous_4)
DA:15,1
DA:18,3
DA:19,3
DA:21,3
DA:22,3
DA:30,3
DA:31,1
DA:41,3
DA:54,33
DA:62,1
DA:68,1
DA:72,1
DA:80,1
LF:13
LH:13
BRDA:49,0,0,0
BRDA:49,0,1,3
BRF:2
BRH:1
end_of_record
TN:
SF:/Users/eveessex/dev/reaction/src/Apps/Collect2/Routes/Collection/Components/CollectionsHubRails/FeaturedCollectionsRails/index.tsx
FN:27,(anonymous_0)
FN:40,(anonymous_1)
FN:45,(anonymous_2)
FN:50,(anonymous_3)
FN:56,(anonymous_4)
FN:65,(anonymous_5)
FN:99,(anonymous_6)
FN:107,(anonymous_7)
FN:119,(anonymous_8)
FN:123,(anonymous_9)
FNF:10
FNH:10
FNDA:10,(anonymous_0)
FNDA:136,(anonymous_1)
FNDA:1,(anonymous_2)
FNDA:5,(anonymous_3)
FNDA:5,(anonymous_4)
FNDA:1,(anonymous_5)
FNDA:137,(anonymous_6)
FNDA:1,(anonymous_7)
FNDA:274,(anonymous_8)
FNDA:274,(anonymous_9)
DA:27,1
DA:32,10
DA:41,136
DA:45,1
DA:50,1
DA:53,5
DA:54,5
DA:56,5
DA:57,5
DA:65,5
DA:66,1
DA:76,5
DA:99,1
DA:100,137
DA:101,137
DA:102,137
DA:107,137
DA:108,1
DA:119,137
DA:120,274
DA:124,274
DA:143,137
DA:164,1
DA:184,1
DA:194,1
DA:204,1
DA:215,1
DA:219,1
DA:227,1
DA:236,1
LF:30
LH:30
BRDA:36,0,0,0
BRDA:36,0,1,10
BRDA:135,1,0,274
BRDA:135,1,1,274
BRDA:152,2,0,137
BRDA:152,2,1,128
BRF:6
BRH:5
end_of_record
TN:
SF:/Users/eveessex/dev/reaction/src/Apps/Collect2/Routes/Collection/Components/CollectionsHubRails/OtherCollectionsRail/OtherCollectionEntity.tsx
FN:16,(anonymous_0)
FN:23,(anonymous_1)
FNF:2
FNH:2
FNDA:47,(anonymous_0)
FNDA:1,(anonymous_1)
DA:16,2
DA:20,47
DA:21,47
DA:23,47
DA:24,1
DA:35,47
DA:53,2
DA:66,2
DA:79,2
DA:84,2
DA:89,2
LF:11
LH:11
BRDA:38,0,0,47
BRDA:38,0,1,38
BRF:2
BRH:2
end_of_record
TN:
SF:/Users/eveessex/dev/reaction/src/Apps/Collect2/Routes/Collection/Components/CollectionsHubRails/OtherCollectionsRail/index.tsx
FN:15,(anonymous_0)
FN:21,(anonymous_1)
FN:30,(anonymous_2)
FN:53,(anonymous_3)
FN:58,(anonymous_4)
FNF:5
FNH:5
FNDA:3,(anonymous_0)
FNDA:3,(anonymous_1)
FNDA:1,(anonymous_2)
FNDA:44,(anonymous_3)
FNDA:1,(anonymous_4)
DA:15,1
DA:18,3
DA:19,3
DA:21,3
DA:22,3
DA:30,3
DA:31,1
DA:41,3
DA:54,44
DA:58,1
DA:64,1
DA:72,1
LF:12
LH:12
BRDA:49,0,0,0
BRDA:49,0,1,3
BRF:2
BRH:1
end_of_record
TN:
SF:/Users/eveessex/dev/reaction/src/Apps/Collect2/Routes/Collection/Components/Header/DefaultHeader.tsx
FN:20,(anonymous_0)
FN:57,(anonymous_1)
FN:62,(anonymous_2)
FN:94,(anonymous_3)
FN:111,(anonymous_4)
FNF:5
FNH:5
FNDA:7,(anonymous_0)
FNDA:70,(anonymous_1)
FNDA:1,(anonymous_2)
FNDA:10,(anonymous_3)
FNDA:90,(anonymous_4)
DA:17,2
DA:18,2
DA:20,2
DA:26,7
DA:28,7
DA:29,0
DA:32,7
DA:33,7
DA:39,7
DA:40,7
DA:46,7
DA:48,7
DA:58,70
DA:63,1
DA:94,2
DA:99,10
DA:100,10
DA:102,10
DA:103,0
DA:110,10
DA:111,12
DA:112,90
DA:114,90
DA:120,10
DA:123,2
DA:149,2
DA:153,2
LF:27
LH:25
BRDA:28,0,0,0
BRDA:28,0,1,7
BRDA:79,1,0,10
BRDA:79,1,1,60
BRDA:102,2,0,0
BRDA:102,2,1,10
BRDA:114,3,0,14
BRDA:114,3,1,76
BRF:8
BRH:6
end_of_record
TN:
SF:/Users/eveessex/dev/reaction/src/Apps/Collect2/Routes/Collection/Components/Header/FeaturedArtists.tsx
FN:11,(anonymous_0)
FN:34,(anonymous_1)
FN:67,(anonymous_2)
FNF:3
FNH:3
FNDA:13,(anonymous_0)
FNDA:1,(anonymous_1)
FNDA:13,(anonymous_2)
DA:11,1
DA:12,13
DA:13,13
DA:14,13
DA:15,13
DA:16,13
DA:17,13
DA:19,13
DA:35,1
DA:52,1
DA:65,1
DA:67,1
DA:68,13
DA:71,9
DA:73,1
DA:76,3
DA:78,0
LF:17
LH:16
BRDA:17,0,0,13
BRDA:17,0,1,0
BRDA:25,1,0,8
BRDA:25,1,1,5
BRDA:25,2,0,13
BRDA:25,2,1,12
BRDA:68,3,0,3
BRDA:68,3,1,9
BRDA:68,3,2,1
BRDA:68,3,3,3
BRDA:68,3,4,3
BRDA:68,3,5,0
BRF:12
BRH:10
end_of_record
TN:
SF:/Users/eveessex/dev/reaction/src/Apps/Collect2/Routes/Collection/Components/Header/index.tsx
FN:52,(anonymous_0)
FN:60,(anonymous_1)
FN:70,(anonymous_2)
FN:90,(anonymous_3)
FN:91,(anonymous_4)
FN:115,(anonymous_5)
FN:116,(anonymous_6)
FN:168,(anonymous_7)
FN:180,(anonymous_8)
FN:300,(anonymous_9)
FN:301,(anonymous_10)
FNF:11
FNH:9
FNDA:0,(anonymous_0)
FNDA:16,(anonymous_1)
FNDA:32,(anonymous_2)
FNDA:16,(anonymous_3)
FNDA:43,(anonymous_4)
FNDA:0,(anonymous_5)
FNDA:37,(anonymous_6)
FNDA:14,(anonymous_7)
FNDA:14,(anonymous_8)
FNDA:13,(anonymous_9)
FNDA:13,(anonymous_10)
DA:52,1
DA:53,0
DA:60,1
DA:69,16
DA:70,10
DA:71,32
DA:74,10
DA:77,6
DA:78,6
DA:90,1
DA:91,16
DA:92,43
DA:93,43
DA:115,0
DA:117,37
DA:139,1
DA:147,1
DA:155,1
DA:160,1
DA:168,1
DA:169,14
DA:171,14
DA:174,14
DA:178,14
DA:181,14
DA:182,14
DA:183,14
DA:184,14
DA:187,14
DA:188,14
DA:189,14
DA:190,14
DA:198,14
DA:206,14
DA:294,1
DA:300,13
DA:301,13
DA:310,1
DA:324,1
DA:329,1
DA:335,1
DA:347,1
DA:360,1
LF:43
LH:41
BRDA:69,0,0,10
BRDA:69,0,1,6
BRDA:77,1,0,6
BRDA:77,1,1,0
BRDA:92,2,0,43
BRDA:92,2,1,12
BRDA:99,3,0,12
BRDA:99,3,1,31
BRDA:127,4,0,0
BRDA:127,4,1,37
BRDA:171,5,0,14
BRDA:171,5,1,13
BRDA:174,6,0,14
BRDA:174,6,1,3
BRDA:181,7,0,2
BRDA:181,7,1,12
BRDA:181,8,0,7
BRDA:181,8,1,5
BRDA:181,9,0,1
BRDA:181,9,1,4
BRDA:181,10,0,4
BRDA:181,10,1,0
BRDA:183,11,0,14
BRDA:183,11,1,12
BRDA:184,12,0,9
BRDA:184,12,1,5
BRDA:189,13,0,2
BRDA:189,13,1,12
BRDA:198,14,0,14
BRDA:198,14,1,13
BRDA:200,15,0,2
BRDA:200,15,1,11
BRDA:201,16,0,2
BRDA:201,16,1,11
BRDA:210,17,0,13
BRDA:210,17,1,1
BRDA:223,18,0,13
BRDA:223,18,1,0
BRDA:260,19,0,9
BRDA:260,19,1,5
BRDA:263,20,0,9
BRDA:263,20,1,7
BRDA:268,21,0,14
BRDA:268,21,1,3
BRDA:273,22,0,14
BRDA:273,22,1,14
BRDA:273,22,2,12
BRF:47
BRH:43
end_of_record
TN:
SF:/Users/eveessex/dev/reaction/src/Apps/Collect2/Routes/Collection/Components/Header/__tests__/fixtures/artworks.ts
FNF:0
FNH:0
DA:1,2
DA:48,2
LF:2
LH:2
BRF:0
BRH:0
end_of_record
TN:
SF:/Users/eveessex/dev/reaction/src/Apps/Collect2/Routes/Collections/index.tsx
FN:25,(anonymous_0)
FN:59,(anonymous_1)
FN:60,(anonymous_2)
FN:74,(anonymous_3)
FN:95,(anonymous_4)
FNF:5
FNH:4
FNDA:1,(anonymous_0)
FNDA:4,(anonymous_1)
FNDA:4,(anonymous_2)
FNDA:4,(anonymous_3)
FNDA:0,(anonymous_4)
DA:19,1
DA:22,1
DA:26,1
DA:28,1
DA:59,4
DA:61,4
DA:74,1
DA:75,4
DA:76,4
DA:77,4
DA:78,4
DA:79,4
DA:83,4
DA:95,0
DA:105,1
LF:15
LH:14
BRDA:57,0,0,1
BRDA:57,0,1,1
BRDA:79,1,0,0
BRDA:79,1,1,4
BRDA:79,2,0,4
BRDA:79,2,1,4
BRDA:90,3,0,4
BRDA:90,3,1,4
BRDA:90,4,0,4
BRDA:90,4,1,4
BRF:10
BRH:9
end_of_record
TN:
SF:/Users/eveessex/dev/reaction/src/Apps/Collect2/Routes/Collections/Components/CollectionsGrid.tsx
FN:30,(anonymous_0)
FN:43,(anonymous_1)
FN:44,(anonymous_2)
FN:66,(anonymous_3)
FN:78,(anonymous_4)
FNF:5
FNH:4
FNDA:7,(anonymous_0)
FNDA:39,(anonymous_1)
FNDA:28,(anonymous_2)
FNDA:0,(anonymous_3)
FNDA:3,(anonymous_4)
DA:31,7
DA:32,7
DA:34,7
DA:43,39
DA:46,28
DA:52,28
DA:67,0
DA:68,0
DA:79,3
DA:89,2
LF:10
LH:8
BRDA:36,0,0,7
BRDA:36,0,1,6
BRDA:46,1,0,28
BRDA:46,1,1,28
BRDA:58,2,0,28
BRDA:58,2,1,6
BRDA:59,3,0,28
BRDA:59,3,1,14
BRDA:64,4,0,28
BRDA:64,4,1,0
BRDA:76,5,0,7
BRDA:76,5,1,3
BRDA:79,6,0,3
BRDA:79,6,1,3
BRF:14
BRH:13
end_of_record
TN:
SF:/Users/eveessex/dev/reaction/src/Apps/Components/AppContainer.tsx
FNF:0
FNH:0
DA:4,5
LF:1
LH:1
BRF:0
BRH:0
end_of_record
TN:
SF:/Users/eveessex/dev/reaction/src/Apps/Components/HorizontalPadding.tsx
FN:10,(anonymous_0)
FN:15,(anonymous_1)
FNF:2
FNH:2
FNDA:1207,(anonymous_0)
FNDA:1207,(anonymous_1)
DA:9,63
DA:11,1207
DA:16,1207
DA:25,63
LF:4
LH:4
BRDA:12,0,0,1207
BRDA:12,0,1,619
BRDA:12,0,2,588
BRDA:13,1,0,1207
BRDA:13,1,1,619
BRDA:13,1,2,588
BRDA:16,2,0,1207
BRDA:16,2,1,1207
BRF:8
BRH:8
end_of_record
TN:
SF:/Users/eveessex/dev/reaction/src/Apps/Order/Dialogs.tsx
FN:19,(anonymous_0)
FN:22,(anonymous_1)
FN:28,(anonymous_2)
FN:39,(anonymous_3)
FN:51,(anonymous_4)
FN:54,(anonymous_5)
FN:59,(anonymous_6)
FN:70,(anonymous_7)
FN:71,(anonymous_8)
FN:75,(anonymous_9)
FN:104,(anonymous_10)
FN:120,(anonymous_11)
FN:121,(anonymous_12)
FN:126,(anonymous_13)
FN:148,(anonymous_14)
FN:166,injectDialog
FN:169,(anonymous_16)
FN:171,(anonymous_17)
FN:178,(anonymous_18)
FN:180,(anonymous_19)
FNF:20
FNH:15
FNDA:0,(anonymous_0)
FNDA:0,(anonymous_1)
FNDA:44,(anonymous_2)
FNDA:51,(anonymous_3)
FNDA:0,(anonymous_4)
FNDA:51,(anonymous_5)
FNDA:2,(anonymous_6)
FNDA:2,(anonymous_7)
FNDA:2,(anonymous_8)
FNDA:0,(anonymous_9)
FNDA:49,(anonymous_10)
FNDA:49,(anonymous_11)
FNDA:42,(anonymous_12)
FNDA:0,(anonymous_13)
FNDA:370,(anonymous_14)
FNDA:19,injectDialog
FNDA:275,(anonymous_16)
FNDA:370,(anonymous_17)
FNDA:198,(anonymous_18)
FNDA:293,(anonymous_19)
DA:12,194
DA:19,0
DA:22,0
DA:28,194
DA:29,44
DA:39,194
DA:46,51
DA:48,0
DA:49,0
DA:51,0
DA:54,51
DA:55,51
DA:59,194
DA:70,2
DA:71,2
DA:72,2
DA:73,2
DA:75,2
DA:76,0
DA:77,0
DA:80,2
DA:104,194
DA:120,49
DA:121,49
DA:122,42
DA:123,42
DA:126,49
DA:127,0
DA:128,0
DA:131,49
DA:148,14
DA:153,370
DA:169,19
DA:170,275
DA:172,370
DA:178,14
DA:179,198
DA:180,293
LF:38
LH:29
BRDA:46,0,0,0
BRDA:46,0,1,51
BRDA:62,1,0,0
BRDA:63,2,0,0
BRDA:104,3,0,22
BRDA:105,4,0,22
BRDA:106,5,0,49
BRDA:107,6,0,24
BRDA:113,7,0,41
BRF:9
BRH:6
end_of_record
TN:
SF:/Users/eveessex/dev/reaction/src/Apps/Order/OrderApp.tsx
FN:25,(anonymous_0)
FN:27,(anonymous_1)
FN:53,(anonymous_2)
FN:62,(anonymous_3)
FN:78,(anonymous_4)
FN:87,(anonymous_5)
FN:93,(anonymous_6)
FN:104,(anonymous_7)
FN:113,(anonymous_8)
FN:119,(anonymous_9)
FNF:10
FNH:5
FNDA:0,(anonymous_0)
FNDA:0,(anonymous_1)
FNDA:5,(anonymous_2)
FNDA:5,(anonymous_3)
FNDA:0,(anonymous_4)
FNDA:0,(anonymous_5)
FNDA:0,(anonymous_6)
FNDA:10,(anonymous_7)
FNDA:8,(anonymous_8)
FNDA:8,(anonymous_9)
DA:25,1
DA:26,0
DA:27,0
DA:28,0
DA:30,0
DA:49,5
DA:50,5
DA:54,5
DA:55,5
DA:60,5
DA:62,5
DA:65,5
DA:66,1
DA:67,1
DA:73,5
DA:74,5
DA:78,0
DA:80,0
DA:88,0
DA:89,0
DA:93,5
DA:94,0
DA:95,0
DA:97,0
DA:98,0
DA:101,0
DA:105,10
DA:108,10
DA:109,2
DA:111,8
DA:113,8
DA:117,8
DA:120,8
DA:121,8
DA:152,1
DA:158,1
LF:36
LH:23
BRDA:54,0,0,5
BRDA:54,0,1,0
BRDA:65,1,0,1
BRDA:65,1,1,4
BRDA:65,2,0,5
BRDA:65,2,1,4
BRDA:65,2,2,1
BRDA:73,3,0,5
BRDA:73,3,1,0
BRDA:88,4,0,0
BRDA:88,4,1,0
BRDA:97,5,0,0
BRDA:97,5,1,0
BRDA:108,6,0,2
BRDA:108,6,1,8
BRDA:124,7,0,2
BRDA:124,7,1,6
BRF:17
BRH:11
end_of_record
TN:
SF:/Users/eveessex/dev/reaction/src/Apps/Order/getRedirect.ts
FN:14,(anonymous_0)
FN:16,getRedirect
FN:33,(anonymous_2)
FN:34,(anonymous_3)
FNF:4
FNH:4
FNDA:71,(anonymous_0)
FNDA:71,getRedirect
FNDA:267,(anonymous_2)
FNDA:10,(anonymous_3)
DA:14,71
DA:21,71
DA:23,71
DA:24,111
DA:25,111
DA:26,27
DA:30,44
DA:32,32
DA:33,267
DA:34,10
DA:36,32
DA:37,31
DA:45,13
LF:13
LH:13
BRDA:25,0,0,27
BRDA:25,0,1,84
BRDA:30,1,0,32
BRDA:30,1,1,12
BRDA:30,2,0,44
BRDA:30,2,1,34
BRDA:36,3,0,31
BRDA:36,3,1,1
BRF:8
BRH:8
end_of_record
TN:
SF:/Users/eveessex/dev/reaction/src/Apps/Order/redirects.tsx
FN:19,(anonymous_0)
FN:42,(anonymous_1)
FN:45,(anonymous_2)
FN:54,(anonymous_3)
FN:56,(anonymous_4)
FN:66,(anonymous_5)
FN:70,(anonymous_6)
FN:79,(anonymous_7)
FN:88,(anonymous_8)
FN:97,(anonymous_9)
FN:107,(anonymous_10)
FN:112,(anonymous_11)
FN:117,(anonymous_12)
FN:122,(anonymous_13)
FN:126,(anonymous_14)
FN:135,(anonymous_15)
FN:152,(anonymous_16)
FNF:17
FNH:16
FNDA:0,(anonymous_0)
FNDA:5,(anonymous_1)
FNDA:39,(anonymous_2)
FNDA:28,(anonymous_3)
FNDA:2,(anonymous_4)
FNDA:11,(anonymous_5)
FNDA:7,(anonymous_6)
FNDA:4,(anonymous_7)
FNDA:2,(anonymous_8)
FNDA:2,(anonymous_9)
FNDA:12,(anonymous_10)
FNDA:6,(anonymous_11)
FNDA:8,(anonymous_12)
FNDA:2,(anonymous_13)
FNDA:3,(anonymous_14)
FNDA:2,(anonymous_15)
FNDA:2,(anonymous_16)
DA:11,1
DA:19,1
DA:25,0
DA:27,0
DA:31,0
DA:32,0
DA:33,0
DA:34,0
DA:35,0
DA:39,0
DA:42,1
DA:45,5
DA:46,39
DA:47,10
DA:54,1
DA:55,28
DA:56,2
DA:58,2
DA:65,1
DA:66,11
DA:70,1
DA:71,7
DA:72,2
DA:79,1
DA:80,4
DA:81,1
DA:88,1
DA:89,2
DA:90,1
DA:97,1
DA:98,2
DA:99,0
DA:106,1
DA:107,12
DA:111,1
DA:112,6
DA:116,1
DA:117,8
DA:121,1
DA:122,2
DA:126,1
DA:127,3
DA:128,1
DA:135,1
DA:138,2
DA:144,1
DA:146,1
DA:152,1
DA:153,2
DA:154,1
DA:161,1
DA:244,1
LF:52
LH:43
BRDA:25,0,0,0
BRDA:25,0,1,0
BRDA:25,1,0,0
BRDA:25,1,1,0
BRDA:32,2,0,0
BRDA:32,2,1,0
BRDA:34,3,0,0
BRDA:34,3,1,0
BRDA:34,4,0,0
BRDA:34,4,1,0
BRDA:46,5,0,10
BRDA:46,5,1,29
BRDA:55,6,0,2
BRDA:55,6,1,26
BRDA:59,7,0,1
BRDA:59,7,1,1
BRDA:71,8,0,2
BRDA:71,8,1,5
BRDA:80,9,0,1
BRDA:80,9,1,3
BRDA:89,10,0,1
BRDA:89,10,1,1
BRDA:98,11,0,0
BRDA:98,11,1,2
BRDA:98,12,0,2
BRDA:98,12,1,0
BRDA:127,13,0,1
BRDA:127,13,1,2
BRDA:138,14,0,1
BRDA:138,14,1,1
BRDA:139,15,0,2
BRDA:139,15,1,2
BRDA:139,15,2,2
BRDA:153,16,0,1
BRDA:153,16,1,1
BRF:35
BRH:23
end_of_record
TN:
SF:/Users/eveessex/dev/reaction/src/Apps/Order/routes.tsx
FN:52,(anonymous_0)
FN:235,(anonymous_1)
FNF:2
FNH:1
FNDA:28,(anonymous_0)
FNDA:0,(anonymous_1)
DA:35,1
DA:53,28
DA:54,28
DA:56,28
DA:57,28
DA:62,28
DA:63,19
DA:64,0
DA:70,19
DA:74,9
DA:236,0
LF:11
LH:9
BRDA:53,0,0,28
BRDA:53,0,1,0
BRDA:53,1,0,28
BRDA:53,1,1,28
BRDA:56,2,0,28
BRDA:56,2,1,0
BRDA:62,3,0,19
BRDA:62,3,1,9
BRDA:63,4,0,0
BRDA:63,4,1,19
BRF:10
BRH:7
end_of_record
TN:
SF:/Users/eveessex/dev/reaction/src/Apps/Order/Components/AddressForm.tsx
FN:61,(anonymous_0)
FN:61,(anonymous_1)
FN:67,(anonymous_2)
FN:67,(anonymous_3)
FN:71,(anonymous_4)
FN:72,(anonymous_5)
FN:77,(anonymous_6)
FN:87,(anonymous_7)
FN:95,(anonymous_8)
FNF:9
FNH:9
FNDA:3630,(anonymous_0)
FNDA:153,(anonymous_1)
FNDA:558,(anonymous_2)
FNDA:22,(anonymous_3)
FNDA:175,(anonymous_4)
FNDA:175,(anonymous_5)
FNDA:3630,(anonymous_6)
FNDA:282,(anonymous_7)
FNDA:558,(anonymous_8)
DA:25,8
DA:54,64
DA:61,3630
DA:64,153
DA:67,558
DA:68,22
DA:71,64
DA:72,175
DA:73,175
DA:77,64
DA:78,3630
DA:87,64
DA:88,282
DA:89,32
DA:91,250
DA:96,558
DA:97,558
LF:17
LH:17
BRDA:79,0,0,3630
BRDA:79,0,1,3525
BRDA:79,0,2,1388
BRDA:79,0,3,1325
BRDA:79,0,4,3515
BRDA:88,1,0,32
BRDA:88,1,1,250
BRDA:88,2,0,282
BRDA:88,2,1,32
BRDA:96,3,0,558
BRDA:96,3,1,250
BRDA:103,4,0,308
BRDA:103,4,1,250
BRDA:120,5,0,1
BRDA:120,5,1,557
BRDA:127,6,0,558
BRDA:127,6,1,1
BRDA:206,7,0,558
BRDA:206,7,1,308
BRDA:206,7,2,282
BRF:20
BRH:20
end_of_record
TN:
SF:/Users/eveessex/dev/reaction/src/Apps/Order/Components/ArtworkSummaryItem.tsx
FN:21,(anonymous_0)
FN:28,(anonymous_1)
FNF:2
FNH:2
FNDA:149,(anonymous_0)
FNDA:149,(anonymous_1)
DA:21,11
DA:28,149
DA:38,149
DA:40,149
DA:46,149
DA:79,11
LF:6
LH:6
BRDA:65,0,0,149
BRDA:65,0,1,149
BRF:2
BRH:2
end_of_record
TN:
SF:/Users/eveessex/dev/reaction/src/Apps/Order/Components/BankTransferExperiment.tsx
FN:13,BankTransferExperiment
FN:22,(anonymous_1)
FN:29,(anonymous_2)
FN:38,(anonymous_3)
FN:47,(anonymous_4)
FN:57,(anonymous_5)
FNF:6
FNH:6
FNDA:58,BankTransferExperiment
FNDA:1,(anonymous_1)
FNDA:5,(anonymous_2)
FNDA:2,(anonymous_3)
FNDA:1,(anonymous_4)
FNDA:1,(anonymous_5)
DA:14,58
DA:18,58
DA:20,58
DA:22,58
DA:23,1
DA:29,58
DA:30,5
DA:31,5
DA:38,58
DA:39,2
DA:47,58
DA:48,1
DA:49,1
DA:57,58
DA:58,1
DA:59,1
DA:67,58
LF:17
LH:17
BRF:0
BRH:0
end_of_record
TN:
SF:/Users/eveessex/dev/reaction/src/Apps/Order/Components/ConditionsOfSaleDisclaimer.tsx
FN:6,(anonymous_0)
FNF:1
FNH:1
FNDA:175,(anonymous_0)
DA:6,11
DA:7,175
LF:2
LH:2
BRF:0
BRH:0
end_of_record
TN:
SF:/Users/eveessex/dev/reaction/src/Apps/Order/Components/CreditCardDetails.tsx
FN:5,(anonymous_0)
FNF:1
FNH:1
FNDA:109,(anonymous_0)
DA:5,14
DA:18,109
LF:2
LH:2
BRDA:10,0,0,92
BRDA:25,1,0,92
BRDA:25,1,1,17
BRF:3
BRH:3
end_of_record
TN:
SF:/Users/eveessex/dev/reaction/src/Apps/Order/Components/CreditCardInput.tsx
FN:41,(anonymous_0)
FN:47,(anonymous_1)
FN:60,(anonymous_2)
FN:61,(anonymous_3)
FN:66,(anonymous_4)
FNF:5
FNH:2
FNDA:1,(anonymous_0)
FNDA:227,(anonymous_1)
FNDA:0,(anonymous_2)
FNDA:0,(anonymous_3)
FNDA:0,(anonymous_4)
DA:11,7
DA:17,7
DA:36,42
DA:42,1
DA:43,1
DA:48,227
DA:50,227
DA:60,0
DA:62,0
DA:66,0
LF:10
LH:7
BRDA:42,0,0,1
BRDA:42,0,1,0
BRDA:48,1,0,38
BRDA:48,1,1,189
BRDA:53,2,0,0
BRDA:53,2,1,227
BRDA:78,3,0,227
BRDA:78,3,1,3
BRF:8
BRH:6
end_of_record
TN:
SF:/Users/eveessex/dev/reaction/src/Apps/Order/Components/CreditCardSummaryItem.tsx
FN:10,(anonymous_0)
FNF:1
FNH:1
FNDA:76,(anonymous_0)
DA:10,11
DA:16,76
DA:23,11
LF:3
LH:3
BRF:0
BRH:0
end_of_record
TN:
SF:/Users/eveessex/dev/reaction/src/Apps/Order/Components/ItemReview.tsx
FN:23,(anonymous_0)
FN:29,(anonymous_1)
FN:63,(anonymous_2)
FNF:3
FNH:2
FNDA:24,(anonymous_0)
FNDA:24,(anonymous_1)
FNDA:0,(anonymous_2)
DA:12,2
DA:23,2
DA:24,24
DA:29,2
DA:46,24
DA:63,0
DA:80,2
LF:7
LH:6
BRDA:53,0,0,24
BRDA:53,0,1,24
BRDA:55,1,0,24
BRDA:55,1,1,24
BRDA:60,2,0,24
BRDA:60,2,1,0
BRDA:60,2,2,0
BRDA:65,3,0,24
BRDA:65,3,1,24
BRDA:65,3,2,24
BRDA:68,4,0,24
BRDA:68,4,1,0
BRF:12
BRH:9
end_of_record
TN:
SF:/Users/eveessex/dev/reaction/src/Apps/Order/Components/OfferHistoryItem.tsx
FN:15,(anonymous_0)
FN:17,(anonymous_1)
FN:60,(anonymous_2)
FN:82,(anonymous_3)
FNF:4
FNH:4
FNDA:26,(anonymous_0)
FNDA:80,(anonymous_1)
FNDA:54,(anonymous_2)
FNDA:106,(anonymous_3)
DA:15,4
DA:16,26
DA:17,80
DA:20,26
DA:61,54
DA:82,4
DA:83,106
DA:88,4
LF:8
LH:8
BRDA:24,0,0,25
BRDA:24,0,1,1
BRDA:38,1,0,26
BRDA:38,1,1,26
BRDA:42,2,0,25
BRDA:42,2,1,1
BRDA:52,3,0,26
BRDA:52,3,1,18
BRDA:63,4,0,36
BRDA:63,4,1,18
BRF:10
BRH:10
end_of_record
TN:
SF:/Users/eveessex/dev/reaction/src/Apps/Order/Components/OfferInput.tsx
FN:12,(anonymous_0)
FN:24,(anonymous_1)
FNF:2
FNH:2
FNDA:135,(anonymous_0)
FNDA:9,(anonymous_1)
DA:13,135
DA:15,135
DA:25,9
DA:26,9
DA:28,9
DA:29,6
DA:30,6
DA:31,6
DA:32,6
DA:35,9
LF:10
LH:10
BRDA:22,0,0,5
BRDA:22,0,1,130
BRDA:28,1,0,6
BRDA:28,1,1,3
BRDA:35,2,0,9
BRDA:35,2,1,0
BRF:6
BRH:5
end_of_record
TN:
SF:/Users/eveessex/dev/reaction/src/Apps/Order/Components/OfferNote.tsx
FN:9,(anonymous_0)
FN:21,(anonymous_1)
FNF:2
FNH:2
FNDA:134,(anonymous_0)
FNDA:1,(anonymous_1)
DA:9,5
DA:10,134
DA:11,134
DA:22,1
LF:4
LH:4
BRDA:18,0,0,72
BRDA:18,0,1,62
BRF:2
BRH:2
end_of_record
TN:
SF:/Users/eveessex/dev/reaction/src/Apps/Order/Components/OfferSummaryItem.tsx
FN:10,(anonymous_0)
FNF:1
FNH:1
FNDA:12,(anonymous_0)
DA:10,2
DA:16,12
DA:18,12
DA:41,2
LF:4
LH:4
BRDA:26,0,0,12
BRDA:26,0,1,1
BRF:2
BRH:2
end_of_record
TN:
SF:/Users/eveessex/dev/reaction/src/Apps/Order/Components/OrderStepper.tsx
FN:4,typedArray
FN:17,OrderStepper
FN:32,(anonymous_2)
FNF:3
FNH:3
FNDA:33,typedArray
FNDA:588,OrderStepper
FNDA:1587,(anonymous_2)
DA:5,33
DA:8,11
DA:14,11
DA:15,11
DA:24,588
DA:25,588
DA:33,1587
LF:7
LH:7
BRF:0
BRH:0
end_of_record
TN:
SF:/Users/eveessex/dev/reaction/src/Apps/Order/Components/PaymentPicker.tsx
FN:69,(anonymous_0)
FN:79,(anonymous_1)
FN:86,(anonymous_2)
FN:99,(anonymous_3)
FN:114,(anonymous_4)
FN:163,(anonymous_5)
FN:163,(anonymous_6)
FN:187,(anonymous_7)
FN:202,(anonymous_8)
FN:216,(anonymous_9)
FN:221,(anonymous_10)
FN:233,(anonymous_11)
FN:249,(anonymous_12)
FN:288,(anonymous_13)
FN:319,(anonymous_14)
FN:333,(anonymous_15)
[...]
FN:45,(anonymous_0)
FNF:1
FNH:1
FNDA:2,(anonymous_0)
DA:45,2
DA:46,2
DA:54,2
DA:61,2
DA:166,2
LF:5
LH:5
BRF:0
BRH:0
end_of_record
TN:
SF:/Users/eveessex/dev/reaction/src/__generated__/MockRelayRendererFixtures_artist.graphql.ts
FNF:0
FNH:0
DA:13,1
DA:36,1
LF:2
LH:2
BRF:0
BRH:0
end_of_record
TN:
SF:/Users/eveessex/dev/reaction/src/__generated__/MockRelayRendererFixtures_artwork.graphql.ts
FN:20,(anonymous_0)
FNF:1
FNH:1
FNDA:2,(anonymous_0)
DA:20,2
DA:21,2
DA:28,2
DA:88,2
LF:4
LH:4
BRF:0
BRH:0
end_of_record
TN:
SF:/Users/eveessex/dev/reaction/src/__generated__/MockRelayRendererFixtures_artworkMetadata.graphql.ts
FNF:0
FNH:0
DA:13,2
DA:36,2
LF:2
LH:2
BRF:0
BRH:0
end_of_record
TN:
SF:/Users/eveessex/dev/reaction/src/__generated__/NavigationTabs_Test_Query.graphql.ts
FN:38,(anonymous_0)
FNF:1
FNH:1
FNDA:1,(anonymous_0)
DA:38,1
DA:39,1
DA:47,1
DA:54,1
DA:161,1
LF:5
LH:5
BRF:0
BRH:0
end_of_record
TN:
SF:/Users/eveessex/dev/reaction/src/__generated__/NavigationTabs_artist.graphql.ts
FNF:0
FNH:0
DA:19,1
DA:88,1
LF:2
LH:2
BRF:0
BRH:0
end_of_record
TN:
SF:/Users/eveessex/dev/reaction/src/__generated__/NewPaymentRouteSetOrderPaymentMutation.graphql.ts
FN:94,(anonymous_0)
FNF:1
FNH:1
FNDA:1,(anonymous_0)
DA:94,1
DA:95,1
DA:103,1
DA:111,1
DA:149,1
DA:173,1
DA:180,1
DA:248,1
DA:255,1
DA:268,1
DA:275,1
DA:392,1
LF:12
LH:12
BRF:0
BRH:0
end_of_record
TN:
SF:/Users/eveessex/dev/reaction/src/__generated__/NewPaymentTestQuery.graphql.ts
FN:217,(anonymous_0)
FNF:1
FNH:1
FNDA:1,(anonymous_0)
DA:217,1
DA:218,1
DA:225,1
DA:233,1
DA:240,1
DA:247,1
DA:254,1
DA:261,1
DA:268,1
DA:275,1
DA:282,1
DA:289,1
DA:297,1
DA:304,1
DA:311,1
DA:318,1
DA:325,1
DA:332,1
DA:339,1
DA:346,1
DA:353,1
DA:360,1
DA:367,1
DA:374,1
DA:381,1
DA:388,1
DA:861,1
LF:27
LH:27
BRF:0
BRH:0
end_of_record
TN:
SF:/Users/eveessex/dev/reaction/src/__generated__/NewPayment_me.graphql.ts
FNF:0
FNH:0
DA:14,1
DA:35,1
LF:2
LH:2
BRF:0
BRH:0
end_of_record
TN:
SF:/Users/eveessex/dev/reaction/src/__generated__/NewPayment_order.graphql.ts
FN:37,(anonymous_0)
FNF:1
FNH:1
FNDA:1,(anonymous_0)
DA:37,1
DA:38,1
DA:45,1
DA:52,1
DA:59,1
DA:193,1
LF:6
LH:6
BRF:0
BRH:0
end_of_record
TN:
SF:/Users/eveessex/dev/reaction/src/__generated__/OfferHistoryItemTestQuery.graphql.ts
FN:55,(anonymous_0)
FNF:1
FNH:1
FNDA:1,(anonymous_0)
DA:55,1
DA:56,1
DA:64,1
DA:71,1
DA:79,1
DA:86,1
DA:93,1
DA:100,1
DA:261,1
LF:9
LH:9
BRF:0
BRH:0
end_of_record
TN:
SF:/Users/eveessex/dev/reaction/src/__generated__/OfferHistoryItem_order.graphql.ts
FN:32,(anonymous_0)
FNF:1
FNH:1
FNDA:2,(anonymous_0)
DA:32,2
DA:33,2
DA:41,2
DA:48,2
DA:55,2
DA:62,2
DA:69,2
DA:180,2
LF:8
LH:8
BRF:0
BRH:0
end_of_record
TN:
SF:/Users/eveessex/dev/reaction/src/__generated__/OfferMutation.graphql.ts
FN:82,(anonymous_0)
FNF:1
FNH:1
FNDA:1,(anonymous_0)
DA:82,1
DA:83,1
DA:91,1
DA:99,1
DA:137,1
DA:144,1
DA:151,1
DA:158,1
DA:165,1
DA:172,1
DA:179,1
DA:212,1
DA:333,1
LF:13
LH:13
BRF:0
BRH:0
end_of_record
TN:
SF:/Users/eveessex/dev/reaction/src/__generated__/OfferSummaryItem_order.graphql.ts
FN:17,(anonymous_0)
FNF:1
FNH:1
FNDA:1,(anonymous_0)
DA:17,1
DA:18,1
DA:26,1
DA:33,1
DA:83,1
LF:5
LH:5
BRF:0
BRH:0
end_of_record
TN:
SF:/Users/eveessex/dev/reaction/src/__generated__/OfferTestQuery.graphql.ts
FN:130,(anonymous_0)
FNF:1
FNH:1
FNDA:1,(anonymous_0)
DA:130,1
DA:131,1
DA:139,1
DA:146,1
DA:153,1
DA:161,1
DA:168,1
DA:175,1
DA:182,1
DA:189,1
DA:196,1
DA:203,1
DA:210,1
DA:254,1
DA:521,1
LF:15
LH:15
BRF:0
BRH:0
end_of_record
TN:
SF:/Users/eveessex/dev/reaction/src/__generated__/Offer_order.graphql.ts
FN:32,(anonymous_0)
FNF:1
FNH:1
FNDA:1,(anonymous_0)
DA:32,1
DA:33,1
DA:40,1
DA:47,1
DA:164,1
LF:5
LH:5
BRF:0
BRH:0
end_of_record
TN:
SF:/Users/eveessex/dev/reaction/src/__generated__/Pagination_pageCursors.graphql.ts
FN:31,(anonymous_0)
FNF:1
FNH:1
FNDA:3,(anonymous_0)
DA:31,3
DA:32,3
DA:39,3
DA:46,3
DA:57,3
DA:110,3
LF:6
LH:6
BRF:0
BRH:0
end_of_record
TN:
SF:/Users/eveessex/dev/reaction/src/__generated__/PaymentPickerCreateCreditCardMutation.graphql.ts
FN:80,(anonymous_0)
FNF:1
FNH:1
FNDA:1,(anonymous_0)
DA:80,1
DA:81,1
DA:89,1
DA:97,1
DA:135,1
DA:243,1
DA:323,1
LF:7
LH:7
BRF:0
BRH:0
end_of_record
TN:
SF:/Users/eveessex/dev/reaction/src/__generated__/PaymentPickerTestQuery.graphql.ts
FN:100,(anonymous_0)
FNF:1
FNH:1
FNDA:1,(anonymous_0)
DA:100,1
DA:101,1
DA:108,1
DA:116,1
DA:123,1
DA:130,1
DA:137,1
DA:144,1
DA:151,1
DA:158,1
DA:165,1
DA:172,1
DA:179,1
DA:186,1
DA:193,1
DA:483,1
LF:16
LH:16
BRF:0
BRH:0
end_of_record
TN:
SF:/Users/eveessex/dev/reaction/src/__generated__/PaymentPicker_me.graphql.ts
FN:23,(anonymous_0)
FNF:1
FNH:1
FNDA:1,(anonymous_0)
DA:23,1
DA:24,1
DA:31,1
DA:118,1
LF:4
LH:4
BRF:0
BRH:0
end_of_record
TN:
SF:/Users/eveessex/dev/reaction/src/__generated__/PaymentPicker_order.graphql.ts
FN:57,(anonymous_0)
FNF:1
FNH:1
FNDA:1,(anonymous_0)
DA:57,1
DA:58,1
DA:65,1
DA:72,1
DA:79,1
DA:86,1
DA:93,1
DA:100,1
DA:107,1
DA:308,1
LF:10
LH:10
BRF:0
BRH:0
end_of_record
TN:
SF:/Users/eveessex/dev/reaction/src/__generated__/PaymentRouteSetOrderPaymentMutation.graphql.ts
FN:78,(anonymous_0)
FNF:1
FNH:1
FNDA:1,(anonymous_0)
DA:78,1
DA:79,1
DA:87,1
DA:95,1
DA:133,1
DA:207,1
DA:214,1
DA:221,1
DA:332,1
LF:9
LH:9
BRF:0
BRH:0
end_of_record
TN:
SF:/Users/eveessex/dev/reaction/src/__generated__/PaymentTestQuery.graphql.ts
FN:204,(anonymous_0)
FNF:1
FNH:1
FNDA:1,(anonymous_0)
DA:204,1
DA:205,1
DA:212,1
DA:220,1
DA:227,1
DA:234,1
DA:241,1
DA:248,1
DA:255,1
DA:262,1
DA:269,1
DA:276,1
DA:283,1
DA:290,1
DA:297,1
DA:305,1
DA:312,1
DA:319,1
DA:326,1
DA:333,1
DA:340,1
DA:384,1
DA:804,1
LF:23
LH:23
BRF:0
BRH:0
end_of_record
TN:
SF:/Users/eveessex/dev/reaction/src/__generated__/Payment_me.graphql.ts
FNF:0
FNH:0
DA:14,1
DA:35,1
LF:2
LH:2
BRF:0
BRH:0
end_of_record
TN:
SF:/Users/eveessex/dev/reaction/src/__generated__/Payment_order.graphql.ts
FN:28,(anonymous_0)
FNF:1
FNH:1
FNDA:1,(anonymous_0)
DA:28,1
DA:29,1
DA:36,1
DA:43,1
DA:130,1
LF:5
LH:5
BRF:0
BRH:0
end_of_record
TN:
SF:/Users/eveessex/dev/reaction/src/__generated__/PricingContextTestQuery.graphql.ts
FN:54,(anonymous_0)
FNF:1
FNH:1
FNDA:1,(anonymous_0)
DA:54,1
DA:55,1
DA:63,1
DA:70,1
DA:77,1
DA:259,1
LF:6
LH:6
BRF:0
BRH:0
end_of_record
TN:
SF:/Users/eveessex/dev/reaction/src/__generated__/PricingContext_artwork.graphql.ts
FN:36,(anonymous_0)
FNF:1
FNH:1
FNDA:1,(anonymous_0)
DA:36,1
DA:37,1
DA:44,1
DA:51,1
DA:190,1
LF:5
LH:5
BRF:0
BRH:0
end_of_record
TN:
SF:/Users/eveessex/dev/reaction/src/__generated__/RecommendedArtist_artist.graphql.ts
FN:36,(anonymous_0)
FNF:1
FNH:1
FNDA:1,(anonymous_0)
DA:36,1
DA:37,1
DA:44,1
DA:51,1
DA:222,1
LF:5
LH:5
BRF:0
BRH:0
end_of_record
TN:
SF:/Users/eveessex/dev/reaction/src/__generated__/RegisterCreateBidderMutation.graphql.ts
FN:38,(anonymous_0)
FNF:1
FNH:1
FNDA:1,(anonymous_0)
DA:38,1
DA:39,1
DA:47,1
DA:92,1
DA:115,1
LF:5
LH:5
BRF:0
BRH:0
end_of_record
TN:
SF:/Users/eveessex/dev/reaction/src/__generated__/RegisterCreateCreditCardAndUpdatePhoneMutation.graphql.ts
FN:95,(anonymous_0)
FNF:1
FNH:1
FNDA:1,(anonymous_0)
DA:95,1
DA:96,1
DA:110,1
DA:117,1
DA:154,1
DA:162,1
DA:200,1
DA:236,1
DA:318,1
LF:9
LH:9
BRF:0
BRH:0
end_of_record
TN:
SF:/Users/eveessex/dev/reaction/src/__generated__/RegisterValidTestQuery.graphql.ts
FN:47,(anonymous_0)
FNF:1
FNH:1
FNDA:1,(anonymous_0)
DA:47,1
DA:48,1
DA:56,1
DA:63,1
DA:70,1
DA:169,1
LF:6
LH:6
BRF:0
BRH:0
end_of_record
TN:
SF:/Users/eveessex/dev/reaction/src/__generated__/Register_me.graphql.ts
FNF:0
FNH:0
DA:13,1
DA:36,1
LF:2
LH:2
BRF:0
BRH:0
end_of_record
TN:
SF:/Users/eveessex/dev/reaction/src/__generated__/Register_sale.graphql.ts
FNF:0
FNH:0
DA:15,1
DA:52,1
LF:2
LH:2
BRF:0
BRH:0
end_of_record
TN:
SF:/Users/eveessex/dev/reaction/src/__generated__/RejectOfferMutation.graphql.ts
FN:67,(anonymous_0)
FNF:1
FNH:1
FNDA:1,(anonymous_0)
DA:67,1
DA:68,1
DA:76,1
DA:84,1
DA:122,1
DA:129,1
DA:136,1
DA:143,1
DA:156,1
DA:271,1
LF:10
LH:10
BRF:0
BRH:0
end_of_record
TN:
SF:/Users/eveessex/dev/reaction/src/__generated__/RejectTestQuery.graphql.ts
FN:89,(anonymous_0)
FNF:1
FNH:1
FNDA:1,(anonymous_0)
DA:89,1
DA:90,1
DA:98,1
DA:105,1
DA:112,1
DA:119,1
DA:126,1
DA:353,1
LF:8
LH:8
BRF:0
BRH:0
end_of_record
TN:
SF:/Users/eveessex/dev/reaction/src/__generated__/Reject_order.graphql.ts
FN:29,(anonymous_0)
FNF:1
FNH:1
FNDA:1,(anonymous_0)
DA:29,1
DA:30,1
DA:37,1
DA:44,1
DA:147,1
LF:5
LH:5
BRF:0
BRH:0
end_of_record
TN:
SF:/Users/eveessex/dev/reaction/src/__generated__/RespondCounterOfferMutation.graphql.ts
FN:250,(anonymous_0)
FNF:1
FNH:1
FNDA:1,(anonymous_0)
DA:250,1
DA:251,1
DA:259,1
DA:267,1
DA:305,1
DA:312,1
DA:319,1
DA:326,1
DA:333,1
DA:341,1
DA:348,1
DA:355,1
DA:362,1
DA:369,1
DA:376,1
DA:383,1
DA:390,1
DA:397,1
DA:404,1
DA:411,1
DA:418,1
DA:425,1
DA:946,1
LF:23
LH:23
BRF:0
BRH:0
end_of_record
TN:
SF:/Users/eveessex/dev/reaction/src/__generated__/RespondTestQuery.graphql.ts
FN:217,(anonymous_0)
FNF:1
FNH:1
FNDA:1,(anonymous_0)
DA:217,1
DA:218,1
DA:226,1
DA:233,1
DA:240,1
DA:247,1
DA:255,1
DA:262,1
DA:269,1
DA:276,1
DA:283,1
DA:290,1
DA:297,1
DA:304,1
DA:311,1
DA:318,1
DA:325,1
DA:332,1
DA:339,1
DA:346,1
DA:808,1
LF:21
LH:21
BRF:0
BRH:0
end_of_record
TN:
SF:/Users/eveessex/dev/reaction/src/__generated__/Respond_order.graphql.ts
FN:46,(anonymous_0)
FNF:1
FNH:1
FNDA:1,(anonymous_0)
DA:46,1
DA:47,1
DA:54,1
DA:62,1
DA:69,1
DA:76,1
DA:262,1
LF:7
LH:7
BRF:0
BRH:0
end_of_record
TN:
SF:/Users/eveessex/dev/reaction/src/__generated__/ReviewSubmitOfferOrderMutation.graphql.ts
FN:68,(anonymous_0)
FNF:1
FNH:1
FNDA:1,(anonymous_0)
DA:68,1
DA:69,1
DA:77,1
DA:85,1
DA:123,1
DA:147,1
DA:154,1
DA:161,1
DA:168,1
DA:281,1
LF:10
LH:10
BRF:0
BRH:0
end_of_record
TN:
SF:/Users/eveessex/dev/reaction/src/__generated__/ReviewSubmitOrderMutation.graphql.ts
FN:67,(anonymous_0)
FNF:1
FNH:1
FNDA:1,(anonymous_0)
DA:67,1
DA:68,1
DA:76,1
DA:84,1
DA:122,1
DA:146,1
DA:153,1
DA:160,1
DA:167,1
DA:280,1
LF:10
LH:10
BRF:0
BRH:0
end_of_record
TN:
SF:/Users/eveessex/dev/reaction/src/__generated__/ReviewTestQuery.graphql.ts
FN:230,(anonymous_0)
FNF:1
FNH:1
FNDA:1,(anonymous_0)
DA:230,1
DA:231,1
DA:239,1
DA:246,1
DA:254,1
DA:261,1
DA:268,1
DA:277,1
DA:302,1
DA:309,1
DA:316,1
DA:323,1
DA:330,1
DA:337,1
DA:344,1
DA:351,1
DA:358,1
DA:365,1
DA:372,1
DA:379,1
DA:386,1
DA:844,1
LF:22
LH:22
BRF:0
BRH:0
end_of_record
TN:
SF:/Users/eveessex/dev/reaction/src/__generated__/Review_order.graphql.ts
FN:40,(anonymous_0)
FNF:1
FNH:1
FNDA:1,(anonymous_0)
DA:40,1
DA:41,1
DA:48,1
DA:55,1
DA:62,1
DA:211,1
LF:6
LH:6
BRF:0
BRH:0
end_of_record
TN:
SF:/Users/eveessex/dev/reaction/src/__generated__/SearchBarRefetchQuery.graphql.ts
FN:51,(anonymous_0)
FNF:1
FNH:1
FNDA:1,(anonymous_0)
DA:51,1
DA:52,1
DA:66,1
DA:247,1
LF:4
LH:4
BRF:0
BRH:0
end_of_record
TN:
SF:/Users/eveessex/dev/reaction/src/__generated__/SearchBarTestQuery.graphql.ts
FN:51,(anonymous_0)
FNF:1
FNH:1
FNDA:1,(anonymous_0)
DA:51,1
DA:52,1
DA:66,1
DA:247,1
LF:4
LH:4
BRF:0
BRH:0
end_of_record
TN:
SF:/Users/eveessex/dev/reaction/src/__generated__/SearchBar_viewer.graphql.ts
FNF:0
FNH:0
DA:22,1
DA:144,1
LF:2
LH:2
BRF:0
BRH:0
end_of_record
TN:
SF:/Users/eveessex/dev/reaction/src/__generated__/SecurePayment_artwork.graphql.ts
FNF:0
FNH:0
DA:14,1
DA:44,1
LF:2
LH:2
BRF:0
BRH:0
end_of_record
TN:
SF:/Users/eveessex/dev/reaction/src/__generated__/SelectedCareerAchievementsTestQuery.graphql.ts
FN:62,(anonymous_0)
FNF:1
FNH:1
FNDA:1,(anonymous_0)
DA:62,1
DA:63,1
DA:71,1
DA:78,1
DA:357,1
LF:5
LH:5
BRF:0
BRH:0
end_of_record
TN:
SF:/Users/eveessex/dev/reaction/src/__generated__/SelectedCareerAchievements_artist.graphql.ts
FN:39,(anonymous_0)
FNF:1
FNH:1
FNDA:1,(anonymous_0)
DA:39,1
DA:40,1
DA:47,1
DA:290,1
LF:4
LH:4
BRF:0
BRH:0
end_of_record
TN:
SF:/Users/eveessex/dev/reaction/src/__generated__/ShippingAddress_ship.graphql.ts
FNF:0
FNH:0
DA:20,5
DA:85,5
LF:2
LH:2
BRF:0
BRH:0
end_of_record
TN:
SF:/Users/eveessex/dev/reaction/src/__generated__/ShippingOrderAddressUpdateMutation.graphql.ts
FN:104,(anonymous_0)
FNF:1
FNH:1
FNDA:1,(anonymous_0)
DA:104,1
DA:105,1
DA:113,1
DA:121,1
DA:159,1
DA:166,1
DA:173,1
DA:180,1
DA:254,1
DA:261,1
DA:378,1
LF:11
LH:11
BRF:0
BRH:0
end_of_record
TN:
SF:/Users/eveessex/dev/reaction/src/__generated__/ShippingSummaryItem_order.graphql.ts
FN:28,(anonymous_0)
FNF:1
FNH:1
FNDA:5,(anonymous_0)
DA:28,5
DA:29,5
DA:36,5
DA:136,5
LF:4
LH:4
BRF:0
BRH:0
end_of_record
TN:
SF:/Users/eveessex/dev/reaction/src/__generated__/ShippingTestQuery.graphql.ts
FN:143,(anonymous_0)
FNF:1
FNH:1
FNDA:1,(anonymous_0)
DA:143,1
DA:144,1
DA:152,1
DA:159,1
DA:167,1
DA:174,1
DA:181,1
DA:188,1
DA:195,1
DA:202,1
DA:209,1
DA:216,1
DA:223,1
DA:230,1
DA:274,1
DA:610,1
LF:16
LH:16
BRF:0
BRH:0
end_of_record
TN:
SF:/Users/eveessex/dev/reaction/src/__generated__/Shipping_order.graphql.ts
FN:47,(anonymous_0)
FNF:1
FNH:1
FNDA:1,(anonymous_0)
DA:47,1
DA:48,1
DA:55,1
DA:62,1
DA:252,1
LF:5
LH:5
BRF:0
BRH:0
end_of_record
TN:
SF:/Users/eveessex/dev/reaction/src/__generated__/StatusQuery.graphql.ts
FN:202,(anonymous_0)
FNF:1
FNH:1
FNDA:1,(anonymous_0)
DA:202,1
DA:203,1
DA:211,1
DA:218,1
DA:225,1
DA:232,1
DA:239,1
DA:246,1
DA:254,1
DA:261,1
DA:268,1
DA:275,1
DA:282,1
DA:289,1
DA:333,1
DA:777,1
LF:16
LH:16
BRF:0
BRH:0
end_of_record
TN:
SF:/Users/eveessex/dev/reaction/src/__generated__/Status_order.graphql.ts
FN:57,(anonymous_0)
FNF:1
FNH:1
FNDA:1,(anonymous_0)
DA:57,1
DA:58,1
DA:65,1
DA:68,1
DA:75,1
DA:82,1
DA:90,1
DA:343,1
LF:8
LH:8
BRF:0
BRH:0
end_of_record
TN:
SF:/Users/eveessex/dev/reaction/src/__generated__/TransactionDetailsSummaryItemTestQuery.graphql.ts
FN:71,(anonymous_0)
FNF:1
FNH:1
FNDA:1,(anonymous_0)
DA:71,1
DA:72,1
DA:80,1
DA:87,1
DA:94,1
DA:102,1
DA:109,1
DA:116,1
DA:123,1
DA:130,1
DA:180,1
DA:293,1
LF:12
LH:12
BRF:0
BRH:0
end_of_record
TN:
SF:/Users/eveessex/dev/reaction/src/__generated__/TransactionDetailsSummaryItem_order.graphql.ts
FN:49,(anonymous_0)
FNF:1
FNH:1
FNDA:10,(anonymous_0)
DA:49,10
DA:50,10
DA:57,10
DA:65,10
DA:72,10
DA:79,10
DA:86,10
DA:93,10
DA:100,10
DA:150,10
DA:220,10
LF:11
LH:11
BRF:0
BRH:0
end_of_record
TN:
SF:/Users/eveessex/dev/reaction/src/__generated__/VerifiedSeller_artwork.graphql.ts
FN:17,(anonymous_0)
FNF:1
FNH:1
FNDA:1,(anonymous_0)
DA:17,1
DA:18,1
DA:25,1
DA:69,1
LF:4
LH:4
BRF:0
BRH:0
end_of_record
TN:
SF:/Users/eveessex/dev/reaction/src/__generated__/commitMutationTest1Mutation.graphql.ts
FN:45,(anonymous_0)
FNF:1
FNH:1
FNDA:1,(anonymous_0)
DA:45,1
DA:46,1
DA:54,1
DA:62,1
DA:86,1
DA:164,1
LF:6
LH:6
BRF:0
BRH:0
end_of_record
TN:
SF:/Users/eveessex/dev/reaction/src/__generated__/createMockNetworkLayerTestAliasPrecendenceQuery.graphql.ts
FN:30,(anonymous_0)
FNF:1
FNH:1
FNDA:1,(anonymous_0)
DA:30,1
DA:31,1
DA:38,1
DA:78,1
DA:101,1
LF:5
LH:5
BRF:0
BRH:0
end_of_record
TN:
SF:/Users/eveessex/dev/reaction/src/__generated__/createMockNetworkLayerTestAliasQuery.graphql.ts
FN:36,(anonymous_0)
FNF:1
FNH:1
FNDA:1,(anonymous_0)
DA:36,1
DA:37,1
DA:44,1
DA:47,1
DA:102,1
DA:125,1
LF:6
LH:6
BRF:0
BRH:0
end_of_record
TN:
SF:/Users/eveessex/dev/reaction/src/__generated__/createMockNetworkLayerTestMutationResultsMutation.graphql.ts
FN:61,(anonymous_0)
FNF:1
FNH:1
FNDA:1,(anonymous_0)
DA:61,1
DA:62,1
DA:70,1
DA:78,1
DA:85,1
DA:92,1
DA:99,1
DA:137,1
DA:144,1
DA:257,1
LF:10
LH:10
BRF:0
BRH:0
end_of_record
TN:
SF:/Users/eveessex/dev/reaction/src/__generated__/createMockNetworkLayerTestQuery.graphql.ts
FN:27,(anonymous_0)
FNF:1
FNH:1
FNDA:1,(anonymous_0)
DA:27,1
DA:28,1
DA:62,1
DA:85,1
LF:4
LH:4
BRF:0
BRH:0
end_of_record
TN:
SF:/Users/eveessex/dev/reaction/src/__generated__/createTestEnvCreditCardMutation.graphql.ts
FN:54,(anonymous_0)
FNF:1
FNH:1
FNDA:1,(anonymous_0)
DA:54,1
DA:55,1
DA:63,1
DA:71,1
DA:95,1
DA:126,1
DA:206,1
LF:7
LH:7
BRF:0
BRH:0
end_of_record
TN:
SF:/Users/eveessex/dev/reaction/src/__generated__/createTestEnvOrderMutation.graphql.ts
FN:56,(anonymous_0)
FNF:1
FNH:1
FNDA:1,(anonymous_0)
DA:56,1
DA:57,1
DA:65,1
DA:73,1
DA:97,1
DA:104,1
DA:111,1
DA:118,1
DA:229,1
LF:9
LH:9
BRF:0
BRH:0
end_of_record
TN:
SF:/Users/eveessex/dev/reaction/src/__generated__/createTestEnvQuery.graphql.ts
FN:36,(anonymous_0)
FNF:1
FNH:1
FNDA:1,(anonymous_0)
DA:36,1
DA:37,1
DA:45,1
DA:52,1
DA:132,1
LF:5
LH:5
BRF:0
BRH:0
end_of_record
TN:
SF:/Users/eveessex/dev/reaction/src/__generated__/createTestEnv_artwork.graphql.ts
FN:16,(anonymous_0)
FNF:1
FNH:1
FNDA:1,(anonymous_0)
DA:16,1
DA:17,1
DA:24,1
DA:61,1
LF:4
LH:4
BRF:0
BRH:0
end_of_record
TN:
SF:/Users/eveessex/dev/reaction/src/__generated__/routes_CounterQuery.graphql.ts
FN:216,(anonymous_0)
FNF:1
FNH:1
FNDA:1,(anonymous_0)
DA:216,1
DA:217,1
DA:225,1
DA:233,1
DA:240,1
DA:248,1
DA:255,1
DA:262,1
DA:269,1
DA:276,1
DA:283,1
DA:290,1
DA:297,1
DA:304,1
DA:311,1
DA:318,1
DA:325,1
DA:332,1
DA:339,1
DA:346,1
DA:792,1
LF:21
LH:21
BRF:0
BRH:0
end_of_record
TN:
SF:/Users/eveessex/dev/reaction/src/__generated__/routes_NewPaymentQuery.graphql.ts
FN:221,(anonymous_0)
FNF:1
FNH:1
FNDA:1,(anonymous_0)
DA:221,1
DA:222,1
DA:230,1
DA:237,1
DA:245,1
DA:252,1
DA:259,1
DA:266,1
DA:273,1
DA:280,1
DA:287,1
DA:294,1
DA:301,1
DA:309,1
DA:316,1
DA:323,1
DA:330,1
DA:337,1
DA:344,1
DA:351,1
DA:358,1
DA:365,1
DA:372,1
DA:379,1
DA:386,1
DA:393,1
DA:400,1
DA:873,1
LF:28
LH:28
BRF:0
BRH:0
end_of_record
TN:
SF:/Users/eveessex/dev/reaction/src/__generated__/routes_OfferQuery.graphql.ts
FN:134,(anonymous_0)
FNF:1
FNH:1
FNDA:1,(anonymous_0)
DA:134,1
DA:135,1
DA:143,1
DA:151,1
DA:158,1
DA:165,1
DA:173,1
DA:180,1
DA:187,1
DA:194,1
DA:201,1
DA:208,1
DA:215,1
DA:222,1
DA:266,1
DA:533,1
LF:16
LH:16
BRF:0
BRH:0
end_of_record
TN:
SF:/Users/eveessex/dev/reaction/src/__generated__/routes_OrderQuery.graphql.ts
FN:106,(anonymous_0)
FNF:1
FNH:1
FNDA:1,(anonymous_0)
DA:106,1
DA:107,1
DA:115,1
DA:122,1
DA:141,1
DA:149,1
DA:156,1
DA:163,1
DA:170,1
DA:177,1
DA:184,1
DA:196,1
DA:203,1
DA:264,1
DA:277,1
DA:288,1
DA:321,1
DA:389,1
LF:18
LH:18
BRF:0
BRH:0
end_of_record
TN:
SF:/Users/eveessex/dev/reaction/src/__generated__/routes_PaymentQuery.graphql.ts
FN:208,(anonymous_0)
FNF:1
FNH:1
FNDA:1,(anonymous_0)
DA:208,1
DA:209,1
DA:217,1
DA:224,1
DA:232,1
DA:239,1
DA:246,1
DA:253,1
DA:260,1
DA:267,1
DA:274,1
DA:281,1
DA:288,1
DA:295,1
DA:302,1
DA:309,1
DA:317,1
DA:324,1
DA:331,1
DA:338,1
DA:345,1
DA:352,1
DA:396,1
DA:816,1
LF:24
LH:24
BRF:0
BRH:0
end_of_record
TN:
SF:/Users/eveessex/dev/reaction/src/__generated__/routes_RegisterQuery.graphql.ts
FN:70,(anonymous_0)
FNF:1
FNH:1
FNDA:1,(anonymous_0)
DA:70,1
DA:71,1
DA:79,1
DA:87,1
DA:94,1
DA:101,1
DA:108,1
DA:115,1
DA:122,1
DA:129,1
DA:148,1
DA:155,1
DA:267,1
LF:13
LH:13
BRF:0
BRH:0
end_of_record
TN:
SF:/Users/eveessex/dev/reaction/src/__generated__/routes_RespondQuery.graphql.ts
FN:221,(anonymous_0)
FNF:1
FNH:1
FNDA:1,(anonymous_0)
DA:221,1
DA:222,1
DA:230,1
DA:238,1
DA:245,1
DA:252,1
DA:259,1
DA:267,1
DA:274,1
DA:281,1
DA:288,1
DA:295,1
DA:302,1
DA:309,1
DA:316,1
DA:323,1
DA:330,1
DA:337,1
DA:344,1
DA:351,1
DA:358,1
DA:820,1
LF:22
LH:22
BRF:0
BRH:0
end_of_record
TN:
SF:/Users/eveessex/dev/reaction/src/__generated__/routes_ReviewQuery.graphql.ts
FN:234,(anonymous_0)
FNF:1
FNH:1
FNDA:1,(anonymous_0)
DA:234,1
DA:235,1
DA:243,1
DA:251,1
DA:258,1
DA:266,1
DA:273,1
DA:280,1
DA:289,1
DA:314,1
DA:321,1
DA:328,1
DA:335,1
DA:342,1
DA:349,1
DA:356,1
DA:363,1
DA:370,1
DA:377,1
DA:384,1
DA:391,1
DA:398,1
DA:856,1
LF:23
LH:23
BRF:0
BRH:0
end_of_record
TN:
SF:/Users/eveessex/dev/reaction/src/__generated__/routes_ShippingQuery.graphql.ts
FN:147,(anonymous_0)
FNF:1
FNH:1
FNDA:1,(anonymous_0)
DA:147,1
DA:148,1
DA:156,1
DA:164,1
DA:171,1
DA:179,1
DA:186,1
DA:193,1
DA:200,1
DA:207,1
DA:214,1
DA:221,1
DA:228,1
DA:235,1
DA:242,1
DA:286,1
DA:622,1
LF:17
LH:17
BRF:0
BRH:0
end_of_record
TN:
SF:/Users/eveessex/dev/reaction/src/__generated__/routes_StatusQuery.graphql.ts
FN:206,(anonymous_0)
FNF:1
FNH:1
FNDA:1,(anonymous_0)
DA:206,1
DA:207,1
DA:215,1
DA:223,1
DA:230,1
DA:237,1
DA:244,1
DA:251,1
DA:258,1
DA:266,1
DA:273,1
DA:280,1
DA:287,1
DA:294,1
DA:301,1
DA:345,1
DA:789,1
LF:17
LH:17
BRF:0
BRH:0
end_of_record
TN:
SF:/Users/eveessex/dev/reaction/src/__generated__/timeQuery.graphql.ts
FN:29,(anonymous_0)
FNF:1
FNH:1
FNDA:5,(anonymous_0)
DA:29,5
DA:30,5
DA:61,5
DA:84,5
LF:4
LH:4
BRF:0
BRH:0
end_of_record
